#
# There is insufficient memory for the Java Runtime Environment to continue.
# Native memory allocation (malloc) failed to allocate 2885712 bytes. Error detail: Chunk::new
# Possible reasons:
#   The system is out of physical RAM or swap space
#   This process is running with CompressedOops enabled, and the Java Heap may be blocking the growth of the native heap
# Possible solutions:
#   Reduce memory load on the system
#   Increase physical memory or swap space
#   Check if swap backing store is full
#   Decrease Java heap size (-Xmx/-Xms)
#   Decrease number of Java threads
#   Decrease Java thread stack sizes (-Xss)
#   Set larger code cache with -XX:ReservedCodeCacheSize=
#   JVM is running with Unscaled Compressed Oops mode in which the Java heap is
#     placed in the first 4GB address space. The Java Heap base address is the
#     maximum limit for the native heap growth. Please use -XX:HeapBaseMinAddress
#     to set the Java Heap base and to place the Java Heap above 4GB virtual address.
# This output file may be truncated or incomplete.
#
#  Out of Memory Error (arena.cpp:168), pid=12684, tid=17452
#
# JRE version: OpenJDK Runtime Environment Temurin-21.0.10+7 (21.0.10+7) (build 21.0.10+7-LTS)
# Java VM: OpenJDK 64-Bit Server VM Temurin-21.0.10+7 (21.0.10+7-LTS, mixed mode, sharing, tiered, compressed oops, compressed class ptrs, g1 gc, windows-amd64)
# No core dump will be written. Minidumps are not enabled by default on client versions of Windows
#

---------------  S U M M A R Y ------------

Command Line: --add-opens=java.base/java.lang=ALL-UNNAMED --add-opens=java.base/java.lang.invoke=ALL-UNNAMED --add-opens=java.base/java.util=ALL-UNNAMED --add-opens=java.prefs/java.util.prefs=ALL-UNNAMED --add-exports=jdk.compiler/com.sun.tools.javac.api=ALL-UNNAMED --add-exports=jdk.compiler/com.sun.tools.javac.util=ALL-UNNAMED --add-opens=java.base/java.util=ALL-UNNAMED --add-opens=java.prefs/java.util.prefs=ALL-UNNAMED --add-opens=java.base/java.nio.charset=ALL-UNNAMED --add-opens=java.base/java.net=ALL-UNNAMED --add-opens=java.base/java.util.concurrent.atomic=ALL-UNNAMED --add-opens=java.xml/javax.xml.namespace=ALL-UNNAMED -Xmx1536m -Dfile.encoding=UTF-8 -Duser.country=US -Duser.language=en -Duser.variant -javaagent:C:\Users\Admin\.gradle\wrapper\dists\gradle-8.14.3-all\10utluxaxniiv4wxiphsi49nj\gradle-8.14.3\lib\agents\gradle-instrumentation-agent-8.14.3.jar org.gradle.launcher.daemon.bootstrap.GradleDaemon 8.14.3

Host: Intel(R) Core(TM) i5-1035G1 CPU @ 1.00GHz, 8 cores, 7G,  Windows 11 , 64 bit Build 26100 (10.0.26100.7920)
Time: Wed Apr 15 22:27:10 2026 India Standard Time elapsed time: 20.054583 seconds (0d 0h 0m 20s)

---------------  T H R E A D  ---------------

Current thread (0x000001c9f0093ac0):  JavaThread "C2 CompilerThread2" daemon [_thread_in_native, id=17452, stack(0x0000003b83700000,0x0000003b83800000) (1024K)]


Current CompileTask:
C2:20054 9210       4       java.beans.Introspector::addMethod (241 bytes)

Stack: [0x0000003b83700000,0x0000003b83800000]
Native frames: (J=compiled Java code, j=interpreted, Vv=VM code, C=native code)
V  [jvm.dll+0x6d7a39]
V  [jvm.dll+0x8b4b26]
V  [jvm.dll+0x8b70de]
V  [jvm.dll+0x8b77c3]
V  [jvm.dll+0x284346]
V  [jvm.dll+0xc66ed]
V  [jvm.dll+0xc6c31]
V  [jvm.dll+0x3bec3b]
V  [jvm.dll+0x38b162]
V  [jvm.dll+0x38a5aa]
V  [jvm.dll+0x24c560]
V  [jvm.dll+0x24bb40]
V  [jvm.dll+0x1cb34e]
V  [jvm.dll+0x25b85d]
V  [jvm.dll+0x259dea]
V  [jvm.dll+0x3f857e]
V  [jvm.dll+0x85f59d]
V  [jvm.dll+0x6d626d]
C  [ucrtbase.dll+0x37b0]
C  [KERNEL32.DLL+0x2e8d7]
C  [ntdll.dll+0x8c48c]


---------------  P R O C E S S  ---------------

Threads class SMR info:
_java_thread_list=0x000001c9ed1c02f0, length=64, elements={
0x000001c9d0210490, 0x000001c9e6f6a220, 0x000001c9e6f6dc00, 0x000001c9e6f74330,
0x000001c9e6f74d90, 0x000001c9e6f76360, 0x000001c9e6f77bb0, 0x000001c9e6f794b0,
0x000001c9e6f7eb30, 0x000001c9eb1805d0, 0x000001c9eb1ca650, 0x000001c9ec9ad030,
0x000001c9ecbb7880, 0x000001c9ecb7a8f0, 0x000001c9ecbe8f00, 0x000001c9ecaf0f10,
0x000001c9ecad5f80, 0x000001c9ecadea20, 0x000001c9ecb61020, 0x000001c9ecb63780,
0x000001c9ecb63e10, 0x000001c9ecb616b0, 0x000001c9ecb644a0, 0x000001c9ecb61d40,
0x000001c9ecb62a60, 0x000001c9ecb630f0, 0x000001c9ef5db6c0, 0x000001c9ef5d88d0,
0x000001c9ef5d95f0, 0x000001c9ef5d8240, 0x000001c9ef5da310, 0x000001c9ef5d8f60,
0x000001c9ef5da9a0, 0x000001c9ef5db030, 0x000001c9f0b66200, 0x000001c9f0b64e50,
0x000001c9f0b647c0, 0x000001c9f0b66890, 0x000001c9f0b63410, 0x000001c9f0b66f20,
0x000001c9f0b63aa0, 0x000001c9f0b69d10, 0x000001c9f0b68ff0, 0x000001c9f0b675b0,
0x000001c9f0b67c40, 0x000001c9f0b69680, 0x000001c9f0b682d0, 0x000001c9f0b6a3a0,
0x000001c9f0b68960, 0x000001c9ee79ecd0, 0x000001c9ee79d920, 0x000001c9ee79dfb0,
0x000001c9ee79e640, 0x000001c9ee79cc00, 0x000001c9ee79f360, 0x000001c9ee79d290,
0x000001c9ee79f9f0, 0x000001c9ee79c570, 0x000001c9ee7a3500, 0x000001c9ee7a0da0,
0x000001c9ee7a0080, 0x000001c9f00933f0, 0x000001c9ee7a27e0, 0x000001c9f0093ac0
}

Java Threads: ( => current thread )
  0x000001c9d0210490 JavaThread "main"                              [_thread_blocked, id=15864, stack(0x0000003bfe800000,0x0000003bfe900000) (1024K)]
  0x000001c9e6f6a220 JavaThread "Reference Handler"          daemon [_thread_blocked, id=17592, stack(0x0000003bff000000,0x0000003bff100000) (1024K)]
  0x000001c9e6f6dc00 JavaThread "Finalizer"                  daemon [_thread_blocked, id=18488, stack(0x0000003bff100000,0x0000003bff200000) (1024K)]
  0x000001c9e6f74330 JavaThread "Signal Dispatcher"          daemon [_thread_blocked, id=15152, stack(0x0000003bff200000,0x0000003bff300000) (1024K)]
  0x000001c9e6f74d90 JavaThread "Attach Listener"            daemon [_thread_blocked, id=1868, stack(0x0000003bff300000,0x0000003bff400000) (1024K)]
  0x000001c9e6f76360 JavaThread "Service Thread"             daemon [_thread_blocked, id=1544, stack(0x0000003bff400000,0x0000003bff500000) (1024K)]
  0x000001c9e6f77bb0 JavaThread "Monitor Deflation Thread"   daemon [_thread_blocked, id=10616, stack(0x0000003bff500000,0x0000003bff600000) (1024K)]
  0x000001c9e6f794b0 JavaThread "C2 CompilerThread0"         daemon [_thread_in_native, id=12512, stack(0x0000003bff600000,0x0000003bff700000) (1024K)]
  0x000001c9e6f7eb30 JavaThread "C1 CompilerThread0"         daemon [_thread_blocked, id=6372, stack(0x0000003bff700000,0x0000003bff800000) (1024K)]
  0x000001c9eb1805d0 JavaThread "Common-Cleaner"             daemon [_thread_blocked, id=9972, stack(0x0000003bff800000,0x0000003bff900000) (1024K)]
  0x000001c9eb1ca650 JavaThread "Notification Thread"        daemon [_thread_blocked, id=20452, stack(0x0000003bff900000,0x0000003bffa00000) (1024K)]
  0x000001c9ec9ad030 JavaThread "Daemon health stats"               [_thread_blocked, id=10044, stack(0x0000003bfff00000,0x0000003c00000000) (1024K)]
  0x000001c9ecbb7880 JavaThread "Incoming local TCP Connector on port 56958"        [_thread_in_native, id=17284, stack(0x0000003b80300000,0x0000003b80400000) (1024K)]
  0x000001c9ecb7a8f0 JavaThread "Daemon periodic checks"            [_thread_blocked, id=10564, stack(0x0000003b80400000,0x0000003b80500000) (1024K)]
  0x000001c9ecbe8f00 JavaThread "Daemon"                            [_thread_blocked, id=15548, stack(0x0000003b80500000,0x0000003b80600000) (1024K)]
  0x000001c9ecaf0f10 JavaThread "Handler for socket connection from /127.0.0.1:56958 to /127.0.0.1:56959"        [_thread_in_native, id=17956, stack(0x0000003b80600000,0x0000003b80700000) (1024K)]
  0x000001c9ecad5f80 JavaThread "Cancel handler"                    [_thread_blocked, id=3124, stack(0x0000003b80700000,0x0000003b80800000) (1024K)]
  0x000001c9ecadea20 JavaThread "Daemon worker"                     [_thread_in_native, id=1100, stack(0x0000003b80800000,0x0000003b80900000) (1024K)]
  0x000001c9ecb61020 JavaThread "Asynchronous log dispatcher for DefaultDaemonConnection: socket connection from /127.0.0.1:56958 to /127.0.0.1:56959"        [_thread_blocked, id=14896, stack(0x0000003b80900000,0x0000003b80a00000) (1024K)]
  0x000001c9ecb63780 JavaThread "Stdin handler"                     [_thread_blocked, id=20056, stack(0x0000003b80a00000,0x0000003b80b00000) (1024K)]
  0x000001c9ecb63e10 JavaThread "Daemon client event forwarder"        [_thread_blocked, id=13996, stack(0x0000003b80b00000,0x0000003b80c00000) (1024K)]
  0x000001c9ecb616b0 JavaThread "Cache worker for journal cache (C:\Users\Admin\.gradle\caches\journal-1)"        [_thread_blocked, id=10832, stack(0x0000003b80c00000,0x0000003b80d00000) (1024K)]
  0x000001c9ecb644a0 JavaThread "File lock request listener"        [_thread_in_native, id=20388, stack(0x0000003b80d00000,0x0000003b80e00000) (1024K)]
  0x000001c9ecb61d40 JavaThread "Cache worker for file hash cache (C:\Users\Admin\.gradle\caches\8.14.3\fileHashes)"        [_thread_blocked, id=20272, stack(0x0000003b80e00000,0x0000003b80f00000) (1024K)]
  0x000001c9ecb62a60 JavaThread "Cache worker for file hash cache (C:\Users\Admin\OneDrive\Desktop\homizgo-vite\homizgo-vite\android\.gradle\8.14.3\fileHashes)"        [_thread_blocked, id=12788, stack(0x0000003b81100000,0x0000003b81200000) (1024K)]
  0x000001c9ecb630f0 JavaThread "Cache worker for Build Output Cleanup Cache (C:\Users\Admin\OneDrive\Desktop\homizgo-vite\homizgo-vite\android\.gradle\buildOutputCleanup)"        [_thread_blocked, id=3900, stack(0x0000003b81200000,0x0000003b81300000) (1024K)]
  0x000001c9ef5db6c0 JavaThread "File watcher server"        daemon [_thread_in_native, id=12136, stack(0x0000003b81300000,0x0000003b81400000) (1024K)]
  0x000001c9ef5d88d0 JavaThread "File watcher consumer"      daemon [_thread_blocked, id=9960, stack(0x0000003b81400000,0x0000003b81500000) (1024K)]
  0x000001c9ef5d95f0 JavaThread "jar transforms"                    [_thread_blocked, id=15948, stack(0x0000003b81500000,0x0000003b81600000) (1024K)]
  0x000001c9ef5d8240 JavaThread "jar transforms Thread 2"           [_thread_blocked, id=9048, stack(0x0000003b81600000,0x0000003b81700000) (1024K)]
  0x000001c9ef5da310 JavaThread "Cache worker for checksums cache (C:\Users\Admin\OneDrive\Desktop\homizgo-vite\homizgo-vite\android\.gradle\8.14.3\checksums)"        [_thread_blocked, id=16872, stack(0x0000003b81700000,0x0000003b81800000) (1024K)]
  0x000001c9ef5d8f60 JavaThread "Cache worker for file content cache (C:\Users\Admin\.gradle\caches\8.14.3\fileContent)"        [_thread_blocked, id=15784, stack(0x0000003b81800000,0x0000003b81900000) (1024K)]
  0x000001c9ef5da9a0 JavaThread "jar transforms Thread 3"           [_thread_blocked, id=3292, stack(0x0000003b81900000,0x0000003b81a00000) (1024K)]
  0x000001c9ef5db030 JavaThread "jar transforms Thread 4"           [_thread_blocked, id=18272, stack(0x0000003b81a00000,0x0000003b81b00000) (1024K)]
  0x000001c9f0b66200 JavaThread "Cache worker for cache directory md-supplier (C:\Users\Admin\.gradle\caches\8.14.3\md-supplier)"        [_thread_blocked, id=14280, stack(0x0000003b81b00000,0x0000003b81c00000) (1024K)]
  0x000001c9f0b64e50 JavaThread "Cache worker for cache directory md-rule (C:\Users\Admin\.gradle\caches\8.14.3\md-rule)"        [_thread_blocked, id=16336, stack(0x0000003b81c00000,0x0000003b81d00000) (1024K)]
  0x000001c9f0b647c0 JavaThread "jar transforms Thread 5"           [_thread_blocked, id=14452, stack(0x0000003b80f00000,0x0000003b81000000) (1024K)]
  0x000001c9f0b66890 JavaThread "Unconstrained build operations"        [_thread_blocked, id=17324, stack(0x0000003b81e00000,0x0000003b81f00000) (1024K)]
  0x000001c9f0b63410 JavaThread "Unconstrained build operations Thread 2"        [_thread_blocked, id=15000, stack(0x0000003b81f00000,0x0000003b82000000) (1024K)]
  0x000001c9f0b66f20 JavaThread "Unconstrained build operations Thread 3"        [_thread_blocked, id=14128, stack(0x0000003b82000000,0x0000003b82100000) (1024K)]
  0x000001c9f0b63aa0 JavaThread "Unconstrained build operations Thread 4"        [_thread_blocked, id=20012, stack(0x0000003b82100000,0x0000003b82200000) (1024K)]
  0x000001c9f0b69d10 JavaThread "Unconstrained build operations Thread 5"        [_thread_blocked, id=14372, stack(0x0000003b82200000,0x0000003b82300000) (1024K)]
  0x000001c9f0b68ff0 JavaThread "Unconstrained build operations Thread 6"        [_thread_blocked, id=5460, stack(0x0000003b82300000,0x0000003b82400000) (1024K)]
  0x000001c9f0b675b0 JavaThread "Unconstrained build operations Thread 7"        [_thread_blocked, id=388, stack(0x0000003b82400000,0x0000003b82500000) (1024K)]
  0x000001c9f0b67c40 JavaThread "Unconstrained build operations Thread 8"        [_thread_blocked, id=9076, stack(0x0000003b82500000,0x0000003b82600000) (1024K)]
  0x000001c9f0b69680 JavaThread "Unconstrained build operations Thread 9"        [_thread_blocked, id=13628, stack(0x0000003b82600000,0x0000003b82700000) (1024K)]
  0x000001c9f0b682d0 JavaThread "Unconstrained build operations Thread 10"        [_thread_blocked, id=18656, stack(0x0000003b82700000,0x0000003b82800000) (1024K)]
  0x000001c9f0b6a3a0 JavaThread "Unconstrained build operations Thread 11"        [_thread_blocked, id=16680, stack(0x0000003b82800000,0x0000003b82900000) (1024K)]
  0x000001c9f0b68960 JavaThread "Unconstrained build operations Thread 12"        [_thread_blocked, id=20220, stack(0x0000003b82900000,0x0000003b82a00000) (1024K)]
  0x000001c9ee79ecd0 JavaThread "Unconstrained build operations Thread 13"        [_thread_blocked, id=8568, stack(0x0000003b82a00000,0x0000003b82b00000) (1024K)]
  0x000001c9ee79d920 JavaThread "Unconstrained build operations Thread 14"        [_thread_blocked, id=2392, stack(0x0000003b82b00000,0x0000003b82c00000) (1024K)]
  0x000001c9ee79dfb0 JavaThread "Unconstrained build operations Thread 15"        [_thread_blocked, id=11568, stack(0x0000003b82c00000,0x0000003b82d00000) (1024K)]
  0x000001c9ee79e640 JavaThread "Unconstrained build operations Thread 16"        [_thread_blocked, id=15936, stack(0x0000003b82d00000,0x0000003b82e00000) (1024K)]
  0x000001c9ee79cc00 JavaThread "Unconstrained build operations Thread 17"        [_thread_blocked, id=15744, stack(0x0000003b82e00000,0x0000003b82f00000) (1024K)]
  0x000001c9ee79f360 JavaThread "Unconstrained build operations Thread 18"        [_thread_blocked, id=12336, stack(0x0000003b82f00000,0x0000003b83000000) (1024K)]
  0x000001c9ee79d290 JavaThread "Unconstrained build operations Thread 19"        [_thread_blocked, id=14140, stack(0x0000003b83000000,0x0000003b83100000) (1024K)]
  0x000001c9ee79f9f0 JavaThread "Unconstrained build operations Thread 20"        [_thread_blocked, id=14412, stack(0x0000003b83100000,0x0000003b83200000) (1024K)]
  0x000001c9ee79c570 JavaThread "Unconstrained build operations Thread 21"        [_thread_blocked, id=19976, stack(0x0000003b83200000,0x0000003b83300000) (1024K)]
  0x000001c9ee7a3500 JavaThread "jar transforms Thread 6"           [_thread_blocked, id=15732, stack(0x0000003b83300000,0x0000003b83400000) (1024K)]
  0x000001c9ee7a0da0 JavaThread "jar transforms Thread 7"           [_thread_blocked, id=15764, stack(0x0000003b83400000,0x0000003b83500000) (1024K)]
  0x000001c9ee7a0080 JavaThread "jar transforms Thread 8"           [_thread_blocked, id=15156, stack(0x0000003b83500000,0x0000003b83600000) (1024K)]
  0x000001c9f00933f0 JavaThread "C2 CompilerThread1"         daemon [_thread_in_native, id=14208, stack(0x0000003b81d00000,0x0000003b81e00000) (1024K)]
  0x000001c9ee7a27e0 JavaThread "Memory manager"                    [_thread_blocked, id=8836, stack(0x0000003b83600000,0x0000003b83700000) (1024K)]
=>0x000001c9f0093ac0 JavaThread "C2 CompilerThread2"         daemon [_thread_in_native, id=17452, stack(0x0000003b83700000,0x0000003b83800000) (1024K)]
Total: 64

Other Threads:
  0x000001c9e6f463d0 VMThread "VM Thread"                           [id=19292, stack(0x0000003bfef00000,0x0000003bff000000) (1024K)]
  0x000001c9e6f31520 WatcherThread "VM Periodic Task Thread"        [id=11224, stack(0x0000003bfee00000,0x0000003bfef00000) (1024K)]
  0x000001c9cdf69fb0 WorkerThread "GC Thread#0"                     [id=15424, stack(0x0000003bfe900000,0x0000003bfea00000) (1024K)]
  0x000001c9eb3cc880 WorkerThread "GC Thread#1"                     [id=9812, stack(0x0000003bffc00000,0x0000003bffd00000) (1024K)]
  0x000001c9eb396b80 WorkerThread "GC Thread#2"                     [id=14964, stack(0x0000003bffd00000,0x0000003bffe00000) (1024K)]
  0x000001c9ebe17e80 WorkerThread "GC Thread#3"                     [id=11512, stack(0x0000003bffb00000,0x0000003bffc00000) (1024K)]
  0x000001c9eb3bfd10 WorkerThread "GC Thread#4"                     [id=3752, stack(0x0000003bffe00000,0x0000003bfff00000) (1024K)]
  0x000001c9ec8d1d40 WorkerThread "GC Thread#5"                     [id=9860, stack(0x0000003b80000000,0x0000003b80100000) (1024K)]
  0x000001c9eca03bd0 WorkerThread "GC Thread#6"                     [id=10028, stack(0x0000003b80100000,0x0000003b80200000) (1024K)]
  0x000001c9ecbc67b0 WorkerThread "GC Thread#7"                     [id=12224, stack(0x0000003b80200000,0x0000003b80300000) (1024K)]
  0x000001c9cdf6d9f0 ConcurrentGCThread "G1 Main Marker"            [id=12508, stack(0x0000003bfea00000,0x0000003bfeb00000) (1024K)]
  0x000001c9cdf6e410 WorkerThread "G1 Conc#0"                       [id=4672, stack(0x0000003bfeb00000,0x0000003bfec00000) (1024K)]
  0x000001c9eefa4780 WorkerThread "G1 Conc#1"                       [id=16372, stack(0x0000003b81000000,0x0000003b81100000) (1024K)]
  0x000001c9d02ce8a0 ConcurrentGCThread "G1 Refine#0"               [id=4516, stack(0x0000003bfec00000,0x0000003bfed00000) (1024K)]
  0x000001c9e6e048d0 ConcurrentGCThread "G1 Service"                [id=8096, stack(0x0000003bfed00000,0x0000003bfee00000) (1024K)]
Total: 15

Threads with active compile tasks:
C2 CompilerThread0  21185 9251   !   4       java.lang.reflect.Executable::sharedToGenericString (255 bytes)
C2 CompilerThread1  21185 9193       4       java.beans.MethodRef::set (58 bytes)
C2 CompilerThread2  21185 9210       4       java.beans.Introspector::addMethod (241 bytes)
Total: 3

VM state: not at safepoint (normal execution)

VM Mutex/Monitor currently owned by a thread: None

Heap address: 0x00000000a0000000, size: 1536 MB, Compressed Oops mode: 32-bit

CDS archive(s) mapped at: [0x000001c980000000-0x000001c980ba0000-0x000001c980ba0000), size 12189696, SharedBaseAddress: 0x000001c980000000, ArchiveRelocationMode: 1.
Compressed class space mapped at: 0x000001c981000000-0x000001c9c1000000, reserved size: 1073741824
Narrow klass base: 0x000001c980000000, Narrow klass shift: 0, Narrow klass range: 0x100000000

GC Precious Log:
 CardTable entry size: 512
 Card Set container configuration: InlinePtr #cards 5 size 8 Array Of Cards #cards 12 size 40 Howl #buckets 4 coarsen threshold 1843 Howl Bitmap #cards 512 size 80 coarsen threshold 460 Card regions per heap region 1 cards per card region 2048
 CPUs: 8 total, 8 available
 Memory: 7959M
 Large Page Support: Disabled
 NUMA Support: Disabled
 Compressed Oops: Enabled (32-bit)
 Heap Region Size: 1M
 Heap Min Capacity: 8M
 Heap Initial Capacity: 126M
 Heap Max Capacity: 1536M
 Pre-touch: Disabled
 Parallel Workers: 8
 Concurrent Workers: 2
 Concurrent Refinement Workers: 8
 Periodic GC: Disabled

Heap:
 garbage-first heap   total 116736K, used 103745K [0x00000000a0000000, 0x0000000100000000)
  region size 1024K, 37 young (37888K), 4 survivors (4096K)
 Metaspace       used 65419K, committed 67392K, reserved 1114112K
  class space    used 9245K, committed 10240K, reserved 1048576K

Heap Regions: E=young(eden), S=young(survivor), O=old, HS=humongous(starts), HC=humongous(continues), CS=collection set, F=free, TAMS=top-at-mark-start, PB=parsable bottom
|   0|0x00000000a0000000, 0x00000000a0100000, 0x00000000a0100000|100%|HS|  |TAMS 0x00000000a0000000| PB 0x00000000a0000000| Complete 
|   1|0x00000000a0100000, 0x00000000a0200000, 0x00000000a0200000|100%|HC|  |TAMS 0x00000000a0100000| PB 0x00000000a0100000| Complete 
|   2|0x00000000a0200000, 0x00000000a0300000, 0x00000000a0300000|100%|HC|  |TAMS 0x00000000a0200000| PB 0x00000000a0200000| Complete 
|   3|0x00000000a0300000, 0x00000000a0400000, 0x00000000a0400000|100%| O|  |TAMS 0x00000000a0300000| PB 0x00000000a0300000| Untracked 
|   4|0x00000000a0400000, 0x00000000a0500000, 0x00000000a0500000|100%| O|  |TAMS 0x00000000a0400000| PB 0x00000000a0400000| Untracked 
|   5|0x00000000a0500000, 0x00000000a0600000, 0x00000000a0600000|100%| O|  |TAMS 0x00000000a0500000| PB 0x00000000a0500000| Untracked 
|   6|0x00000000a0600000, 0x00000000a0700000, 0x00000000a0700000|100%|HS|  |TAMS 0x00000000a0600000| PB 0x00000000a0600000| Complete 
|   7|0x00000000a0700000, 0x00000000a0800000, 0x00000000a0800000|100%| O|  |TAMS 0x00000000a0700000| PB 0x00000000a0700000| Untracked 
|   8|0x00000000a0800000, 0x00000000a0900000, 0x00000000a0900000|100%| O|  |TAMS 0x00000000a0800000| PB 0x00000000a0800000| Untracked 
|   9|0x00000000a0900000, 0x00000000a0a00000, 0x00000000a0a00000|100%| O|  |TAMS 0x00000000a0900000| PB 0x00000000a0900000| Untracked 
|  10|0x00000000a0a00000, 0x00000000a0b00000, 0x00000000a0b00000|100%| O|  |TAMS 0x00000000a0a00000| PB 0x00000000a0a00000| Untracked 
|  11|0x00000000a0b00000, 0x00000000a0c00000, 0x00000000a0c00000|100%| O|  |TAMS 0x00000000a0b00000| PB 0x00000000a0b00000| Untracked 
|  12|0x00000000a0c00000, 0x00000000a0d00000, 0x00000000a0d00000|100%| O|  |TAMS 0x00000000a0c00000| PB 0x00000000a0c00000| Untracked 
|  13|0x00000000a0d00000, 0x00000000a0e00000, 0x00000000a0e00000|100%| O|  |TAMS 0x00000000a0d00000| PB 0x00000000a0d00000| Untracked 
|  14|0x00000000a0e00000, 0x00000000a0f00000, 0x00000000a0f00000|100%| O|  |TAMS 0x00000000a0e00000| PB 0x00000000a0e00000| Untracked 
|  15|0x00000000a0f00000, 0x00000000a1000000, 0x00000000a1000000|100%| O|  |TAMS 0x00000000a0f00000| PB 0x00000000a0f00000| Untracked 
|  16|0x00000000a1000000, 0x00000000a1100000, 0x00000000a1100000|100%| O|  |TAMS 0x00000000a1000000| PB 0x00000000a1000000| Untracked 
|  17|0x00000000a1100000, 0x00000000a1200000, 0x00000000a1200000|100%| O|  |TAMS 0x00000000a1100000| PB 0x00000000a1100000| Untracked 
|  18|0x00000000a1200000, 0x00000000a1300000, 0x00000000a1300000|100%| O|  |TAMS 0x00000000a1200000| PB 0x00000000a1200000| Untracked 
|  19|0x00000000a1300000, 0x00000000a1400000, 0x00000000a1400000|100%| O|  |TAMS 0x00000000a1300000| PB 0x00000000a1300000| Untracked 
|  20|0x00000000a1400000, 0x00000000a1500000, 0x00000000a1500000|100%| O|  |TAMS 0x00000000a1400000| PB 0x00000000a1400000| Untracked 
|  21|0x00000000a1500000, 0x00000000a1600000, 0x00000000a1600000|100%| O|  |TAMS 0x00000000a1500000| PB 0x00000000a1500000| Untracked 
|  22|0x00000000a1600000, 0x00000000a1700000, 0x00000000a1700000|100%| O|  |TAMS 0x00000000a1600000| PB 0x00000000a1600000| Untracked 
|  23|0x00000000a1700000, 0x00000000a1800000, 0x00000000a1800000|100%| O|  |TAMS 0x00000000a1700000| PB 0x00000000a1700000| Untracked 
|  24|0x00000000a1800000, 0x00000000a1900000, 0x00000000a1900000|100%| O|  |TAMS 0x00000000a1800000| PB 0x00000000a1800000| Untracked 
|  25|0x00000000a1900000, 0x00000000a1a00000, 0x00000000a1a00000|100%|HS|  |TAMS 0x00000000a1900000| PB 0x00000000a1900000| Complete 
|  26|0x00000000a1a00000, 0x00000000a1b00000, 0x00000000a1b00000|100%| O|  |TAMS 0x00000000a1a00000| PB 0x00000000a1a00000| Untracked 
|  27|0x00000000a1b00000, 0x00000000a1c00000, 0x00000000a1c00000|100%| O|  |TAMS 0x00000000a1b00000| PB 0x00000000a1b00000| Untracked 
|  28|0x00000000a1c00000, 0x00000000a1d00000, 0x00000000a1d00000|100%| O|  |TAMS 0x00000000a1c00000| PB 0x00000000a1c00000| Untracked 
|  29|0x00000000a1d00000, 0x00000000a1e00000, 0x00000000a1e00000|100%| O|  |TAMS 0x00000000a1d00000| PB 0x00000000a1d00000| Untracked 
|  30|0x00000000a1e00000, 0x00000000a1f00000, 0x00000000a1f00000|100%| O|  |TAMS 0x00000000a1e00000| PB 0x00000000a1e00000| Untracked 
|  31|0x00000000a1f00000, 0x00000000a2000000, 0x00000000a2000000|100%| O|  |TAMS 0x00000000a1f00000| PB 0x00000000a1f00000| Untracked 
|  32|0x00000000a2000000, 0x00000000a2100000, 0x00000000a2100000|100%| O|  |TAMS 0x00000000a2000000| PB 0x00000000a2000000| Untracked 
|  33|0x00000000a2100000, 0x00000000a2200000, 0x00000000a2200000|100%| O|  |TAMS 0x00000000a2100000| PB 0x00000000a2100000| Untracked 
|  34|0x00000000a2200000, 0x00000000a2300000, 0x00000000a2300000|100%| O|  |TAMS 0x00000000a2200000| PB 0x00000000a2200000| Untracked 
|  35|0x00000000a2300000, 0x00000000a2400000, 0x00000000a2400000|100%| O|  |TAMS 0x00000000a2300000| PB 0x00000000a2300000| Untracked 
|  36|0x00000000a2400000, 0x00000000a2500000, 0x00000000a2500000|100%| O|  |TAMS 0x00000000a2400000| PB 0x00000000a2400000| Untracked 
|  37|0x00000000a2500000, 0x00000000a2600000, 0x00000000a2600000|100%| O|  |TAMS 0x00000000a2500000| PB 0x00000000a2500000| Untracked 
|  38|0x00000000a2600000, 0x00000000a2700000, 0x00000000a2700000|100%| O|  |TAMS 0x00000000a2600000| PB 0x00000000a2600000| Untracked 
|  39|0x00000000a2700000, 0x00000000a2800000, 0x00000000a2800000|100%| O|  |TAMS 0x00000000a2700000| PB 0x00000000a2700000| Untracked 
|  40|0x00000000a2800000, 0x00000000a2900000, 0x00000000a2900000|100%| O|  |TAMS 0x00000000a2800000| PB 0x00000000a2800000| Untracked 
|  41|0x00000000a2900000, 0x00000000a2a00000, 0x00000000a2a00000|100%|HS|  |TAMS 0x00000000a2900000| PB 0x00000000a2900000| Complete 
|  42|0x00000000a2a00000, 0x00000000a2b00000, 0x00000000a2b00000|100%| O|  |TAMS 0x00000000a2a00000| PB 0x00000000a2a00000| Untracked 
|  43|0x00000000a2b00000, 0x00000000a2c00000, 0x00000000a2c00000|100%| O|  |TAMS 0x00000000a2b00000| PB 0x00000000a2b00000| Untracked 
|  44|0x00000000a2c00000, 0x00000000a2d00000, 0x00000000a2d00000|100%| O|  |TAMS 0x00000000a2c00000| PB 0x00000000a2c00000| Untracked 
|  45|0x00000000a2d00000, 0x00000000a2e00000, 0x00000000a2e00000|100%|HS|  |TAMS 0x00000000a2d00000| PB 0x00000000a2d00000| Complete 
|  46|0x00000000a2e00000, 0x00000000a2f00000, 0x00000000a2f00000|100%|HS|  |TAMS 0x00000000a2e00000| PB 0x00000000a2e00000| Complete 
|  47|0x00000000a2f00000, 0x00000000a3000000, 0x00000000a3000000|100%|HS|  |TAMS 0x00000000a2f00000| PB 0x00000000a2f00000| Complete 
|  48|0x00000000a3000000, 0x00000000a3100000, 0x00000000a3100000|100%|HS|  |TAMS 0x00000000a3000000| PB 0x00000000a3000000| Complete 
|  49|0x00000000a3100000, 0x00000000a3200000, 0x00000000a3200000|100%| O|  |TAMS 0x00000000a3100000| PB 0x00000000a3100000| Untracked 
|  50|0x00000000a3200000, 0x00000000a3300000, 0x00000000a3300000|100%| O|  |TAMS 0x00000000a3200000| PB 0x00000000a3200000| Untracked 
|  51|0x00000000a3300000, 0x00000000a3400000, 0x00000000a3400000|100%| O|  |TAMS 0x00000000a3300000| PB 0x00000000a3300000| Untracked 
|  52|0x00000000a3400000, 0x00000000a3500000, 0x00000000a3500000|100%| O|  |TAMS 0x00000000a3400000| PB 0x00000000a3400000| Untracked 
|  53|0x00000000a3500000, 0x00000000a3600000, 0x00000000a3600000|100%| O|  |TAMS 0x00000000a3500000| PB 0x00000000a3500000| Untracked 
|  54|0x00000000a3600000, 0x00000000a3700000, 0x00000000a3700000|100%| O|  |TAMS 0x00000000a3600000| PB 0x00000000a3600000| Untracked 
|  55|0x00000000a3700000, 0x00000000a37ec860, 0x00000000a3800000| 92%| O|  |TAMS 0x00000000a3700000| PB 0x00000000a3700000| Untracked 
|  56|0x00000000a3800000, 0x00000000a3800000, 0x00000000a3900000|  0%| F|  |TAMS 0x00000000a3800000| PB 0x00000000a3800000| Untracked 
|  57|0x00000000a3900000, 0x00000000a3a00000, 0x00000000a3a00000|100%|HS|  |TAMS 0x00000000a3900000| PB 0x00000000a3900000| Complete 
|  58|0x00000000a3a00000, 0x00000000a3b00000, 0x00000000a3b00000|100%| O|  |TAMS 0x00000000a3a00000| PB 0x00000000a3a00000| Untracked 
|  59|0x00000000a3b00000, 0x00000000a3c00000, 0x00000000a3c00000|100%| O|  |TAMS 0x00000000a3b00000| PB 0x00000000a3b00000| Untracked 
|  60|0x00000000a3c00000, 0x00000000a3d00000, 0x00000000a3d00000|100%| O|  |TAMS 0x00000000a3c00000| PB 0x00000000a3c00000| Untracked 
|  61|0x00000000a3d00000, 0x00000000a3d00000, 0x00000000a3e00000|  0%| F|  |TAMS 0x00000000a3d00000| PB 0x00000000a3d00000| Untracked 
|  62|0x00000000a3e00000, 0x00000000a3e00000, 0x00000000a3f00000|  0%| F|  |TAMS 0x00000000a3e00000| PB 0x00000000a3e00000| Untracked 
|  63|0x00000000a3f00000, 0x00000000a3f00000, 0x00000000a4000000|  0%| F|  |TAMS 0x00000000a3f00000| PB 0x00000000a3f00000| Untracked 
|  64|0x00000000a4000000, 0x00000000a4000000, 0x00000000a4100000|  0%| F|  |TAMS 0x00000000a4000000| PB 0x00000000a4000000| Untracked 
|  65|0x00000000a4100000, 0x00000000a4100000, 0x00000000a4200000|  0%| F|  |TAMS 0x00000000a4100000| PB 0x00000000a4100000| Untracked 
|  66|0x00000000a4200000, 0x00000000a4200000, 0x00000000a4300000|  0%| F|  |TAMS 0x00000000a4200000| PB 0x00000000a4200000| Untracked 
|  67|0x00000000a4300000, 0x00000000a4300000, 0x00000000a4400000|  0%| F|  |TAMS 0x00000000a4300000| PB 0x00000000a4300000| Untracked 
|  68|0x00000000a4400000, 0x00000000a4400000, 0x00000000a4500000|  0%| F|  |TAMS 0x00000000a4400000| PB 0x00000000a4400000| Untracked 
|  69|0x00000000a4500000, 0x00000000a4500000, 0x00000000a4600000|  0%| F|  |TAMS 0x00000000a4500000| PB 0x00000000a4500000| Untracked 
|  70|0x00000000a4600000, 0x00000000a467b350, 0x00000000a4700000| 48%| E|  |TAMS 0x00000000a4600000| PB 0x00000000a4600000| Complete 
|  71|0x00000000a4700000, 0x00000000a4800000, 0x00000000a4800000|100%| E|CS|TAMS 0x00000000a4700000| PB 0x00000000a4700000| Complete 
|  72|0x00000000a4800000, 0x00000000a4900000, 0x00000000a4900000|100%| E|CS|TAMS 0x00000000a4800000| PB 0x00000000a4800000| Complete 
|  73|0x00000000a4900000, 0x00000000a4a00000, 0x00000000a4a00000|100%| E|CS|TAMS 0x00000000a4900000| PB 0x00000000a4900000| Complete 
|  74|0x00000000a4a00000, 0x00000000a4b00000, 0x00000000a4b00000|100%| E|CS|TAMS 0x00000000a4a00000| PB 0x00000000a4a00000| Complete 
|  75|0x00000000a4b00000, 0x00000000a4c00000, 0x00000000a4c00000|100%| E|CS|TAMS 0x00000000a4b00000| PB 0x00000000a4b00000| Complete 
|  76|0x00000000a4c00000, 0x00000000a4d00000, 0x00000000a4d00000|100%| E|CS|TAMS 0x00000000a4c00000| PB 0x00000000a4c00000| Complete 
|  77|0x00000000a4d00000, 0x00000000a4d63f00, 0x00000000a4e00000| 39%| S|CS|TAMS 0x00000000a4d00000| PB 0x00000000a4d00000| Complete 
|  78|0x00000000a4e00000, 0x00000000a4f00000, 0x00000000a4f00000|100%| S|CS|TAMS 0x00000000a4e00000| PB 0x00000000a4e00000| Complete 
|  79|0x00000000a4f00000, 0x00000000a5000000, 0x00000000a5000000|100%| S|CS|TAMS 0x00000000a4f00000| PB 0x00000000a4f00000| Complete 
|  80|0x00000000a5000000, 0x00000000a5100000, 0x00000000a5100000|100%| S|CS|TAMS 0x00000000a5000000| PB 0x00000000a5000000| Complete 
|  81|0x00000000a5100000, 0x00000000a5200000, 0x00000000a5200000|100%| E|CS|TAMS 0x00000000a5100000| PB 0x00000000a5100000| Complete 
|  82|0x00000000a5200000, 0x00000000a5300000, 0x00000000a5300000|100%| E|CS|TAMS 0x00000000a5200000| PB 0x00000000a5200000| Complete 
|  83|0x00000000a5300000, 0x00000000a5400000, 0x00000000a5400000|100%| E|CS|TAMS 0x00000000a5300000| PB 0x00000000a5300000| Complete 
|  84|0x00000000a5400000, 0x00000000a5500000, 0x00000000a5500000|100%| E|CS|TAMS 0x00000000a5400000| PB 0x00000000a5400000| Complete 
|  85|0x00000000a5500000, 0x00000000a5600000, 0x00000000a5600000|100%| E|CS|TAMS 0x00000000a5500000| PB 0x00000000a5500000| Complete 
|  86|0x00000000a5600000, 0x00000000a5700000, 0x00000000a5700000|100%| E|CS|TAMS 0x00000000a5600000| PB 0x00000000a5600000| Complete 
|  87|0x00000000a5700000, 0x00000000a5800000, 0x00000000a5800000|100%| E|CS|TAMS 0x00000000a5700000| PB 0x00000000a5700000| Complete 
|  88|0x00000000a5800000, 0x00000000a5900000, 0x00000000a5900000|100%| E|CS|TAMS 0x00000000a5800000| PB 0x00000000a5800000| Complete 
|  89|0x00000000a5900000, 0x00000000a5a00000, 0x00000000a5a00000|100%| E|CS|TAMS 0x00000000a5900000| PB 0x00000000a5900000| Complete 
|  90|0x00000000a5a00000, 0x00000000a5b00000, 0x00000000a5b00000|100%| E|CS|TAMS 0x00000000a5a00000| PB 0x00000000a5a00000| Complete 
|  91|0x00000000a5b00000, 0x00000000a5c00000, 0x00000000a5c00000|100%| E|CS|TAMS 0x00000000a5b00000| PB 0x00000000a5b00000| Complete 
|  92|0x00000000a5c00000, 0x00000000a5d00000, 0x00000000a5d00000|100%| E|CS|TAMS 0x00000000a5c00000| PB 0x00000000a5c00000| Complete 
|  93|0x00000000a5d00000, 0x00000000a5e00000, 0x00000000a5e00000|100%| E|CS|TAMS 0x00000000a5d00000| PB 0x00000000a5d00000| Complete 
|  94|0x00000000a5e00000, 0x00000000a5f00000, 0x00000000a5f00000|100%| E|CS|TAMS 0x00000000a5e00000| PB 0x00000000a5e00000| Complete 
|  95|0x00000000a5f00000, 0x00000000a6000000, 0x00000000a6000000|100%| E|CS|TAMS 0x00000000a5f00000| PB 0x00000000a5f00000| Complete 
|  96|0x00000000a6000000, 0x00000000a6100000, 0x00000000a6100000|100%| E|CS|TAMS 0x00000000a6000000| PB 0x00000000a6000000| Complete 
|  97|0x00000000a6100000, 0x00000000a6200000, 0x00000000a6200000|100%| E|CS|TAMS 0x00000000a6100000| PB 0x00000000a6100000| Complete 
|  98|0x00000000a6200000, 0x00000000a6300000, 0x00000000a6300000|100%| E|CS|TAMS 0x00000000a6200000| PB 0x00000000a6200000| Complete 
|  99|0x00000000a6300000, 0x00000000a6400000, 0x00000000a6400000|100%| E|CS|TAMS 0x00000000a6300000| PB 0x00000000a6300000| Complete 
| 103|0x00000000a6700000, 0x00000000a6800000, 0x00000000a6800000|100%| E|CS|TAMS 0x00000000a6700000| PB 0x00000000a6700000| Complete 
| 104|0x00000000a6800000, 0x00000000a6900000, 0x00000000a6900000|100%| E|CS|TAMS 0x00000000a6800000| PB 0x00000000a6800000| Complete 
| 105|0x00000000a6900000, 0x00000000a6a00000, 0x00000000a6a00000|100%| E|CS|TAMS 0x00000000a6900000| PB 0x00000000a6900000| Complete 
| 106|0x00000000a6a00000, 0x00000000a6b00000, 0x00000000a6b00000|100%| E|CS|TAMS 0x00000000a6a00000| PB 0x00000000a6a00000| Complete 
| 107|0x00000000a6b00000, 0x00000000a6c00000, 0x00000000a6c00000|100%| E|CS|TAMS 0x00000000a6b00000| PB 0x00000000a6b00000| Complete 
| 108|0x00000000a6c00000, 0x00000000a6d00000, 0x00000000a6d00000|100%| E|CS|TAMS 0x00000000a6c00000| PB 0x00000000a6c00000| Complete 
| 125|0x00000000a7d00000, 0x00000000a7e00000, 0x00000000a7e00000|100%| E|CS|TAMS 0x00000000a7d00000| PB 0x00000000a7d00000| Complete 
|1529|0x00000000ff900000, 0x00000000ffa00000, 0x00000000ffa00000|100%| O|Cm|TAMS 0x00000000ff900000| PB 0x00000000ff900000| Complete 
|1530|0x00000000ffa00000, 0x00000000ffb00000, 0x00000000ffb00000|100%| O|Cm|TAMS 0x00000000ffa00000| PB 0x00000000ffa00000| Complete 
|1531|0x00000000ffb00000, 0x00000000ffc00000, 0x00000000ffc00000|100%| E|CS|TAMS 0x00000000ffb00000| PB 0x00000000ffb00000| Complete 
|1532|0x00000000ffc00000, 0x00000000ffd00000, 0x00000000ffd00000|100%| O|  |TAMS 0x00000000ffc00000| PB 0x00000000ffc00000| Untracked 
|1533|0x00000000ffd00000, 0x00000000ffe00000, 0x00000000ffe00000|100%| O|  |TAMS 0x00000000ffd00000| PB 0x00000000ffd00000| Untracked 
|1534|0x00000000ffe00000, 0x00000000fff00000, 0x00000000fff00000|100%| O|  |TAMS 0x00000000ffe00000| PB 0x00000000ffe00000| Untracked 
|1535|0x00000000fff00000, 0x0000000100000000, 0x0000000100000000|100%| O|  |TAMS 0x00000000fff00000| PB 0x00000000fff00000| Untracked 

Card table byte_map: [0x000001c9e2a40000,0x000001c9e2d40000] _byte_map_base: 0x000001c9e2540000

Marking Bits: (CMBitMap*) 0x000001c9cdf6a370
 Bits: [0x000001c9e2d40000, 0x000001c9e4540000)

Polling page: 0x000001c9cde60000

Metaspace:

Usage:
  Non-class:     54.87 MB used.
      Class:      9.03 MB used.
       Both:     63.90 MB used.

Virtual space:
  Non-class space:       64.00 MB reserved,      55.88 MB ( 87%) committed,  1 nodes.
      Class space:        1.00 GB reserved,      10.00 MB ( <1%) committed,  1 nodes.
             Both:        1.06 GB reserved,      65.88 MB (  6%) committed. 

Chunk freelists:
   Non-Class:  7.87 MB
       Class:  5.84 MB
        Both:  13.72 MB

MaxMetaspaceSize: unlimited
CompressedClassSpaceSize: 1.00 GB
Initial GC threshold: 21.00 MB
Current GC threshold: 107.75 MB
CDS: on
 - commit_granule_bytes: 65536.
 - commit_granule_words: 8192.
 - virtual_space_node_default_size: 8388608.
 - enlarge_chunks_in_place: 1.
 - use_allocation_guard: 0.


Internal statistics:

num_allocs_failed_limit: 9.
num_arena_births: 3492.
num_arena_deaths: 0.
num_vsnodes_births: 2.
num_vsnodes_deaths: 0.
num_space_committed: 1054.
num_space_uncommitted: 0.
num_chunks_returned_to_freelist: 9.
num_chunks_taken_from_freelist: 6630.
num_chunk_merges: 9.
num_chunk_splits: 4261.
num_chunks_enlarged: 2608.
num_inconsistent_stats: 0.

CodeHeap 'non-profiled nmethods': size=120000Kb used=4785Kb max_used=4785Kb free=115214Kb
 bounds [0x000001c9daee0000, 0x000001c9db390000, 0x000001c9e2410000]
CodeHeap 'profiled nmethods': size=120000Kb used=14293Kb max_used=14293Kb free=105706Kb
 bounds [0x000001c9d3410000, 0x000001c9d4210000, 0x000001c9da940000]
CodeHeap 'non-nmethods': size=5760Kb used=2861Kb max_used=2917Kb free=2898Kb
 bounds [0x000001c9da940000, 0x000001c9dac30000, 0x000001c9daee0000]
CodeCache: size=245760Kb, used=21939Kb, max_used=21995Kb, free=223818Kb
 total_blobs=8768, nmethods=7863, adapters=809, full_count=0
Compilation: enabled, stopped_count=0, restarted_count=0

Compilation events (20 events):
Event: 19.869 Thread 0x000001c9e6f7eb30 9275       3       java.util.stream.SpinedBuffer::copyInto (129 bytes)
Event: 19.870 Thread 0x000001c9e6f7eb30 nmethod 9275 0x000001c9d41ee490 code [0x000001c9d41ee6c0, 0x000001c9d41ef118]
Event: 19.870 Thread 0x000001c9e6f7eb30 9274       3       java.util.stream.Nodes$SpinedNodeBuilder::copyInto (30 bytes)
Event: 19.870 Thread 0x000001c9e6f7eb30 nmethod 9274 0x000001c9d3ef9490 code [0x000001c9d3ef9640, 0x000001c9d3ef9790]
Event: 19.870 Thread 0x000001c9e6f7eb30 9276       1       groovy.lang.MetaClassImpl::getTheClass (5 bytes)
Event: 19.870 Thread 0x000001c9e6f7eb30 nmethod 9276 0x000001c9db38b910 code [0x000001c9db38baa0, 0x000001c9db38bb68]
Event: 19.890 Thread 0x000001c9e6f7eb30 9277       1       java.beans.GenericBeanInfo::getEventSetDescriptors (5 bytes)
Event: 19.890 Thread 0x000001c9e6f7eb30 nmethod 9277 0x000001c9db38bc10 code [0x000001c9db38bda0, 0x000001c9db38be68]
Event: 19.890 Thread 0x000001c9e6f7eb30 9278       1       java.beans.GenericBeanInfo::getPropertyDescriptors (5 bytes)
Event: 19.891 Thread 0x000001c9e6f7eb30 nmethod 9278 0x000001c9db38bf10 code [0x000001c9db38c0a0, 0x000001c9db38c168]
Event: 19.892 Thread 0x000001c9e6f7eb30 9279       3       com.sun.beans.introspect.MethodInfo::isThrow (42 bytes)
Event: 19.893 Thread 0x000001c9e6f7eb30 nmethod 9279 0x000001c9d41ef410 code [0x000001c9d41ef5e0, 0x000001c9d41efa30]
Event: 19.894 Thread 0x000001c9e6f7eb30 9281       3       groovy.lang.MetaClassImpl::addElementToList (58 bytes)
Event: 19.894 Thread 0x000001c9e6f7eb30 nmethod 9281 0x000001c9d41efc10 code [0x000001c9d41efe40, 0x000001c9d41f0638]
Event: 19.905 Thread 0x000001c9e6f7eb30 9282       3       java.io.BufferedInputStream::implRead (112 bytes)
Event: 19.906 Thread 0x000001c9e6f7eb30 nmethod 9282 0x000001c9d41f0890 code [0x000001c9d41f0ac0, 0x000001c9d41f1208]
Event: 19.934 Thread 0x000001c9e6f7eb30 9283       3       java.io.WinNTFileSystem::prefixLength (91 bytes)
Event: 19.936 Thread 0x000001c9e6f7eb30 nmethod 9283 0x000001c9d41f1490 code [0x000001c9d41f17a0, 0x000001c9d41f2af0]
Event: 19.936 Thread 0x000001c9e6f7eb30 9284       3       org.gradle.api.internal.initialization.ClassLoaderScopeIdentifier::hashCode (23 bytes)
Event: 19.936 Thread 0x000001c9e6f7eb30 nmethod 9284 0x000001c9d41f3190 code [0x000001c9d41f3380, 0x000001c9d41f3728]

GC Heap History (20 events):
Event: 14.179 GC heap before
{Heap before GC invocations=16 (full 0):
 garbage-first heap   total 81920K, used 73698K [0x00000000a0000000, 0x0000000100000000)
  region size 1024K, 31 young (31744K), 2 survivors (2048K)
 Metaspace       used 50104K, committed 51840K, reserved 1114112K
  class space    used 7226K, committed 8064K, reserved 1048576K
}
Event: 14.183 GC heap after
{Heap after GC invocations=17 (full 0):
 garbage-first heap   total 81920K, used 45692K [0x00000000a0000000, 0x0000000100000000)
  region size 1024K, 3 young (3072K), 3 survivors (3072K)
 Metaspace       used 50104K, committed 51840K, reserved 1114112K
  class space    used 7226K, committed 8064K, reserved 1048576K
}
Event: 14.740 GC heap before
{Heap before GC invocations=17 (full 0):
 garbage-first heap   total 81920K, used 74364K [0x00000000a0000000, 0x0000000100000000)
  region size 1024K, 32 young (32768K), 3 survivors (3072K)
 Metaspace       used 50161K, committed 51904K, reserved 1114112K
  class space    used 7227K, committed 8064K, reserved 1048576K
}
Event: 14.746 GC heap after
{Heap after GC invocations=18 (full 0):
 garbage-first heap   total 81920K, used 45466K [0x00000000a0000000, 0x0000000100000000)
  region size 1024K, 2 young (2048K), 2 survivors (2048K)
 Metaspace       used 50161K, committed 51904K, reserved 1114112K
  class space    used 7227K, committed 8064K, reserved 1048576K
}
Event: 15.023 GC heap before
{Heap before GC invocations=18 (full 0):
 garbage-first heap   total 81920K, used 56730K [0x00000000a0000000, 0x0000000100000000)
  region size 1024K, 15 young (15360K), 2 survivors (2048K)
 Metaspace       used 50278K, committed 52096K, reserved 1114112K
  class space    used 7246K, committed 8128K, reserved 1048576K
}
Event: 15.027 GC heap after
{Heap after GC invocations=19 (full 0):
 garbage-first heap   total 81920K, used 46277K [0x00000000a0000000, 0x0000000100000000)
  region size 1024K, 3 young (3072K), 3 survivors (3072K)
 Metaspace       used 50278K, committed 52096K, reserved 1114112K
  class space    used 7246K, committed 8128K, reserved 1048576K
}
Event: 15.813 GC heap before
{Heap before GC invocations=20 (full 0):
 garbage-first heap   total 83968K, used 81093K [0x00000000a0000000, 0x0000000100000000)
  region size 1024K, 32 young (32768K), 3 survivors (3072K)
 Metaspace       used 51965K, committed 53696K, reserved 1114112K
  class space    used 7474K, committed 8320K, reserved 1048576K
}
Event: 15.820 GC heap after
{Heap after GC invocations=21 (full 0):
 garbage-first heap   total 92160K, used 58198K [0x00000000a0000000, 0x0000000100000000)
  region size 1024K, 4 young (4096K), 4 survivors (4096K)
 Metaspace       used 51965K, committed 53696K, reserved 1114112K
  class space    used 7474K, committed 8320K, reserved 1048576K
}
Event: 16.384 GC heap before
{Heap before GC invocations=21 (full 0):
 garbage-first heap   total 92160K, used 83798K [0x00000000a0000000, 0x0000000100000000)
  region size 1024K, 29 young (29696K), 4 survivors (4096K)
 Metaspace       used 54287K, committed 56128K, reserved 1114112K
  class space    used 7768K, committed 8640K, reserved 1048576K
}
Event: 16.388 GC heap after
{Heap after GC invocations=22 (full 0):
 garbage-first heap   total 93184K, used 60975K [0x00000000a0000000, 0x0000000100000000)
  region size 1024K, 2 young (2048K), 2 survivors (2048K)
 Metaspace       used 54287K, committed 56128K, reserved 1114112K
  class space    used 7768K, committed 8640K, reserved 1048576K
}
Event: 16.787 GC heap before
{Heap before GC invocations=22 (full 0):
 garbage-first heap   total 93184K, used 85551K [0x00000000a0000000, 0x0000000100000000)
  region size 1024K, 26 young (26624K), 2 survivors (2048K)
 Metaspace       used 57037K, committed 58880K, reserved 1114112K
  class space    used 8079K, committed 8960K, reserved 1048576K
}
Event: 16.790 GC heap after
{Heap after GC invocations=23 (full 0):
 garbage-first heap   total 93184K, used 61224K [0x00000000a0000000, 0x0000000100000000)
  region size 1024K, 2 young (2048K), 2 survivors (2048K)
 Metaspace       used 57037K, committed 58880K, reserved 1114112K
  class space    used 8079K, committed 8960K, reserved 1048576K
}
Event: 17.687 GC heap before
{Heap before GC invocations=24 (full 0):
 garbage-first heap   total 102400K, used 86824K [0x00000000a0000000, 0x0000000100000000)
  region size 1024K, 27 young (27648K), 2 survivors (2048K)
 Metaspace       used 60178K, committed 62080K, reserved 1114112K
  class space    used 8549K, committed 9536K, reserved 1048576K
}
Event: 17.700 GC heap after
{Heap after GC invocations=25 (full 0):
 garbage-first heap   total 102400K, used 63578K [0x00000000a0000000, 0x0000000100000000)
  region size 1024K, 4 young (4096K), 4 survivors (4096K)
 Metaspace       used 60178K, committed 62080K, reserved 1114112K
  class space    used 8549K, committed 9536K, reserved 1048576K
}
Event: 18.261 GC heap before
{Heap before GC invocations=25 (full 0):
 garbage-first heap   total 102400K, used 96346K [0x00000000a0000000, 0x0000000100000000)
  region size 1024K, 32 young (32768K), 4 survivors (4096K)
 Metaspace       used 61644K, committed 63616K, reserved 1114112K
  class space    used 8747K, committed 9728K, reserved 1048576K
}
Event: 18.271 GC heap after
{Heap after GC invocations=26 (full 0):
 garbage-first heap   total 106496K, used 67453K [0x00000000a0000000, 0x0000000100000000)
  region size 1024K, 4 young (4096K), 4 survivors (4096K)
 Metaspace       used 61644K, committed 63616K, reserved 1114112K
  class space    used 8747K, committed 9728K, reserved 1048576K
}
Event: 18.981 GC heap before
{Heap before GC invocations=26 (full 0):
 garbage-first heap   total 106496K, used 96125K [0x00000000a0000000, 0x0000000100000000)
  region size 1024K, 32 young (32768K), 4 survivors (4096K)
 Metaspace       used 63824K, committed 65792K, reserved 1114112K
  class space    used 9026K, committed 9984K, reserved 1048576K
}
Event: 18.985 GC heap after
{Heap after GC invocations=27 (full 0):
 garbage-first heap   total 106496K, used 69483K [0x00000000a0000000, 0x0000000100000000)
  region size 1024K, 2 young (2048K), 2 survivors (2048K)
 Metaspace       used 63824K, committed 65792K, reserved 1114112K
  class space    used 9026K, committed 9984K, reserved 1048576K
}
Event: 19.405 GC heap before
{Heap before GC invocations=28 (full 0):
 garbage-first heap   total 116736K, used 97131K [0x00000000a0000000, 0x0000000100000000)
  region size 1024K, 29 young (29696K), 2 survivors (2048K)
 Metaspace       used 64969K, committed 66944K, reserved 1114112K
  class space    used 9181K, committed 10176K, reserved 1048576K
}
Event: 19.409 GC heap after
{Heap after GC invocations=29 (full 0):
 garbage-first heap   total 116736K, used 70977K [0x00000000a0000000, 0x0000000100000000)
  region size 1024K, 4 young (4096K), 4 survivors (4096K)
 Metaspace       used 64969K, committed 66944K, reserved 1114112K
  class space    used 9181K, committed 10176K, reserved 1048576K
}

Dll operation events (14 events):
Event: 0.023 Loaded shared library C:\Users\Admin\.antigravity\extensions\redhat.java-1.54.0-win32-x64\jre\21.0.10-win32-x86_64\bin\java.dll
Event: 0.822 Loaded shared library C:\Users\Admin\.antigravity\extensions\redhat.java-1.54.0-win32-x64\jre\21.0.10-win32-x86_64\bin\zip.dll
Event: 0.859 Loaded shared library C:\Users\Admin\.antigravity\extensions\redhat.java-1.54.0-win32-x64\jre\21.0.10-win32-x86_64\bin\instrument.dll
Event: 0.867 Loaded shared library C:\Users\Admin\.antigravity\extensions\redhat.java-1.54.0-win32-x64\jre\21.0.10-win32-x86_64\bin\net.dll
Event: 0.871 Loaded shared library C:\Users\Admin\.antigravity\extensions\redhat.java-1.54.0-win32-x64\jre\21.0.10-win32-x86_64\bin\nio.dll
Event: 0.876 Loaded shared library C:\Users\Admin\.antigravity\extensions\redhat.java-1.54.0-win32-x64\jre\21.0.10-win32-x86_64\bin\zip.dll
Event: 1.400 Loaded shared library C:\Users\Admin\.antigravity\extensions\redhat.java-1.54.0-win32-x64\jre\21.0.10-win32-x86_64\bin\jimage.dll
Event: 1.690 Loaded shared library C:\Users\Admin\.antigravity\extensions\redhat.java-1.54.0-win32-x64\jre\21.0.10-win32-x86_64\bin\verify.dll
Event: 1.832 Loaded shared library C:\Users\Admin\.gradle\native\1def1411415f61bf3af743bc5b6707747c0891f09f0c88961ee8f79bc544acac\windows-amd64\native-platform.dll
Event: 1.851 Loaded shared library C:\Users\Admin\.gradle\native\0.2.7\x86_64-windows-gnu\gradle-fileevents.dll
Event: 3.268 Loaded shared library C:\Users\Admin\.antigravity\extensions\redhat.java-1.54.0-win32-x64\jre\21.0.10-win32-x86_64\bin\management.dll
Event: 3.271 Loaded shared library C:\Users\Admin\.antigravity\extensions\redhat.java-1.54.0-win32-x64\jre\21.0.10-win32-x86_64\bin\management_ext.dll
Event: 3.423 Loaded shared library C:\Users\Admin\.antigravity\extensions\redhat.java-1.54.0-win32-x64\jre\21.0.10-win32-x86_64\bin\extnet.dll
Event: 3.646 Loaded shared library C:\Users\Admin\.antigravity\extensions\redhat.java-1.54.0-win32-x64\jre\21.0.10-win32-x86_64\bin\sunmscapi.dll

Deoptimization events (20 events):
Event: 19.119 Thread 0x000001c9ecadea20 DEOPT PACKING pc=0x000001c9db354388 sp=0x0000003b808f6070
Event: 19.119 Thread 0x000001c9ecadea20 DEOPT UNPACKING pc=0x000001c9da997ba2 sp=0x0000003b808f6008 mode 2
Event: 19.120 Thread 0x000001c9ecadea20 Uncommon trap: trap_request=0xffffff45 fr.pc=0x000001c9db374a78 relative=0x0000000000001d38
Event: 19.120 Thread 0x000001c9ecadea20 Uncommon trap: reason=unstable_if action=reinterpret pc=0x000001c9db374a78 method=org.objectweb.asm.MethodWriter.putMethodInfo(Lorg/objectweb/asm/ByteVector;)V @ 108 c2
Event: 19.120 Thread 0x000001c9ecadea20 DEOPT PACKING pc=0x000001c9db374a78 sp=0x0000003b808f6020
Event: 19.120 Thread 0x000001c9ecadea20 DEOPT UNPACKING pc=0x000001c9da997ba2 sp=0x0000003b808f5fd8 mode 2
Event: 19.123 Thread 0x000001c9ecadea20 Uncommon trap: trap_request=0xffffffc6 fr.pc=0x000001c9db0599c8 relative=0x00000000000002c8
Event: 19.123 Thread 0x000001c9ecadea20 Uncommon trap: reason=bimorphic_or_optimized_type_check action=maybe_recompile pc=0x000001c9db0599c8 method=com.google.common.cache.LocalCache$Segment.getEntry(Ljava/lang/Object;I)Lcom/google/common/cache/ReferenceEntry; @ 24 c2
Event: 19.123 Thread 0x000001c9ecadea20 DEOPT PACKING pc=0x000001c9db0599c8 sp=0x0000003b808f6280
Event: 19.123 Thread 0x000001c9ecadea20 DEOPT UNPACKING pc=0x000001c9da997ba2 sp=0x0000003b808f6218 mode 2
Event: 19.382 Thread 0x000001c9ecadea20 Uncommon trap: trap_request=0xfffffff4 fr.pc=0x000001c9db01175c relative=0x000000000000053c
Event: 19.382 Thread 0x000001c9ecadea20 Uncommon trap: reason=null_check action=make_not_entrant pc=0x000001c9db01175c method=java.lang.PublicMethods$MethodList.getMostSpecific()Ljava/lang/reflect/Method; @ 41 c2
Event: 19.382 Thread 0x000001c9ecadea20 DEOPT PACKING pc=0x000001c9db01175c sp=0x0000003b808f53f0
Event: 19.382 Thread 0x000001c9ecadea20 DEOPT UNPACKING pc=0x000001c9da997ba2 sp=0x0000003b808f52b0 mode 2
Event: 19.596 Thread 0x000001c9ecadea20 Uncommon trap: trap_request=0xffffff45 fr.pc=0x000001c9db235fec relative=0x000000000000040c
Event: 19.596 Thread 0x000001c9ecadea20 Uncommon trap: reason=unstable_if action=reinterpret pc=0x000001c9db235fec method=org.codehaus.groovy.runtime.metaclass.MetaMethodIndex.isOverridden(Lgroovy/lang/MetaMethod;Lgroovy/lang/MetaMethod;)Z @ 52 c2
Event: 19.597 Thread 0x000001c9ecadea20 DEOPT PACKING pc=0x000001c9db235fec sp=0x0000003b808f5740
Event: 19.597 Thread 0x000001c9ecadea20 DEOPT UNPACKING pc=0x000001c9da997ba2 sp=0x0000003b808f56e0 mode 2
Event: 19.896 Thread 0x000001c9ecadea20 DEOPT PACKING pc=0x000001c9d3835cf8 sp=0x0000003b808f8090
Event: 19.896 Thread 0x000001c9ecadea20 DEOPT UNPACKING pc=0x000001c9da9986e2 sp=0x0000003b808f7578 mode 0

Classes loaded (20 events):
Event: 18.166 Loading class java/lang/foreign/ValueLayout
Event: 18.167 Loading class java/lang/foreign/MemoryLayout
Event: 18.168 Loading class java/lang/foreign/MemoryLayout done
Event: 18.168 Loading class java/lang/foreign/ValueLayout done
Event: 18.680 Loading class java/security/KeyStore
Event: 18.682 Loading class java/security/KeyStore done
Event: 19.009 Loading class javax/xml/stream/XMLStreamException
Event: 19.009 Loading class javax/xml/stream/XMLStreamException done
Event: 19.436 Loading class java/beans/IntrospectionException
Event: 19.436 Loading class java/beans/IntrospectionException done
Event: 19.509 Loading class java/util/AbstractList$ListItr
Event: 19.509 Loading class java/util/AbstractList$ListItr done
Event: 19.873 Loading class java/lang/EnumBeanInfo
Event: 19.873 Loading class java/lang/EnumBeanInfo done
Event: 19.874 Loading class java/lang/EnumBeanInfo
Event: 19.874 Loading class java/lang/EnumBeanInfo done
Event: 19.874 Loading class java/lang/EnumCustomizer
Event: 19.874 Loading class java/lang/EnumCustomizer done
Event: 19.874 Loading class java/lang/EnumCustomizer
Event: 19.874 Loading class java/lang/EnumCustomizer done

Classes unloaded (0 events):
No events

Classes redefined (0 events):
No events

Internal exceptions (20 events):
Event: 19.741 Thread 0x000001c9ecadea20 Exception <a 'java/lang/ClassNotFoundException'{0x00000000a513b5c0}: org/gradle/api/plugins/BasePluginConventionCustomizer> (0x00000000a513b5c0) 
thrown [s\src\hotspot\share\classfile\systemDictionary.cpp, line 312]
Event: 19.744 Thread 0x000001c9ecadea20 Exception <a 'java/lang/ClassNotFoundException'{0x00000000a515c210}: org/gradle/api/internal/plugins/NaggingBasePluginConventionCustomizer> (0x00000000a515c210) 
thrown [s\src\hotspot\share\classfile\systemDictionary.cpp, line 312]
Event: 19.749 Thread 0x000001c9ecadea20 Exception <a 'java/lang/ClassNotFoundException'{0x00000000a51a3608}: org/gradle/api/plugins/internal/NaggingJavaPluginConventionBeanInfo> (0x00000000a51a3608) 
thrown [s\src\hotspot\share\classfile\systemDictionary.cpp, line 312]
Event: 19.750 Thread 0x000001c9ecadea20 Exception <a 'java/lang/ClassNotFoundException'{0x00000000a51b8938}: org/gradle/api/plugins/JavaPluginConventionBeanInfo> (0x00000000a51b8938) 
thrown [s\src\hotspot\share\classfile\systemDictionary.cpp, line 312]
Event: 19.752 Thread 0x000001c9ecadea20 Exception <a 'java/lang/ClassNotFoundException'{0x00000000a51cdc30}: org/gradle/api/plugins/JavaPluginConventionCustomizer> (0x00000000a51cdc30) 
thrown [s\src\hotspot\share\classfile\systemDictionary.cpp, line 312]
Event: 19.754 Thread 0x000001c9ecadea20 Exception <a 'java/lang/ClassNotFoundException'{0x00000000a51f85e0}: org/gradle/api/plugins/internal/NaggingJavaPluginConventionCustomizer> (0x00000000a51f85e0) 
thrown [s\src\hotspot\share\classfile\systemDictionary.cpp, line 312]
Event: 19.761 Thread 0x000001c9ecadea20 Exception <a 'java/lang/ClassNotFoundException'{0x00000000a4b28a80}: org/codehaus/groovy/runtime/GStringImplBeanInfo> (0x00000000a4b28a80) 
thrown [s\src\hotspot\share\classfile\systemDictionary.cpp, line 312]
Event: 19.762 Thread 0x000001c9ecadea20 Exception <a 'java/lang/ClassNotFoundException'{0x00000000a4b3bce8}: org/codehaus/groovy/runtime/GStringImplCustomizer> (0x00000000a4b3bce8) 
thrown [s\src\hotspot\share\classfile\systemDictionary.cpp, line 312]
Event: 19.837 Thread 0x000001c9ecadea20 Exception <a 'java/lang/ClassNotFoundException'{0x00000000a4a700f8}: capacitor_build_2ekfmkhdbjjwtlvsg83jb3scrBeanInfo> (0x00000000a4a700f8) 
thrown [s\src\hotspot\share\classfile\systemDictionary.cpp, line 312]
Event: 19.838 Thread 0x000001c9ecadea20 Exception <a 'java/lang/ClassNotFoundException'{0x00000000a4a792e8}: capacitor_build_2ekfmkhdbjjwtlvsg83jb3scrCustomizer> (0x00000000a4a792e8) 
thrown [s\src\hotspot\share\classfile\systemDictionary.cpp, line 312]
Event: 19.873 Thread 0x000001c9ecadea20 Exception <a 'java/lang/ClassNotFoundException'{0x00000000a490b110}: org/gradle/api/JavaVersionBeanInfo> (0x00000000a490b110) 
thrown [s\src\hotspot\share\classfile\systemDictionary.cpp, line 312]
Event: 19.874 Thread 0x000001c9ecadea20 Exception <a 'java/lang/ClassNotFoundException'{0x00000000a4911d80}: java/lang/EnumBeanInfo> (0x00000000a4911d80) 
thrown [s\src\hotspot\share\classfile\systemDictionary.cpp, line 312]
Event: 19.874 Thread 0x000001c9ecadea20 Exception <a 'java/lang/ClassNotFoundException'{0x00000000a4918a10}: java/lang/EnumCustomizer> (0x00000000a4918a10) 
thrown [s\src\hotspot\share\classfile\systemDictionary.cpp, line 312]
Event: 19.876 Thread 0x000001c9ecadea20 Exception <a 'java/lang/ClassNotFoundException'{0x00000000a49343c0}: org/gradle/api/JavaVersionCustomizer> (0x00000000a49343c0) 
thrown [s\src\hotspot\share\classfile\systemDictionary.cpp, line 312]
Event: 19.888 Thread 0x000001c9ecadea20 Exception <a 'java/lang/ClassNotFoundException'{0x00000000a49c8938}: com/android/build/gradle/internal/CompileOptions$AgpDecorated_DecoratedBeanInfo> (0x00000000a49c8938) 
thrown [s\src\hotspot\share\classfile\systemDictionary.cpp, line 312]
Event: 19.889 Thread 0x000001c9ecadea20 Exception <a 'java/lang/ClassNotFoundException'{0x00000000a49d3af8}: com/android/build/gradle/internal/CompileOptions$AgpDecoratedBeanInfo> (0x00000000a49d3af8) 
thrown [s\src\hotspot\share\classfile\systemDictionary.cpp, line 312]
Event: 19.889 Thread 0x000001c9ecadea20 Exception <a 'java/lang/ClassNotFoundException'{0x00000000a49deb98}: com/android/build/gradle/internal/CompileOptionsBeanInfo> (0x00000000a49deb98) 
thrown [s\src\hotspot\share\classfile\systemDictionary.cpp, line 312]
Event: 19.890 Thread 0x000001c9ecadea20 Exception <a 'java/lang/ClassNotFoundException'{0x00000000a49e9c28}: com/android/build/gradle/internal/CompileOptionsCustomizer> (0x00000000a49e9c28) 
thrown [s\src\hotspot\share\classfile\systemDictionary.cpp, line 312]
Event: 19.891 Thread 0x000001c9ecadea20 Exception <a 'java/lang/ClassNotFoundException'{0x00000000a4801010}: com/android/build/gradle/internal/CompileOptions$AgpDecoratedCustomizer> (0x00000000a4801010) 
thrown [s\src\hotspot\share\classfile\systemDictionary.cpp, line 312]
Event: 19.892 Thread 0x000001c9ecadea20 Exception <a 'java/lang/ClassNotFoundException'{0x00000000a480fbc8}: com/android/build/gradle/internal/CompileOptions$AgpDecorated_DecoratedCustomizer> (0x00000000a480fbc8) 
thrown [s\src\hotspot\share\classfile\systemDictionary.cpp, line 312]

ZGC Phase Switch (0 events):
No events

VM Operations (20 events):
Event: 17.019 Executing non-safepoint VM operation: HandshakeAllThreads (Deoptimize)
Event: 17.019 Executing non-safepoint VM operation: HandshakeAllThreads (Deoptimize) done
Event: 17.304 Executing non-safepoint VM operation: HandshakeAllThreads (Deoptimize)
Event: 17.304 Executing non-safepoint VM operation: HandshakeAllThreads (Deoptimize) done
Event: 17.419 Executing non-safepoint VM operation: HandshakeAllThreads (Deoptimize)
Event: 17.420 Executing non-safepoint VM operation: HandshakeAllThreads (Deoptimize) done
Event: 17.687 Executing safepoint VM operation: G1CollectForAllocation (G1 Evacuation Pause)
Event: 17.700 Executing safepoint VM operation: G1CollectForAllocation (G1 Evacuation Pause) done
Event: 18.261 Executing safepoint VM operation: G1CollectForAllocation (G1 Evacuation Pause)
Event: 18.271 Executing safepoint VM operation: G1CollectForAllocation (G1 Evacuation Pause) done
Event: 18.981 Executing safepoint VM operation: G1CollectForAllocation (G1 Evacuation Pause)
Event: 18.985 Executing safepoint VM operation: G1CollectForAllocation (G1 Evacuation Pause) done
Event: 19.058 Executing safepoint VM operation: G1PauseRemark
Event: 19.064 Executing safepoint VM operation: G1PauseRemark done
Event: 19.093 Executing safepoint VM operation: G1PauseCleanup
Event: 19.094 Executing safepoint VM operation: G1PauseCleanup done
Event: 19.405 Executing safepoint VM operation: G1CollectForAllocation (G1 Evacuation Pause)
Event: 19.409 Executing safepoint VM operation: G1CollectForAllocation (G1 Evacuation Pause) done
Event: 19.511 Executing non-safepoint VM operation: HandshakeAllThreads (Deoptimize)
Event: 19.511 Executing non-safepoint VM operation: HandshakeAllThreads (Deoptimize) done

Memory protections (0 events):
No events

Nmethod flushes (20 events):
Event: 19.063 Thread 0x000001c9e6f463d0 flushing  nmethod 0x000001c9d3f3d390
Event: 19.063 Thread 0x000001c9e6f463d0 flushing  nmethod 0x000001c9db0f6f90
Event: 19.063 Thread 0x000001c9e6f463d0 flushing  nmethod 0x000001c9db153790
Event: 19.063 Thread 0x000001c9e6f463d0 flushing  nmethod 0x000001c9d348f510
Event: 19.063 Thread 0x000001c9e6f463d0 flushing  nmethod 0x000001c9d34f3a90
Event: 19.063 Thread 0x000001c9e6f463d0 flushing  nmethod 0x000001c9d35a9690
Event: 19.063 Thread 0x000001c9e6f463d0 flushing  nmethod 0x000001c9d35aa790
Event: 19.063 Thread 0x000001c9e6f463d0 flushing  nmethod 0x000001c9d35f6a10
Event: 19.063 Thread 0x000001c9e6f463d0 flushing  nmethod 0x000001c9d35fca90
Event: 19.063 Thread 0x000001c9e6f463d0 flushing  nmethod 0x000001c9d3709810
Event: 19.063 Thread 0x000001c9e6f463d0 flushing  nmethod 0x000001c9d370ad90
Event: 19.063 Thread 0x000001c9e6f463d0 flushing  nmethod 0x000001c9d370cc10
Event: 19.063 Thread 0x000001c9e6f463d0 flushing  nmethod 0x000001c9d370fe90
Event: 19.063 Thread 0x000001c9e6f463d0 flushing  nmethod 0x000001c9d3715790
Event: 19.063 Thread 0x000001c9e6f463d0 flushing  nmethod 0x000001c9d3715c10
Event: 19.063 Thread 0x000001c9e6f463d0 flushing  nmethod 0x000001c9d3752410
Event: 19.063 Thread 0x000001c9e6f463d0 flushing  nmethod 0x000001c9d3752c90
Event: 19.063 Thread 0x000001c9e6f463d0 flushing  nmethod 0x000001c9d3831590
Event: 19.063 Thread 0x000001c9e6f463d0 flushing osr nmethod 0x000001c9d3c95810
Event: 19.063 Thread 0x000001c9e6f463d0 flushing  nmethod 0x000001c9d3f08490

Events (20 events):
Event: 12.682 Thread 0x000001c9ecadea20 Thread added: 0x000001c9ee79ecd0
Event: 12.685 Thread 0x000001c9ecadea20 Thread added: 0x000001c9ee79d920
Event: 13.342 Thread 0x000001c9ecadea20 Thread added: 0x000001c9ee79dfb0
Event: 13.343 Thread 0x000001c9ecadea20 Thread added: 0x000001c9ee79e640
Event: 13.344 Thread 0x000001c9ecadea20 Thread added: 0x000001c9ee79cc00
Event: 13.346 Thread 0x000001c9ecadea20 Thread added: 0x000001c9ee79f360
Event: 13.347 Thread 0x000001c9ecadea20 Thread added: 0x000001c9ee79d290
Event: 13.348 Thread 0x000001c9ecadea20 Thread added: 0x000001c9ee79f9f0
Event: 13.349 Thread 0x000001c9ecadea20 Thread added: 0x000001c9ee79c570
Event: 14.980 Thread 0x000001c9ecadea20 Thread added: 0x000001c9ee7a3500
Event: 15.006 Thread 0x000001c9ecadea20 Thread added: 0x000001c9ee7a0da0
Event: 15.013 Thread 0x000001c9ecadea20 Thread added: 0x000001c9ee7a0080
Event: 15.777 Thread 0x000001c9f0095600 Thread exited: 0x000001c9f0095600
Event: 16.029 Thread 0x000001c9e6f7eb30 Thread added: 0x000001c9f0095600
Event: 16.182 Thread 0x000001c9e6f7eb30 Thread added: 0x000001c9f00933f0
Event: 16.362 Thread 0x000001c9f00933f0 Thread exited: 0x000001c9f00933f0
Event: 16.659 Thread 0x000001c9f0095600 Thread exited: 0x000001c9f0095600
Event: 16.961 Thread 0x000001c9e6f7eb30 Thread added: 0x000001c9f00933f0
Event: 17.115 Thread 0x000001c9ecadea20 Thread added: 0x000001c9ee7a27e0
Event: 17.427 Thread 0x000001c9e6f7eb30 Thread added: 0x000001c9f0093ac0


Dynamic libraries:
0x00007ff6581a0000 - 0x00007ff6581ae000 	C:\Users\Admin\.antigravity\extensions\redhat.java-1.54.0-win32-x64\jre\21.0.10-win32-x86_64\bin\java.exe
0x00007ffdc7e20000 - 0x00007ffdc8087000 	C:\WINDOWS\SYSTEM32\ntdll.dll
0x00007ffdc64e0000 - 0x00007ffdc65a9000 	C:\WINDOWS\System32\KERNEL32.DLL
0x00007ffdc4f70000 - 0x00007ffdc5361000 	C:\WINDOWS\System32\KERNELBASE.dll
0x00007ffdc5400000 - 0x00007ffdc554b000 	C:\WINDOWS\System32\ucrtbase.dll
0x00007ffda72c0000 - 0x00007ffda72d8000 	C:\Users\Admin\.antigravity\extensions\redhat.java-1.54.0-win32-x64\jre\21.0.10-win32-x86_64\bin\jli.dll
0x00007ffdc7200000 - 0x00007ffdc73c5000 	C:\WINDOWS\System32\USER32.dll
0x00007ffda5790000 - 0x00007ffda57ae000 	C:\Users\Admin\.antigravity\extensions\redhat.java-1.54.0-win32-x64\jre\21.0.10-win32-x86_64\bin\VCRUNTIME140.dll
0x00007ffdab440000 - 0x00007ffdab6d3000 	C:\WINDOWS\WinSxS\amd64_microsoft.windows.common-controls_6595b64144ccf1df_6.0.26100.8037_none_3e092faae333b53b\COMCTL32.dll
0x00007ffdc5b90000 - 0x00007ffdc5bb7000 	C:\WINDOWS\System32\win32u.dll
0x00007ffdc7150000 - 0x00007ffdc71f9000 	C:\WINDOWS\System32\msvcrt.dll
0x00007ffdc69e0000 - 0x00007ffdc6a0b000 	C:\WINDOWS\System32\GDI32.dll
0x00007ffdc58f0000 - 0x00007ffdc5a1b000 	C:\WINDOWS\System32\gdi32full.dll
0x00007ffdc5600000 - 0x00007ffdc56a3000 	C:\WINDOWS\System32\msvcp_win.dll
0x00007ffdc7a60000 - 0x00007ffdc7a91000 	C:\WINDOWS\System32\IMM32.DLL
0x00007ffdb7140000 - 0x00007ffdb714c000 	C:\Users\Admin\.antigravity\extensions\redhat.java-1.54.0-win32-x64\jre\21.0.10-win32-x86_64\bin\vcruntime140_1.dll
0x00007ffd92920000 - 0x00007ffd929ad000 	C:\Users\Admin\.antigravity\extensions\redhat.java-1.54.0-win32-x64\jre\21.0.10-win32-x86_64\bin\msvcp140.dll
0x00007ffd50310000 - 0x00007ffd510b1000 	C:\Users\Admin\.antigravity\extensions\redhat.java-1.54.0-win32-x64\jre\21.0.10-win32-x86_64\bin\server\jvm.dll
0x00007ffdc6870000 - 0x00007ffdc692b000 	C:\WINDOWS\System32\ADVAPI32.dll
0x00007ffdc6930000 - 0x00007ffdc69d7000 	C:\WINDOWS\System32\sechost.dll
0x00007ffdc6a10000 - 0x00007ffdc6b28000 	C:\WINDOWS\System32\RPCRT4.dll
0x00007ffdc6b30000 - 0x00007ffdc6ba4000 	C:\WINDOWS\System32\WS2_32.dll
0x00007ffdc4560000 - 0x00007ffdc45be000 	C:\WINDOWS\SYSTEM32\POWRPROF.dll
0x00007ffda7e60000 - 0x00007ffda7e95000 	C:\WINDOWS\SYSTEM32\WINMM.dll
0x00007ffdaefc0000 - 0x00007ffdaefcb000 	C:\WINDOWS\SYSTEM32\VERSION.dll
0x00007ffdc4540000 - 0x00007ffdc4554000 	C:\WINDOWS\SYSTEM32\UMPDC.dll
0x00007ffdc3450000 - 0x00007ffdc346b000 	C:\WINDOWS\SYSTEM32\kernel.appcore.dll
0x00007ffdb2860000 - 0x00007ffdb286a000 	C:\Users\Admin\.antigravity\extensions\redhat.java-1.54.0-win32-x64\jre\21.0.10-win32-x86_64\bin\jimage.dll
0x00007ffdc2590000 - 0x00007ffdc27d2000 	C:\WINDOWS\SYSTEM32\DBGHELP.DLL
0x00007ffdc6bb0000 - 0x00007ffdc6f32000 	C:\WINDOWS\System32\combase.dll
0x00007ffdc6fe0000 - 0x00007ffdc70b7000 	C:\WINDOWS\System32\OLEAUT32.dll
0x00007ffda2940000 - 0x00007ffda297b000 	C:\WINDOWS\SYSTEM32\dbgcore.DLL
0x00007ffdc5550000 - 0x00007ffdc55f5000 	C:\WINDOWS\System32\bcryptPrimitives.dll
0x00007ffdab3f0000 - 0x00007ffdab3ff000 	C:\Users\Admin\.antigravity\extensions\redhat.java-1.54.0-win32-x64\jre\21.0.10-win32-x86_64\bin\instrument.dll
0x00007ffda40f0000 - 0x00007ffda4110000 	C:\Users\Admin\.antigravity\extensions\redhat.java-1.54.0-win32-x64\jre\21.0.10-win32-x86_64\bin\java.dll
0x00007ffdc5bc0000 - 0x00007ffdc631f000 	C:\WINDOWS\System32\SHELL32.dll
0x00007ffdc5a20000 - 0x00007ffdc5b8a000 	C:\WINDOWS\System32\wintypes.dll
0x00007ffdc4700000 - 0x00007ffdc4f64000 	C:\WINDOWS\System32\windows.storage.dll
0x00007ffdc7bd0000 - 0x00007ffdc7cc7000 	C:\WINDOWS\System32\SHCORE.dll
0x00007ffdc6f40000 - 0x00007ffdc6fa7000 	C:\WINDOWS\System32\shlwapi.dll
0x00007ffdc4620000 - 0x00007ffdc4649000 	C:\WINDOWS\SYSTEM32\profapi.dll
0x00007ffda4060000 - 0x00007ffda4078000 	C:\Users\Admin\.antigravity\extensions\redhat.java-1.54.0-win32-x64\jre\21.0.10-win32-x86_64\bin\zip.dll
0x00007ffdaa710000 - 0x00007ffdaa720000 	C:\Users\Admin\.antigravity\extensions\redhat.java-1.54.0-win32-x64\jre\21.0.10-win32-x86_64\bin\net.dll
0x00007ffdb94f0000 - 0x00007ffdb9617000 	C:\WINDOWS\SYSTEM32\WINHTTP.dll
0x00007ffdc39a0000 - 0x00007ffdc3a0b000 	C:\WINDOWS\system32\mswsock.dll
0x00007ffda3a20000 - 0x00007ffda3a36000 	C:\Users\Admin\.antigravity\extensions\redhat.java-1.54.0-win32-x64\jre\21.0.10-win32-x86_64\bin\nio.dll
0x00007ffda9ce0000 - 0x00007ffda9cf0000 	C:\Users\Admin\.antigravity\extensions\redhat.java-1.54.0-win32-x64\jre\21.0.10-win32-x86_64\bin\verify.dll
0x00007ffd60f40000 - 0x00007ffd60f67000 	C:\Users\Admin\.gradle\native\1def1411415f61bf3af743bc5b6707747c0891f09f0c88961ee8f79bc544acac\windows-amd64\native-platform.dll
0x00007ffd2eb80000 - 0x00007ffd2ebf8000 	C:\Users\Admin\.gradle\native\0.2.7\x86_64-windows-gnu\gradle-fileevents.dll
0x00007ffdaa650000 - 0x00007ffdaa65a000 	C:\Users\Admin\.antigravity\extensions\redhat.java-1.54.0-win32-x64\jre\21.0.10-win32-x86_64\bin\management.dll
0x00007ffda8480000 - 0x00007ffda848c000 	C:\Users\Admin\.antigravity\extensions\redhat.java-1.54.0-win32-x64\jre\21.0.10-win32-x86_64\bin\management_ext.dll
0x00007ffdc64d0000 - 0x00007ffdc64d8000 	C:\WINDOWS\System32\PSAPI.DLL
0x00007ffdc2e90000 - 0x00007ffdc2ec3000 	C:\WINDOWS\SYSTEM32\IPHLPAPI.DLL
0x00007ffdc65b0000 - 0x00007ffdc65ba000 	C:\WINDOWS\System32\NSI.dll
0x00007ffda71f0000 - 0x00007ffda71f9000 	C:\Users\Admin\.antigravity\extensions\redhat.java-1.54.0-win32-x64\jre\21.0.10-win32-x86_64\bin\extnet.dll
0x00007ffdc3da0000 - 0x00007ffdc3dbb000 	C:\WINDOWS\SYSTEM32\CRYPTSP.dll
0x00007ffdc33b0000 - 0x00007ffdc33e9000 	C:\WINDOWS\system32\rsaenh.dll
0x00007ffdc3a50000 - 0x00007ffdc3a82000 	C:\WINDOWS\SYSTEM32\USERENV.dll
0x00007ffdc45f0000 - 0x00007ffdc461a000 	C:\WINDOWS\SYSTEM32\bcrypt.dll
0x00007ffdc3c00000 - 0x00007ffdc3c0c000 	C:\WINDOWS\SYSTEM32\CRYPTBASE.dll
0x00007ffda8380000 - 0x00007ffda838e000 	C:\Users\Admin\.antigravity\extensions\redhat.java-1.54.0-win32-x64\jre\21.0.10-win32-x86_64\bin\sunmscapi.dll
0x00007ffdc5770000 - 0x00007ffdc58e7000 	C:\WINDOWS\System32\CRYPT32.dll
0x00007ffdc3f00000 - 0x00007ffdc3f30000 	C:\WINDOWS\SYSTEM32\ncrypt.dll
0x00007ffdc3eb0000 - 0x00007ffdc3eef000 	C:\WINDOWS\SYSTEM32\NTASN1.dll
0x00007ffd96770000 - 0x00007ffd96778000 	C:\WINDOWS\system32\wshunix.dll

JVMTI agents:
C:\Users\Admin\.gradle\wrapper\dists\gradle-8.14.3-all\10utluxaxniiv4wxiphsi49nj\gradle-8.14.3\lib\agents\gradle-instrumentation-agent-8.14.3.jar path:C:\Users\Admin\.antigravity\extensions\redhat.java-1.54.0-win32-x64\jre\21.0.10-win32-x86_64\bin\instrument.dll, loaded, initialized, instrumentlib options:none

dbghelp: loaded successfully - version: 4.0.5 - missing functions: none
symbol engine: initialized successfully - sym options: 0x614 - pdb path: .;C:\Users\Admin\.antigravity\extensions\redhat.java-1.54.0-win32-x64\jre\21.0.10-win32-x86_64\bin;C:\WINDOWS\SYSTEM32;C:\WINDOWS\WinSxS\amd64_microsoft.windows.common-controls_6595b64144ccf1df_6.0.26100.8037_none_3e092faae333b53b;C:\Users\Admin\.antigravity\extensions\redhat.java-1.54.0-win32-x64\jre\21.0.10-win32-x86_64\bin\server;C:\Users\Admin\.gradle\native\1def1411415f61bf3af743bc5b6707747c0891f09f0c88961ee8f79bc544acac\windows-amd64;C:\Users\Admin\.gradle\native\0.2.7\x86_64-windows-gnu

VM Arguments:
jvm_args: --add-opens=java.base/java.lang=ALL-UNNAMED --add-opens=java.base/java.lang.invoke=ALL-UNNAMED --add-opens=java.base/java.util=ALL-UNNAMED --add-opens=java.prefs/java.util.prefs=ALL-UNNAMED --add-exports=jdk.compiler/com.sun.tools.javac.api=ALL-UNNAMED --add-exports=jdk.compiler/com.sun.tools.javac.util=ALL-UNNAMED --add-opens=java.base/java.util=ALL-UNNAMED --add-opens=java.prefs/java.util.prefs=ALL-UNNAMED --add-opens=java.base/java.nio.charset=ALL-UNNAMED --add-opens=java.base/java.net=ALL-UNNAMED --add-opens=java.base/java.util.concurrent.atomic=ALL-UNNAMED --add-opens=java.xml/javax.xml.namespace=ALL-UNNAMED -Xmx1536m -Dfile.encoding=UTF-8 -Duser.country=US -Duser.language=en -Duser.variant -javaagent:C:\Users\Admin\.gradle\wrapper\dists\gradle-8.14.3-all\10utluxaxniiv4wxiphsi49nj\gradle-8.14.3\lib\agents\gradle-instrumentation-agent-8.14.3.jar 
java_command: org.gradle.launcher.daemon.bootstrap.GradleDaemon 8.14.3
java_class_path (initial): C:\Users\Admin\.gradle\wrapper\dists\gradle-8.14.3-all\10utluxaxniiv4wxiphsi49nj\gradle-8.14.3\lib\gradle-daemon-main-8.14.3.jar
Launcher Type: SUN_STANDARD

[Global flags]
     intx CICompilerCount                          = 4                                         {product} {ergonomic}
     uint ConcGCThreads                            = 2                                         {product} {ergonomic}
     uint G1ConcRefinementThreads                  = 8                                         {product} {ergonomic}
   size_t G1HeapRegionSize                         = 1048576                                   {product} {ergonomic}
    uintx GCDrainStackTargetSize                   = 64                                        {product} {ergonomic}
   size_t InitialHeapSize                          = 132120576                                 {product} {ergonomic}
   size_t MarkStackSize                            = 4194304                                   {product} {ergonomic}
   size_t MaxHeapSize                              = 1610612736                                {product} {command line}
   size_t MaxNewSize                               = 965738496                                 {product} {ergonomic}
   size_t MinHeapDeltaBytes                        = 1048576                                   {product} {ergonomic}
   size_t MinHeapSize                              = 8388608                                   {product} {ergonomic}
    uintx NonNMethodCodeHeapSize                   = 5839372                                {pd product} {ergonomic}
    uintx NonProfiledCodeHeapSize                  = 122909434                              {pd product} {ergonomic}
    uintx ProfiledCodeHeapSize                     = 122909434                              {pd product} {ergonomic}
    uintx ReservedCodeCacheSize                    = 251658240                              {pd product} {ergonomic}
     bool SegmentedCodeCache                       = true                                      {product} {ergonomic}
   size_t SoftMaxHeapSize                          = 1610612736                             {manageable} {ergonomic}
     bool UseCompressedOops                        = true                           {product lp64_product} {ergonomic}
     bool UseG1GC                                  = true                                      {product} {ergonomic}
     bool UseLargePagesIndividualAllocation        = false                                  {pd product} {ergonomic}

Logging:
Log output configuration:
 #0: stdout all=warning uptime,level,tags foldmultilines=false
 #1: stderr all=off uptime,level,tags foldmultilines=false

Release file:
JAVA_VERSION="21.0.10" 
MODULES="java.base java.compiler java.datatransfer java.xml java.prefs java.desktop java.instrument java.logging java.management java.security.sasl java.naming java.rmi java.management.rmi java.net.http java.scripting java.security.jgss java.transaction.xa java.sql java.sql.rowset java.xml.crypto java.se java.smartcardio jdk.accessibility jdk.internal.jvmstat jdk.attach jdk.charsets jdk.internal.opt jdk.zipfs jdk.compiler jdk.crypto.ec jdk.crypto.cryptoki jdk.crypto.mscapi jdk.dynalink jdk.internal.ed jdk.editpad jdk.hotspot.agent jdk.httpserver jdk.internal.le jdk.internal.vm.ci jdk.internal.vm.compiler jdk.internal.vm.compiler.management jdk.jartool jdk.javadoc jdk.jcmd jdk.management jdk.management.agent jdk.jconsole jdk.jdeps jdk.jdwp.agent jdk.jdi jdk.jfr jdk.jshell jdk.jsobject jdk.jstatd jdk.localedata jdk.management.jfr jdk.naming.dns jdk.naming.rmi jdk.net jdk.nio.mapmode jdk.random jdk.sctp jdk.security.auth jdk.security.jgss jdk.unsupported jdk.unsupported.desktop jdk.xml.dom" 

Environment Variables:
PATH=C:\ProgramData\Oracle\Java\javapath;C:\WINDOWS\system32;C:\WINDOWS;C:\WINDOWS\System32\Wbem;C:\WINDOWS\System32\WindowsPowerShell\v1.0\;C:\WINDOWS\System32\OpenSSH\;C:\MinGW\bin;C:\Program Files\nodejs\;C:\Program Files\Git\cmd;C:\Program Files\cloudflared\;C:\Program Files (x86)\cloudflared\;C:\Users\Admin\.local\bin;C:\Users\Admin\AppData\Local\Microsoft\WindowsApps;C:\Users\Admin\AppData\Local\Programs\Microsoft VS Code\bin;C:\Users\Admin\AppData\Roaming\npm;C:\Users\Admin\AppData\Local\Programs\cursor\resources\app\bin;C:\Users\Admin\AppData\Local\Programs\Antigravity\bin
USERNAME=Admin
OS=Windows_NT
PROCESSOR_IDENTIFIER=Intel64 Family 6 Model 126 Stepping 5, GenuineIntel
TMP=C:\Users\Admin\AppData\Local\Temp
TEMP=C:\Users\Admin\AppData\Local\Temp




Periodic native trim disabled

---------------  S Y S T E M  ---------------

OS:
 Windows 11 , 64 bit Build 26100 (10.0.26100.7920)
OS uptime: 0 days 1:29 hours
Hyper-V role detected

CPU: total 8 (initial active 8) (4 cores per cpu, 2 threads per core) family 6 model 126 stepping 5 microcode 0xc2, cx8, cmov, fxsr, ht, mmx, 3dnowpref, sse, sse2, sse3, ssse3, sse4.1, sse4.2, popcnt, lzcnt, tsc, tscinvbit, avx, avx2, aes, erms, clmul, bmi1, bmi2, adx, avx512f, avx512dq, avx512cd, avx512bw, avx512vl, sha, fma, vzeroupper, avx512_vpopcntdq, avx512_vpclmulqdq, avx512_vaes, avx512_vnni, clflush, clflushopt, avx512_vbmi2, avx512_vbmi, hv, rdtscp, rdpid, fsrm, gfni, avx512_bitalg, f16c, avx512_ifma
Processor Information for the first 8 processors :
  Max Mhz: 1190, Current Mhz: 991, Mhz Limit: 987

Memory: 4k page, system-wide physical 7959M (576M free)
TotalPageFile size 32535M (AvailPageFile size 4M)
current process WorkingSet (physical memory assigned to process): 362M, peak: 366M
current process commit charge ("private bytes"): 405M, peak: 409M

vm_info: OpenJDK 64-Bit Server VM (21.0.10+7-LTS) for windows-amd64 JRE (21.0.10+7-LTS), built on 2026-01-20T00:00:00Z by "admin" with MS VC++ 17.12 (VS2022)

END.
