#
# There is insufficient memory for the Java Runtime Environment to continue.
# Native memory allocation (malloc) failed to allocate 1309616 bytes. Error detail: Chunk::new
# Possible reasons:
#   The system is out of physical RAM or swap space
#   This process is running with CompressedOops enabled, and the Java Heap may be blocking the growth of the native heap
# Possible solutions:
#   Reduce memory load on the system
#   Increase physical memory or swap space
#   Check if swap backing store is full
#   Decrease Java heap size (-Xmx/-Xms)
#   Decrease number of Java threads
#   Decrease Java thread stack sizes (-Xss)
#   Set larger code cache with -XX:ReservedCodeCacheSize=
#   JVM is running with Unscaled Compressed Oops mode in which the Java heap is
#     placed in the first 4GB address space. The Java Heap base address is the
#     maximum limit for the native heap growth. Please use -XX:HeapBaseMinAddress
#     to set the Java Heap base and to place the Java Heap above 4GB virtual address.
# This output file may be truncated or incomplete.
#
#  Out of Memory Error (arena.cpp:168), pid=7280, tid=15112
#
# JRE version: OpenJDK Runtime Environment Temurin-21.0.10+7 (21.0.10+7) (build 21.0.10+7-LTS)
# Java VM: OpenJDK 64-Bit Server VM Temurin-21.0.10+7 (21.0.10+7-LTS, mixed mode, sharing, tiered, compressed oops, compressed class ptrs, g1 gc, windows-amd64)
# No core dump will be written. Minidumps are not enabled by default on client versions of Windows
#

---------------  S U M M A R Y ------------

Command Line: --add-opens=java.base/java.lang=ALL-UNNAMED --add-opens=java.base/java.lang.invoke=ALL-UNNAMED --add-opens=java.base/java.util=ALL-UNNAMED --add-opens=java.prefs/java.util.prefs=ALL-UNNAMED --add-exports=jdk.compiler/com.sun.tools.javac.api=ALL-UNNAMED --add-exports=jdk.compiler/com.sun.tools.javac.util=ALL-UNNAMED --add-opens=java.base/java.util=ALL-UNNAMED --add-opens=java.prefs/java.util.prefs=ALL-UNNAMED --add-opens=java.base/java.nio.charset=ALL-UNNAMED --add-opens=java.base/java.net=ALL-UNNAMED --add-opens=java.base/java.util.concurrent.atomic=ALL-UNNAMED --add-opens=java.xml/javax.xml.namespace=ALL-UNNAMED -Xmx1536m -Dfile.encoding=UTF-8 -Duser.country=US -Duser.language=en -Duser.variant -javaagent:C:\Users\Admin\.gradle\wrapper\dists\gradle-8.14.3-all\10utluxaxniiv4wxiphsi49nj\gradle-8.14.3\lib\agents\gradle-instrumentation-agent-8.14.3.jar org.gradle.launcher.daemon.bootstrap.GradleDaemon 8.14.3

Host: Intel(R) Core(TM) i5-1035G1 CPU @ 1.00GHz, 8 cores, 7G,  Windows 11 , 64 bit Build 26100 (10.0.26100.7920)
Time: Thu Apr  2 22:53:05 2026 India Standard Time elapsed time: 30.807661 seconds (0d 0h 0m 30s)

---------------  T H R E A D  ---------------

Current thread (0x000001cda5df5470):  JavaThread "C2 CompilerThread1" daemon [_thread_in_native, id=15112, stack(0x000000383d400000,0x000000383d500000) (1024K)]


Current CompileTask:
C2:30807 11859   !   4       sun.reflect.annotation.AnnotationParser::parseAnnotation2 (275 bytes)

Stack: [0x000000383d400000,0x000000383d500000]
Native frames: (J=compiled Java code, j=interpreted, Vv=VM code, C=native code)
V  [jvm.dll+0x6d7a39]
V  [jvm.dll+0x8b4b26]
V  [jvm.dll+0x8b70de]
V  [jvm.dll+0x8b77c3]
V  [jvm.dll+0x284346]
V  [jvm.dll+0xc66ed]
V  [jvm.dll+0xc6c31]
V  [jvm.dll+0x3bec01]
V  [jvm.dll+0x38b162]
V  [jvm.dll+0x38a5aa]
V  [jvm.dll+0x24c560]
V  [jvm.dll+0x24bb40]
V  [jvm.dll+0x1cb34e]
V  [jvm.dll+0x25b85d]
V  [jvm.dll+0x259dea]
V  [jvm.dll+0x3f857e]
V  [jvm.dll+0x85f59d]
V  [jvm.dll+0x6d626d]
C  [ucrtbase.dll+0x37b0]
C  [KERNEL32.DLL+0x2e8d7]
C  [ntdll.dll+0x8c48c]


---------------  P R O C E S S  ---------------

Threads class SMR info:
_java_thread_list=0x000001cda3dc31c0, length=78, elements={
0x000001cd42010280, 0x000001cd58d84260, 0x000001cd58d86cd0, 0x000001cd58d8a8e0,
0x000001cd58d8c960, 0x000001cd58d8db60, 0x000001cd58d8ee90, 0x000001cd58d96010,
0x000001cd58d99910, 0x000001cd9e213650, 0x000001cd9e1b05f0, 0x000001cd9fbce5f0,
0x000001cd9f1e47c0, 0x000001cd9fb4a7a0, 0x000001cd9fb17730, 0x000001cd9fb17da0,
0x000001cd9fd703a0, 0x000001cd9fd848e0, 0x000001cd9fcf8040, 0x000001cd9fcf79b0,
0x000001cd9fcf86d0, 0x000001cd9fcf8d60, 0x000001cd9fcf6c90, 0x000001cd9fcf93f0,
0x000001cd9fcf7320, 0x000001cd9fcf6600, 0x000001cd9e20bca0, 0x000001cd9e20c330,
0x000001cd9e20b610, 0x000001cd9e20f120, 0x000001cd9e20e400, 0x000001cd9e20d6e0,
0x000001cd9e20dd70, 0x000001cd9e20fe40, 0x000001cd9e20c9c0, 0x000001cd9e2111f0,
0x000001cd9e210b60, 0x000001cd9e20f7b0, 0x000001cd9e2125a0, 0x000001cd9e212c30,
0x000001cda50fd450, 0x000001cda50fee90, 0x000001cda50fe170, 0x000001cda50fc730,
0x000001cda50fe800, 0x000001cda50fcdc0, 0x000001cda50ffbb0, 0x000001cda50ff520,
0x000001cda50fdae0, 0x000001cda0f991f0, 0x000001cda0f977b0, 0x000001cda0f97e40,
0x000001cda0f9cd00, 0x000001cda0f99f10, 0x000001cda0f99880, 0x000001cda0f9da20,
0x000001cda0f9a5a0, 0x000001cda0f9c670, 0x000001cda0f9e0b0, 0x000001cda0f9b2c0,
0x000001cda0f9ac30, 0x000001cda0f9e740, 0x000001cda167bee0, 0x000001cda167f9f0,
0x000001cda167e640, 0x000001cda167d920, 0x000001cda167ecd0, 0x000001cda167d290,
0x000001cda167c570, 0x000001cda5df5470, 0x000001cda3d7f830, 0x000001cda3d80550,
0x000001cda3d7fec0, 0x000001cda3d80be0, 0x000001cda3d7d760, 0x000001cda3d84060,
0x000001cda3d846f0, 0x000001cda5df68e0
}

Java Threads: ( => current thread )
  0x000001cd42010280 JavaThread "main"                              [_thread_blocked, id=8980, stack(0x0000003838700000,0x0000003838800000) (1024K)]
  0x000001cd58d84260 JavaThread "Reference Handler"          daemon [_thread_blocked, id=14464, stack(0x0000003838f00000,0x0000003839000000) (1024K)]
  0x000001cd58d86cd0 JavaThread "Finalizer"                  daemon [_thread_blocked, id=5772, stack(0x0000003839000000,0x0000003839100000) (1024K)]
  0x000001cd58d8a8e0 JavaThread "Signal Dispatcher"          daemon [_thread_blocked, id=14352, stack(0x0000003839100000,0x0000003839200000) (1024K)]
  0x000001cd58d8c960 JavaThread "Attach Listener"            daemon [_thread_blocked, id=5932, stack(0x0000003839200000,0x0000003839300000) (1024K)]
  0x000001cd58d8db60 JavaThread "Service Thread"             daemon [_thread_blocked, id=12304, stack(0x0000003839300000,0x0000003839400000) (1024K)]
  0x000001cd58d8ee90 JavaThread "Monitor Deflation Thread"   daemon [_thread_blocked, id=13892, stack(0x0000003839400000,0x0000003839500000) (1024K)]
  0x000001cd58d96010 JavaThread "C2 CompilerThread0"         daemon [_thread_in_native, id=17848, stack(0x0000003839500000,0x0000003839600000) (1024K)]
  0x000001cd58d99910 JavaThread "C1 CompilerThread0"         daemon [_thread_blocked, id=8332, stack(0x0000003839600000,0x0000003839700000) (1024K)]
  0x000001cd9e213650 JavaThread "Common-Cleaner"             daemon [_thread_blocked, id=2608, stack(0x0000003839700000,0x0000003839800000) (1024K)]
  0x000001cd9e1b05f0 JavaThread "Notification Thread"        daemon [_thread_blocked, id=14760, stack(0x0000003839800000,0x0000003839900000) (1024K)]
  0x000001cd9fbce5f0 JavaThread "Daemon health stats"               [_thread_blocked, id=14048, stack(0x000000383a100000,0x000000383a200000) (1024K)]
  0x000001cd9f1e47c0 JavaThread "Incoming local TCP Connector on port 62640"        [_thread_in_native, id=5096, stack(0x000000383a200000,0x000000383a300000) (1024K)]
  0x000001cd9fb4a7a0 JavaThread "Daemon periodic checks"            [_thread_blocked, id=10120, stack(0x000000383a300000,0x000000383a400000) (1024K)]
  0x000001cd9fb17730 JavaThread "Daemon"                            [_thread_blocked, id=3196, stack(0x000000383a400000,0x000000383a500000) (1024K)]
  0x000001cd9fb17da0 JavaThread "Handler for socket connection from /127.0.0.1:62640 to /127.0.0.1:62641"        [_thread_in_native, id=13848, stack(0x000000383a500000,0x000000383a600000) (1024K)]
  0x000001cd9fd703a0 JavaThread "Cancel handler"                    [_thread_blocked, id=18732, stack(0x000000383a600000,0x000000383a700000) (1024K)]
  0x000001cd9fd848e0 JavaThread "Daemon worker"                     [_thread_in_vm, id=6984, stack(0x000000383a700000,0x000000383a800000) (1024K)]
  0x000001cd9fcf8040 JavaThread "Asynchronous log dispatcher for DefaultDaemonConnection: socket connection from /127.0.0.1:62640 to /127.0.0.1:62641"        [_thread_blocked, id=12100, stack(0x000000383a800000,0x000000383a900000) (1024K)]
  0x000001cd9fcf79b0 JavaThread "Stdin handler"                     [_thread_blocked, id=15608, stack(0x000000383a900000,0x000000383aa00000) (1024K)]
  0x000001cd9fcf86d0 JavaThread "Daemon client event forwarder"        [_thread_blocked, id=16864, stack(0x000000383aa00000,0x000000383ab00000) (1024K)]
  0x000001cd9fcf8d60 JavaThread "Cache worker for journal cache (C:\Users\Admin\.gradle\caches\journal-1)"        [_thread_blocked, id=8756, stack(0x000000383ab00000,0x000000383ac00000) (1024K)]
  0x000001cd9fcf6c90 JavaThread "File lock request listener"        [_thread_in_native, id=13884, stack(0x000000383ac00000,0x000000383ad00000) (1024K)]
  0x000001cd9fcf93f0 JavaThread "Cache worker for file hash cache (C:\Users\Admin\.gradle\caches\8.14.3\fileHashes)"        [_thread_blocked, id=13972, stack(0x000000383ad00000,0x000000383ae00000) (1024K)]
  0x000001cd9fcf7320 JavaThread "Cache worker for file hash cache (C:\Users\Admin\OneDrive\Desktop\homizgo-vite\homizgo-vite\android\.gradle\8.14.3\fileHashes)"        [_thread_blocked, id=2712, stack(0x000000383b000000,0x000000383b100000) (1024K)]
  0x000001cd9fcf6600 JavaThread "Cache worker for Build Output Cleanup Cache (C:\Users\Admin\OneDrive\Desktop\homizgo-vite\homizgo-vite\android\.gradle\buildOutputCleanup)"        [_thread_blocked, id=3788, stack(0x000000383b100000,0x000000383b200000) (1024K)]
  0x000001cd9e20bca0 JavaThread "File watcher server"        daemon [_thread_in_native, id=3396, stack(0x000000383b200000,0x000000383b300000) (1024K)]
  0x000001cd9e20c330 JavaThread "File watcher consumer"      daemon [_thread_blocked, id=12044, stack(0x000000383b300000,0x000000383b400000) (1024K)]
  0x000001cd9e20b610 JavaThread "jar transforms"                    [_thread_blocked, id=1596, stack(0x000000383b400000,0x000000383b500000) (1024K)]
  0x000001cd9e20f120 JavaThread "jar transforms Thread 2"           [_thread_blocked, id=8572, stack(0x000000383b500000,0x000000383b600000) (1024K)]
  0x000001cd9e20e400 JavaThread "Cache worker for checksums cache (C:\Users\Admin\OneDrive\Desktop\homizgo-vite\homizgo-vite\android\.gradle\8.14.3\checksums)"        [_thread_blocked, id=17304, stack(0x000000383b600000,0x000000383b700000) (1024K)]
  0x000001cd9e20d6e0 JavaThread "Cache worker for file content cache (C:\Users\Admin\.gradle\caches\8.14.3\fileContent)"        [_thread_blocked, id=7392, stack(0x000000383b700000,0x000000383b800000) (1024K)]
  0x000001cd9e20dd70 JavaThread "jar transforms Thread 3"           [_thread_blocked, id=18176, stack(0x000000383b800000,0x000000383b900000) (1024K)]
  0x000001cd9e20fe40 JavaThread "jar transforms Thread 4"           [_thread_blocked, id=5832, stack(0x000000383b900000,0x000000383ba00000) (1024K)]
  0x000001cd9e20c9c0 JavaThread "Cache worker for cache directory md-supplier (C:\Users\Admin\.gradle\caches\8.14.3\md-supplier)"        [_thread_blocked, id=4608, stack(0x000000383ba00000,0x000000383bb00000) (1024K)]
  0x000001cd9e2111f0 JavaThread "Cache worker for cache directory md-rule (C:\Users\Admin\.gradle\caches\8.14.3\md-rule)"        [_thread_blocked, id=340, stack(0x000000383bb00000,0x000000383bc00000) (1024K)]
  0x000001cd9e210b60 JavaThread "jar transforms Thread 5"           [_thread_blocked, id=4660, stack(0x000000383bc00000,0x000000383bd00000) (1024K)]
  0x000001cd9e20f7b0 JavaThread "Unconstrained build operations"        [_thread_blocked, id=17176, stack(0x000000383bd00000,0x000000383be00000) (1024K)]
  0x000001cd9e2125a0 JavaThread "Unconstrained build operations Thread 2"        [_thread_blocked, id=556, stack(0x000000383be00000,0x000000383bf00000) (1024K)]
  0x000001cd9e212c30 JavaThread "Unconstrained build operations Thread 3"        [_thread_blocked, id=13588, stack(0x000000383bf00000,0x000000383c000000) (1024K)]
  0x000001cda50fd450 JavaThread "Unconstrained build operations Thread 4"        [_thread_blocked, id=10340, stack(0x000000383c000000,0x000000383c100000) (1024K)]
  0x000001cda50fee90 JavaThread "Unconstrained build operations Thread 5"        [_thread_blocked, id=17724, stack(0x000000383c100000,0x000000383c200000) (1024K)]
  0x000001cda50fe170 JavaThread "Unconstrained build operations Thread 6"        [_thread_blocked, id=7764, stack(0x000000383c200000,0x000000383c300000) (1024K)]
  0x000001cda50fc730 JavaThread "Unconstrained build operations Thread 7"        [_thread_blocked, id=18920, stack(0x000000383c300000,0x000000383c400000) (1024K)]
  0x000001cda50fe800 JavaThread "Unconstrained build operations Thread 8"        [_thread_blocked, id=17996, stack(0x000000383c400000,0x000000383c500000) (1024K)]
  0x000001cda50fcdc0 JavaThread "Unconstrained build operations Thread 9"        [_thread_blocked, id=18808, stack(0x000000383c500000,0x000000383c600000) (1024K)]
  0x000001cda50ffbb0 JavaThread "Unconstrained build operations Thread 10"        [_thread_blocked, id=17124, stack(0x000000383c600000,0x000000383c700000) (1024K)]
  0x000001cda50ff520 JavaThread "Unconstrained build operations Thread 11"        [_thread_blocked, id=6104, stack(0x000000383c700000,0x000000383c800000) (1024K)]
  0x000001cda50fdae0 JavaThread "Unconstrained build operations Thread 12"        [_thread_blocked, id=560, stack(0x000000383c800000,0x000000383c900000) (1024K)]
  0x000001cda0f991f0 JavaThread "Unconstrained build operations Thread 13"        [_thread_blocked, id=18140, stack(0x000000383c900000,0x000000383ca00000) (1024K)]
  0x000001cda0f977b0 JavaThread "Unconstrained build operations Thread 14"        [_thread_blocked, id=4620, stack(0x000000383ca00000,0x000000383cb00000) (1024K)]
  0x000001cda0f97e40 JavaThread "Unconstrained build operations Thread 15"        [_thread_blocked, id=9260, stack(0x000000383cb00000,0x000000383cc00000) (1024K)]
  0x000001cda0f9cd00 JavaThread "Unconstrained build operations Thread 16"        [_thread_blocked, id=13336, stack(0x000000383cc00000,0x000000383cd00000) (1024K)]
  0x000001cda0f99f10 JavaThread "Unconstrained build operations Thread 17"        [_thread_blocked, id=15132, stack(0x000000383cd00000,0x000000383ce00000) (1024K)]
  0x000001cda0f99880 JavaThread "Unconstrained build operations Thread 18"        [_thread_blocked, id=9352, stack(0x000000383ce00000,0x000000383cf00000) (1024K)]
  0x000001cda0f9da20 JavaThread "Unconstrained build operations Thread 19"        [_thread_blocked, id=18756, stack(0x000000383cf00000,0x000000383d000000) (1024K)]
  0x000001cda0f9a5a0 JavaThread "Unconstrained build operations Thread 20"        [_thread_blocked, id=2932, stack(0x000000383d000000,0x000000383d100000) (1024K)]
  0x000001cda0f9c670 JavaThread "Unconstrained build operations Thread 21"        [_thread_blocked, id=7732, stack(0x000000383d100000,0x000000383d200000) (1024K)]
  0x000001cda0f9e0b0 JavaThread "jar transforms Thread 6"           [_thread_blocked, id=14856, stack(0x000000383ae00000,0x000000383af00000) (1024K)]
  0x000001cda0f9b2c0 JavaThread "jar transforms Thread 7"           [_thread_blocked, id=6596, stack(0x000000383d200000,0x000000383d300000) (1024K)]
  0x000001cda0f9ac30 JavaThread "jar transforms Thread 8"           [_thread_blocked, id=9076, stack(0x000000383d300000,0x000000383d400000) (1024K)]
  0x000001cda0f9e740 JavaThread "Memory manager"                    [_thread_blocked, id=9460, stack(0x0000003839900000,0x0000003839a00000) (1024K)]
  0x000001cda167bee0 JavaThread "Unconstrained build operations Thread 22"        [_thread_blocked, id=5988, stack(0x000000383d500000,0x000000383d600000) (1024K)]
  0x000001cda167f9f0 JavaThread "Unconstrained build operations Thread 23"        [_thread_blocked, id=16764, stack(0x000000383d600000,0x000000383d700000) (1024K)]
  0x000001cda167e640 JavaThread "Unconstrained build operations Thread 24"        [_thread_blocked, id=11928, stack(0x000000383d700000,0x000000383d800000) (1024K)]
  0x000001cda167d920 JavaThread "Unconstrained build operations Thread 25"        [_thread_blocked, id=1592, stack(0x000000383d800000,0x000000383d900000) (1024K)]
  0x000001cda167ecd0 JavaThread "Unconstrained build operations Thread 26"        [_thread_blocked, id=14708, stack(0x000000383d900000,0x000000383da00000) (1024K)]
  0x000001cda167d290 JavaThread "Unconstrained build operations Thread 27"        [_thread_blocked, id=13784, stack(0x000000383da00000,0x000000383db00000) (1024K)]
  0x000001cda167c570 JavaThread "Unconstrained build operations Thread 28"        [_thread_blocked, id=19012, stack(0x000000383db00000,0x000000383dc00000) (1024K)]
=>0x000001cda5df5470 JavaThread "C2 CompilerThread1"         daemon [_thread_in_native, id=15112, stack(0x000000383d400000,0x000000383d500000) (1024K)]
  0x000001cda3d7f830 JavaThread "Unconstrained build operations Thread 29"        [_thread_blocked, id=16628, stack(0x000000383dc00000,0x000000383dd00000) (1024K)]
  0x000001cda3d80550 JavaThread "Unconstrained build operations Thread 30"        [_thread_blocked, id=10560, stack(0x000000383dd00000,0x000000383de00000) (1024K)]
  0x000001cda3d7fec0 JavaThread "Unconstrained build operations Thread 31"        [_thread_blocked, id=1904, stack(0x000000383de00000,0x000000383df00000) (1024K)]
  0x000001cda3d80be0 JavaThread "Unconstrained build operations Thread 32"        [_thread_blocked, id=16996, stack(0x000000383df00000,0x000000383e000000) (1024K)]
  0x000001cda3d7d760 JavaThread "Unconstrained build operations Thread 33"        [_thread_blocked, id=172, stack(0x000000383e000000,0x000000383e100000) (1024K)]
  0x000001cda3d84060 JavaThread "Unconstrained build operations Thread 34"        [_thread_blocked, id=18204, stack(0x000000383e100000,0x000000383e200000) (1024K)]
  0x000001cda3d846f0 JavaThread "Unconstrained build operations Thread 35"        [_thread_blocked, id=11440, stack(0x000000383e200000,0x000000383e300000) (1024K)]
  0x000001cda5df68e0 JavaThread "C2 CompilerThread2"         daemon [_thread_in_vm, id=6604, stack(0x000000383e300000,0x000000383e400000) (1024K)]
Total: 78

Other Threads:
  0x000001cd58d607a0 VMThread "VM Thread"                           [id=19068, stack(0x0000003838e00000,0x0000003838f00000) (1024K)]
  0x000001cd58d4fa80 WatcherThread "VM Periodic Task Thread"        [id=13716, stack(0x0000003838d00000,0x0000003838e00000) (1024K)]
  0x000001cd42059460 WorkerThread "GC Thread#0"                     [id=17728, stack(0x0000003838800000,0x0000003838900000) (1024K)]
  0x000001cd9e475620 WorkerThread "GC Thread#1"                     [id=16068, stack(0x0000003839b00000,0x0000003839c00000) (1024K)]
  0x000001cd9e47da50 WorkerThread "GC Thread#2"                     [id=15840, stack(0x0000003839c00000,0x0000003839d00000) (1024K)]
  0x000001cd9eca3560 WorkerThread "GC Thread#3"                     [id=600, stack(0x0000003839a00000,0x0000003839b00000) (1024K)]
  0x000001cd9eca2120 WorkerThread "GC Thread#4"                     [id=14956, stack(0x0000003839d00000,0x0000003839e00000) (1024K)]
  0x000001cd9fbaea20 WorkerThread "GC Thread#5"                     [id=10324, stack(0x0000003839e00000,0x0000003839f00000) (1024K)]
  0x000001cd9fa93f70 WorkerThread "GC Thread#6"                     [id=8388, stack(0x0000003839f00000,0x000000383a000000) (1024K)]
  0x000001cd9fbb3a50 WorkerThread "GC Thread#7"                     [id=2936, stack(0x000000383a000000,0x000000383a100000) (1024K)]
  0x000001cd3febe2d0 ConcurrentGCThread "G1 Main Marker"            [id=2396, stack(0x0000003838900000,0x0000003838a00000) (1024K)]
  0x000001cd420642f0 WorkerThread "G1 Conc#0"                       [id=16504, stack(0x0000003838a00000,0x0000003838b00000) (1024K)]
  0x000001cda2cb1f90 WorkerThread "G1 Conc#1"                       [id=13960, stack(0x000000383af00000,0x000000383b000000) (1024K)]
  0x000001cd58c195d0 ConcurrentGCThread "G1 Refine#0"               [id=8476, stack(0x0000003838b00000,0x0000003838c00000) (1024K)]
  0x000001cd58c1cb30 ConcurrentGCThread "G1 Service"                [id=6356, stack(0x0000003838c00000,0x0000003838d00000) (1024K)]
Total: 15

Threads with active compile tasks:
C2 CompilerThread0  30848 11915       4       org.gradle.internal.reflect.annotations.impl.DefaultTypeAnnotationMetadataStore$HasAnnotationMetadataBuilder::resolveAnnotations (142 bytes)
C2 CompilerThread1  30848 11859   !   4       sun.reflect.annotation.AnnotationParser::parseAnnotation2 (275 bytes)
C2 CompilerThread2  30848 11929       4       org.gradle.internal.reflect.annotations.impl.DefaultTypeAnnotationMetadataStore$PropertyAnnotationMetadataBuilder::build (20 bytes)
Total: 3

VM state: not at safepoint (normal execution)

VM Mutex/Monitor currently owned by a thread:  ([mutex/lock_event])
[0x00007ffa7129e460] CodeCache_lock - owner thread: 0x0000000000000000

Heap address: 0x00000000a0000000, size: 1536 MB, Compressed Oops mode: 32-bit

CDS archive(s) mapped at: [0x000001cd59000000-0x000001cd59ba0000-0x000001cd59ba0000), size 12189696, SharedBaseAddress: 0x000001cd59000000, ArchiveRelocationMode: 1.
Compressed class space mapped at: 0x000001cd5a000000-0x000001cd9a000000, reserved size: 1073741824
Narrow klass base: 0x000001cd59000000, Narrow klass shift: 0, Narrow klass range: 0x100000000

GC Precious Log:
 CardTable entry size: 512
 Card Set container configuration: InlinePtr #cards 5 size 8 Array Of Cards #cards 12 size 40 Howl #buckets 4 coarsen threshold 1843 Howl Bitmap #cards 512 size 80 coarsen threshold 460 Card regions per heap region 1 cards per card region 2048
 CPUs: 8 total, 8 available
 Memory: 7959M
 Large Page Support: Disabled
 NUMA Support: Disabled
 Compressed Oops: Enabled (32-bit)
 Heap Region Size: 1M
 Heap Min Capacity: 8M
 Heap Initial Capacity: 126M
 Heap Max Capacity: 1536M
 Pre-touch: Disabled
 Parallel Workers: 8
 Concurrent Workers: 2
 Concurrent Refinement Workers: 8
 Periodic GC: Disabled

Heap:
 garbage-first heap   total 157696K, used 104567K [0x00000000a0000000, 0x0000000100000000)
  region size 1024K, 14 young (14336K), 6 survivors (6144K)
 Metaspace       used 82719K, committed 84992K, reserved 1179648K
  class space    used 11844K, committed 12992K, reserved 1048576K

Heap Regions: E=young(eden), S=young(survivor), O=old, HS=humongous(starts), HC=humongous(continues), CS=collection set, F=free, TAMS=top-at-mark-start, PB=parsable bottom
|   0|0x00000000a0000000, 0x00000000a0100000, 0x00000000a0100000|100%|HS|  |TAMS 0x00000000a0000000| PB 0x00000000a0000000| Complete 
|   1|0x00000000a0100000, 0x00000000a0200000, 0x00000000a0200000|100%|HC|  |TAMS 0x00000000a0100000| PB 0x00000000a0100000| Complete 
|   2|0x00000000a0200000, 0x00000000a0300000, 0x00000000a0300000|100%|HC|  |TAMS 0x00000000a0200000| PB 0x00000000a0200000| Complete 
|   3|0x00000000a0300000, 0x00000000a0400000, 0x00000000a0400000|100%| O|  |TAMS 0x00000000a0300000| PB 0x00000000a0300000| Untracked 
|   4|0x00000000a0400000, 0x00000000a0500000, 0x00000000a0500000|100%| O|  |TAMS 0x00000000a0400000| PB 0x00000000a0400000| Untracked 
|   5|0x00000000a0500000, 0x00000000a0600000, 0x00000000a0600000|100%| O|  |TAMS 0x00000000a0500000| PB 0x00000000a0500000| Untracked 
|   6|0x00000000a0600000, 0x00000000a0700000, 0x00000000a0700000|100%|HS|  |TAMS 0x00000000a0600000| PB 0x00000000a0600000| Complete 
|   7|0x00000000a0700000, 0x00000000a0800000, 0x00000000a0800000|100%| O|  |TAMS 0x00000000a0700000| PB 0x00000000a0700000| Untracked 
|   8|0x00000000a0800000, 0x00000000a0900000, 0x00000000a0900000|100%| O|  |TAMS 0x00000000a0800000| PB 0x00000000a0800000| Untracked 
|   9|0x00000000a0900000, 0x00000000a0a00000, 0x00000000a0a00000|100%| O|  |TAMS 0x00000000a0900000| PB 0x00000000a0900000| Untracked 
|  10|0x00000000a0a00000, 0x00000000a0b00000, 0x00000000a0b00000|100%| O|  |TAMS 0x00000000a0a00000| PB 0x00000000a0a00000| Untracked 
|  11|0x00000000a0b00000, 0x00000000a0c00000, 0x00000000a0c00000|100%| O|  |TAMS 0x00000000a0b00000| PB 0x00000000a0b00000| Untracked 
|  12|0x00000000a0c00000, 0x00000000a0d00000, 0x00000000a0d00000|100%| O|  |TAMS 0x00000000a0c00000| PB 0x00000000a0c00000| Untracked 
|  13|0x00000000a0d00000, 0x00000000a0e00000, 0x00000000a0e00000|100%| O|  |TAMS 0x00000000a0d00000| PB 0x00000000a0d00000| Untracked 
|  14|0x00000000a0e00000, 0x00000000a0f00000, 0x00000000a0f00000|100%| O|  |TAMS 0x00000000a0e00000| PB 0x00000000a0e00000| Untracked 
|  15|0x00000000a0f00000, 0x00000000a1000000, 0x00000000a1000000|100%| O|  |TAMS 0x00000000a0f00000| PB 0x00000000a0f00000| Untracked 
|  16|0x00000000a1000000, 0x00000000a1100000, 0x00000000a1100000|100%| O|  |TAMS 0x00000000a1000000| PB 0x00000000a1000000| Untracked 
|  17|0x00000000a1100000, 0x00000000a1200000, 0x00000000a1200000|100%| O|  |TAMS 0x00000000a1100000| PB 0x00000000a1100000| Untracked 
|  18|0x00000000a1200000, 0x00000000a1300000, 0x00000000a1300000|100%| O|  |TAMS 0x00000000a1200000| PB 0x00000000a1200000| Untracked 
|  19|0x00000000a1300000, 0x00000000a1400000, 0x00000000a1400000|100%| O|  |TAMS 0x00000000a1300000| PB 0x00000000a1300000| Untracked 
|  20|0x00000000a1400000, 0x00000000a1500000, 0x00000000a1500000|100%| O|  |TAMS 0x00000000a1400000| PB 0x00000000a1400000| Untracked 
|  21|0x00000000a1500000, 0x00000000a1600000, 0x00000000a1600000|100%| O|  |TAMS 0x00000000a1500000| PB 0x00000000a1500000| Untracked 
|  22|0x00000000a1600000, 0x00000000a1700000, 0x00000000a1700000|100%| O|  |TAMS 0x00000000a1600000| PB 0x00000000a1600000| Untracked 
|  23|0x00000000a1700000, 0x00000000a1800000, 0x00000000a1800000|100%| O|  |TAMS 0x00000000a1700000| PB 0x00000000a1700000| Untracked 
|  24|0x00000000a1800000, 0x00000000a1900000, 0x00000000a1900000|100%| O|  |TAMS 0x00000000a1800000| PB 0x00000000a1800000| Untracked 
|  25|0x00000000a1900000, 0x00000000a1a00000, 0x00000000a1a00000|100%| O|  |TAMS 0x00000000a1900000| PB 0x00000000a1900000| Untracked 
|  26|0x00000000a1a00000, 0x00000000a1b00000, 0x00000000a1b00000|100%| O|  |TAMS 0x00000000a1a00000| PB 0x00000000a1a00000| Untracked 
|  27|0x00000000a1b00000, 0x00000000a1c00000, 0x00000000a1c00000|100%| O|  |TAMS 0x00000000a1b00000| PB 0x00000000a1b00000| Untracked 
|  28|0x00000000a1c00000, 0x00000000a1d00000, 0x00000000a1d00000|100%| O|  |TAMS 0x00000000a1c00000| PB 0x00000000a1c00000| Untracked 
|  29|0x00000000a1d00000, 0x00000000a1e00000, 0x00000000a1e00000|100%| O|  |TAMS 0x00000000a1d00000| PB 0x00000000a1d00000| Untracked 
|  30|0x00000000a1e00000, 0x00000000a1f00000, 0x00000000a1f00000|100%| O|  |TAMS 0x00000000a1e00000| PB 0x00000000a1e00000| Untracked 
|  31|0x00000000a1f00000, 0x00000000a2000000, 0x00000000a2000000|100%| O|  |TAMS 0x00000000a1f00000| PB 0x00000000a1f00000| Untracked 
|  32|0x00000000a2000000, 0x00000000a2100000, 0x00000000a2100000|100%| O|  |TAMS 0x00000000a2000000| PB 0x00000000a2000000| Untracked 
|  33|0x00000000a2100000, 0x00000000a2200000, 0x00000000a2200000|100%| O|  |TAMS 0x00000000a2100000| PB 0x00000000a2100000| Untracked 
|  34|0x00000000a2200000, 0x00000000a2300000, 0x00000000a2300000|100%| O|  |TAMS 0x00000000a2200000| PB 0x00000000a2200000| Untracked 
|  35|0x00000000a2300000, 0x00000000a2400000, 0x00000000a2400000|100%| O|  |TAMS 0x00000000a2300000| PB 0x00000000a2300000| Untracked 
|  36|0x00000000a2400000, 0x00000000a2500000, 0x00000000a2500000|100%| O|  |TAMS 0x00000000a2400000| PB 0x00000000a2400000| Untracked 
|  37|0x00000000a2500000, 0x00000000a2600000, 0x00000000a2600000|100%|HS|  |TAMS 0x00000000a2500000| PB 0x00000000a2500000| Complete 
|  38|0x00000000a2600000, 0x00000000a2700000, 0x00000000a2700000|100%|HS|  |TAMS 0x00000000a2600000| PB 0x00000000a2600000| Complete 
|  39|0x00000000a2700000, 0x00000000a2800000, 0x00000000a2800000|100%| O|  |TAMS 0x00000000a2700000| PB 0x00000000a2700000| Untracked 
|  40|0x00000000a2800000, 0x00000000a2900000, 0x00000000a2900000|100%| O|  |TAMS 0x00000000a2800000| PB 0x00000000a2800000| Untracked 
|  41|0x00000000a2900000, 0x00000000a2a00000, 0x00000000a2a00000|100%| O|  |TAMS 0x00000000a2900000| PB 0x00000000a2900000| Untracked 
|  42|0x00000000a2a00000, 0x00000000a2b00000, 0x00000000a2b00000|100%| O|  |TAMS 0x00000000a2a00000| PB 0x00000000a2a00000| Untracked 
|  43|0x00000000a2b00000, 0x00000000a2c00000, 0x00000000a2c00000|100%| O|Cm|TAMS 0x00000000a2b00000| PB 0x00000000a2b00000| Complete 
|  44|0x00000000a2c00000, 0x00000000a2d00000, 0x00000000a2d00000|100%|HS|  |TAMS 0x00000000a2c00000| PB 0x00000000a2c00000| Complete 
|  45|0x00000000a2d00000, 0x00000000a2e00000, 0x00000000a2e00000|100%|HS|  |TAMS 0x00000000a2d00000| PB 0x00000000a2d00000| Complete 
|  46|0x00000000a2e00000, 0x00000000a2f00000, 0x00000000a2f00000|100%| O|  |TAMS 0x00000000a2e00000| PB 0x00000000a2e00000| Untracked 
|  47|0x00000000a2f00000, 0x00000000a3000000, 0x00000000a3000000|100%| O|  |TAMS 0x00000000a2f00000| PB 0x00000000a2f00000| Untracked 
|  48|0x00000000a3000000, 0x00000000a3100000, 0x00000000a3100000|100%| O|  |TAMS 0x00000000a3000000| PB 0x00000000a3000000| Untracked 
|  49|0x00000000a3100000, 0x00000000a3200000, 0x00000000a3200000|100%| O|  |TAMS 0x00000000a3100000| PB 0x00000000a3100000| Untracked 
|  50|0x00000000a3200000, 0x00000000a3300000, 0x00000000a3300000|100%|HS|  |TAMS 0x00000000a3200000| PB 0x00000000a3200000| Complete 
|  51|0x00000000a3300000, 0x00000000a3400000, 0x00000000a3400000|100%| O|  |TAMS 0x00000000a3300000| PB 0x00000000a3300000| Untracked 
|  52|0x00000000a3400000, 0x00000000a3500000, 0x00000000a3500000|100%|HS|  |TAMS 0x00000000a3400000| PB 0x00000000a3400000| Complete 
|  53|0x00000000a3500000, 0x00000000a3600000, 0x00000000a3600000|100%| O|  |TAMS 0x00000000a3500000| PB 0x00000000a3500000| Untracked 
|  54|0x00000000a3600000, 0x00000000a3700000, 0x00000000a3700000|100%| O|  |TAMS 0x00000000a3600000| PB 0x00000000a3600000| Untracked 
|  55|0x00000000a3700000, 0x00000000a3800000, 0x00000000a3800000|100%| O|  |TAMS 0x00000000a3700000| PB 0x00000000a3700000| Untracked 
|  56|0x00000000a3800000, 0x00000000a3900000, 0x00000000a3900000|100%| O|  |TAMS 0x00000000a3800000| PB 0x00000000a3800000| Untracked 
|  57|0x00000000a3900000, 0x00000000a3a00000, 0x00000000a3a00000|100%| O|  |TAMS 0x00000000a3900000| PB 0x00000000a3900000| Untracked 
|  58|0x00000000a3a00000, 0x00000000a3b00000, 0x00000000a3b00000|100%| O|  |TAMS 0x00000000a3a00000| PB 0x00000000a3a00000| Untracked 
|  59|0x00000000a3b00000, 0x00000000a3c00000, 0x00000000a3c00000|100%| O|  |TAMS 0x00000000a3b00000| PB 0x00000000a3b00000| Untracked 
|  60|0x00000000a3c00000, 0x00000000a3d00000, 0x00000000a3d00000|100%| O|  |TAMS 0x00000000a3c00000| PB 0x00000000a3c00000| Untracked 
|  61|0x00000000a3d00000, 0x00000000a3e00000, 0x00000000a3e00000|100%| O|  |TAMS 0x00000000a3d00000| PB 0x00000000a3d00000| Untracked 
|  62|0x00000000a3e00000, 0x00000000a3f00000, 0x00000000a3f00000|100%| O|  |TAMS 0x00000000a3e00000| PB 0x00000000a3e00000| Untracked 
|  63|0x00000000a3f00000, 0x00000000a4000000, 0x00000000a4000000|100%|HS|  |TAMS 0x00000000a3f00000| PB 0x00000000a3f00000| Complete 
|  64|0x00000000a4000000, 0x00000000a4100000, 0x00000000a4100000|100%| O|  |TAMS 0x00000000a4000000| PB 0x00000000a4000000| Untracked 
|  65|0x00000000a4100000, 0x00000000a4200000, 0x00000000a4200000|100%| O|  |TAMS 0x00000000a4100000| PB 0x00000000a4100000| Untracked 
|  66|0x00000000a4200000, 0x00000000a4300000, 0x00000000a4300000|100%| O|  |TAMS 0x00000000a4200000| PB 0x00000000a4200000| Untracked 
|  67|0x00000000a4300000, 0x00000000a4400000, 0x00000000a4400000|100%| O|  |TAMS 0x00000000a4300000| PB 0x00000000a4300000| Untracked 
|  68|0x00000000a4400000, 0x00000000a4500000, 0x00000000a4500000|100%| O|  |TAMS 0x00000000a4400000| PB 0x00000000a4400000| Untracked 
|  69|0x00000000a4500000, 0x00000000a4600000, 0x00000000a4600000|100%| O|  |TAMS 0x00000000a4500000| PB 0x00000000a4500000| Untracked 
|  70|0x00000000a4600000, 0x00000000a4700000, 0x00000000a4700000|100%| O|  |TAMS 0x00000000a4600000| PB 0x00000000a4600000| Untracked 
|  71|0x00000000a4700000, 0x00000000a4800000, 0x00000000a4800000|100%| O|  |TAMS 0x00000000a4700000| PB 0x00000000a4700000| Untracked 
|  72|0x00000000a4800000, 0x00000000a4900000, 0x00000000a4900000|100%|HS|  |TAMS 0x00000000a4800000| PB 0x00000000a4800000| Complete 
|  73|0x00000000a4900000, 0x00000000a4a00000, 0x00000000a4a00000|100%| O|  |TAMS 0x00000000a4900000| PB 0x00000000a4900000| Untracked 
|  74|0x00000000a4a00000, 0x00000000a4b00000, 0x00000000a4b00000|100%| O|  |TAMS 0x00000000a4a00000| PB 0x00000000a4a00000| Untracked 
|  75|0x00000000a4b00000, 0x00000000a4c00000, 0x00000000a4c00000|100%| O|  |TAMS 0x00000000a4b00000| PB 0x00000000a4b00000| Untracked 
|  76|0x00000000a4c00000, 0x00000000a4d00000, 0x00000000a4d00000|100%| O|  |TAMS 0x00000000a4c00000| PB 0x00000000a4c00000| Untracked 
|  77|0x00000000a4d00000, 0x00000000a4e00000, 0x00000000a4e00000|100%| O|  |TAMS 0x00000000a4d00000| PB 0x00000000a4d00000| Untracked 
|  78|0x00000000a4e00000, 0x00000000a4f00000, 0x00000000a4f00000|100%| O|  |TAMS 0x00000000a4e00000| PB 0x00000000a4e00000| Untracked 
|  79|0x00000000a4f00000, 0x00000000a5000000, 0x00000000a5000000|100%| O|  |TAMS 0x00000000a4f00000| PB 0x00000000a4f00000| Untracked 
|  80|0x00000000a5000000, 0x00000000a501dc68, 0x00000000a5100000| 11%| O|  |TAMS 0x00000000a5000000| PB 0x00000000a5000000| Untracked 
|  81|0x00000000a5100000, 0x00000000a5100000, 0x00000000a5200000|  0%| F|  |TAMS 0x00000000a5100000| PB 0x00000000a5100000| Untracked 
|  82|0x00000000a5200000, 0x00000000a5200000, 0x00000000a5300000|  0%| F|  |TAMS 0x00000000a5200000| PB 0x00000000a5200000| Untracked 
|  83|0x00000000a5300000, 0x00000000a5400000, 0x00000000a5400000|100%| O|  |TAMS 0x00000000a5300000| PB 0x00000000a5300000| Untracked 
|  84|0x00000000a5400000, 0x00000000a5500000, 0x00000000a5500000|100%| O|  |TAMS 0x00000000a5400000| PB 0x00000000a5400000| Untracked 
|  85|0x00000000a5500000, 0x00000000a5600000, 0x00000000a5600000|100%| O|  |TAMS 0x00000000a5500000| PB 0x00000000a5500000| Untracked 
|  86|0x00000000a5600000, 0x00000000a5600000, 0x00000000a5700000|  0%| F|  |TAMS 0x00000000a5600000| PB 0x00000000a5600000| Untracked 
|  87|0x00000000a5700000, 0x00000000a5700000, 0x00000000a5800000|  0%| F|  |TAMS 0x00000000a5700000| PB 0x00000000a5700000| Untracked 
|  88|0x00000000a5800000, 0x00000000a5800000, 0x00000000a5900000|  0%| F|  |TAMS 0x00000000a5800000| PB 0x00000000a5800000| Untracked 
|  89|0x00000000a5900000, 0x00000000a5900000, 0x00000000a5a00000|  0%| F|  |TAMS 0x00000000a5900000| PB 0x00000000a5900000| Untracked 
|  90|0x00000000a5a00000, 0x00000000a5a00000, 0x00000000a5b00000|  0%| F|  |TAMS 0x00000000a5a00000| PB 0x00000000a5a00000| Untracked 
|  91|0x00000000a5b00000, 0x00000000a5b00000, 0x00000000a5c00000|  0%| F|  |TAMS 0x00000000a5b00000| PB 0x00000000a5b00000| Untracked 
|  92|0x00000000a5c00000, 0x00000000a5c00000, 0x00000000a5d00000|  0%| F|  |TAMS 0x00000000a5c00000| PB 0x00000000a5c00000| Untracked 
|  93|0x00000000a5d00000, 0x00000000a5d00000, 0x00000000a5e00000|  0%| F|  |TAMS 0x00000000a5d00000| PB 0x00000000a5d00000| Untracked 
|  94|0x00000000a5e00000, 0x00000000a5e00000, 0x00000000a5f00000|  0%| F|  |TAMS 0x00000000a5e00000| PB 0x00000000a5e00000| Untracked 
|  95|0x00000000a5f00000, 0x00000000a5f00000, 0x00000000a6000000|  0%| F|  |TAMS 0x00000000a5f00000| PB 0x00000000a5f00000| Untracked 
|  96|0x00000000a6000000, 0x00000000a6000000, 0x00000000a6100000|  0%| F|  |TAMS 0x00000000a6000000| PB 0x00000000a6000000| Untracked 
|  97|0x00000000a6100000, 0x00000000a6100000, 0x00000000a6200000|  0%| F|  |TAMS 0x00000000a6100000| PB 0x00000000a6100000| Untracked 
|  98|0x00000000a6200000, 0x00000000a6200000, 0x00000000a6300000|  0%| F|  |TAMS 0x00000000a6200000| PB 0x00000000a6200000| Untracked 
|  99|0x00000000a6300000, 0x00000000a6300000, 0x00000000a6400000|  0%| F|  |TAMS 0x00000000a6300000| PB 0x00000000a6300000| Untracked 
| 100|0x00000000a6400000, 0x00000000a6400000, 0x00000000a6500000|  0%| F|  |TAMS 0x00000000a6400000| PB 0x00000000a6400000| Untracked 
| 101|0x00000000a6500000, 0x00000000a6500000, 0x00000000a6600000|  0%| F|  |TAMS 0x00000000a6500000| PB 0x00000000a6500000| Untracked 
| 102|0x00000000a6600000, 0x00000000a6600000, 0x00000000a6700000|  0%| F|  |TAMS 0x00000000a6600000| PB 0x00000000a6600000| Untracked 
| 103|0x00000000a6700000, 0x00000000a6700000, 0x00000000a6800000|  0%| F|  |TAMS 0x00000000a6700000| PB 0x00000000a6700000| Untracked 
| 104|0x00000000a6800000, 0x00000000a6900000, 0x00000000a6900000|100%| S|CS|TAMS 0x00000000a6800000| PB 0x00000000a6800000| Complete 
| 105|0x00000000a6900000, 0x00000000a6a00000, 0x00000000a6a00000|100%| S|CS|TAMS 0x00000000a6900000| PB 0x00000000a6900000| Complete 
| 106|0x00000000a6a00000, 0x00000000a6b00000, 0x00000000a6b00000|100%| S|CS|TAMS 0x00000000a6a00000| PB 0x00000000a6a00000| Complete 
| 107|0x00000000a6b00000, 0x00000000a6c00000, 0x00000000a6c00000|100%| S|CS|TAMS 0x00000000a6b00000| PB 0x00000000a6b00000| Complete 
| 108|0x00000000a6c00000, 0x00000000a6d00000, 0x00000000a6d00000|100%| S|CS|TAMS 0x00000000a6c00000| PB 0x00000000a6c00000| Complete 
| 109|0x00000000a6d00000, 0x00000000a6e00000, 0x00000000a6e00000|100%| S|CS|TAMS 0x00000000a6d00000| PB 0x00000000a6d00000| Complete 
| 110|0x00000000a6e00000, 0x00000000a6e00000, 0x00000000a6f00000|  0%| F|  |TAMS 0x00000000a6e00000| PB 0x00000000a6e00000| Untracked 
| 111|0x00000000a6f00000, 0x00000000a6f00000, 0x00000000a7000000|  0%| F|  |TAMS 0x00000000a6f00000| PB 0x00000000a6f00000| Untracked 
| 112|0x00000000a7000000, 0x00000000a7000000, 0x00000000a7100000|  0%| F|  |TAMS 0x00000000a7000000| PB 0x00000000a7000000| Untracked 
| 113|0x00000000a7100000, 0x00000000a7100000, 0x00000000a7200000|  0%| F|  |TAMS 0x00000000a7100000| PB 0x00000000a7100000| Untracked 
| 114|0x00000000a7200000, 0x00000000a7200000, 0x00000000a7300000|  0%| F|  |TAMS 0x00000000a7200000| PB 0x00000000a7200000| Untracked 
| 115|0x00000000a7300000, 0x00000000a7300000, 0x00000000a7400000|  0%| F|  |TAMS 0x00000000a7300000| PB 0x00000000a7300000| Untracked 
| 116|0x00000000a7400000, 0x00000000a7400000, 0x00000000a7500000|  0%| F|  |TAMS 0x00000000a7400000| PB 0x00000000a7400000| Untracked 
| 117|0x00000000a7500000, 0x00000000a7500000, 0x00000000a7600000|  0%| F|  |TAMS 0x00000000a7500000| PB 0x00000000a7500000| Untracked 
| 118|0x00000000a7600000, 0x00000000a7600000, 0x00000000a7700000|  0%| F|  |TAMS 0x00000000a7600000| PB 0x00000000a7600000| Untracked 
| 119|0x00000000a7700000, 0x00000000a7700000, 0x00000000a7800000|  0%| F|  |TAMS 0x00000000a7700000| PB 0x00000000a7700000| Untracked 
| 120|0x00000000a7800000, 0x00000000a7800000, 0x00000000a7900000|  0%| F|  |TAMS 0x00000000a7800000| PB 0x00000000a7800000| Untracked 
| 121|0x00000000a7900000, 0x00000000a7900000, 0x00000000a7a00000|  0%| F|  |TAMS 0x00000000a7900000| PB 0x00000000a7900000| Untracked 
| 122|0x00000000a7a00000, 0x00000000a7a00000, 0x00000000a7b00000|  0%| F|  |TAMS 0x00000000a7a00000| PB 0x00000000a7a00000| Untracked 
| 123|0x00000000a7b00000, 0x00000000a7b00000, 0x00000000a7c00000|  0%| F|  |TAMS 0x00000000a7b00000| PB 0x00000000a7b00000| Untracked 
| 124|0x00000000a7c00000, 0x00000000a7c00000, 0x00000000a7d00000|  0%| F|  |TAMS 0x00000000a7c00000| PB 0x00000000a7c00000| Untracked 
| 125|0x00000000a7d00000, 0x00000000a7d00000, 0x00000000a7e00000|  0%| F|  |TAMS 0x00000000a7d00000| PB 0x00000000a7d00000| Untracked 
| 126|0x00000000a7e00000, 0x00000000a7e00000, 0x00000000a7f00000|  0%| F|  |TAMS 0x00000000a7e00000| PB 0x00000000a7e00000| Untracked 
| 127|0x00000000a7f00000, 0x00000000a7f00000, 0x00000000a8000000|  0%| F|  |TAMS 0x00000000a7f00000| PB 0x00000000a7f00000| Untracked 
| 128|0x00000000a8000000, 0x00000000a8000000, 0x00000000a8100000|  0%| F|  |TAMS 0x00000000a8000000| PB 0x00000000a8000000| Untracked 
| 129|0x00000000a8100000, 0x00000000a8100000, 0x00000000a8200000|  0%| F|  |TAMS 0x00000000a8100000| PB 0x00000000a8100000| Untracked 
| 130|0x00000000a8200000, 0x00000000a8200000, 0x00000000a8300000|  0%| F|  |TAMS 0x00000000a8200000| PB 0x00000000a8200000| Untracked 
| 131|0x00000000a8300000, 0x00000000a8300000, 0x00000000a8400000|  0%| F|  |TAMS 0x00000000a8300000| PB 0x00000000a8300000| Untracked 
| 132|0x00000000a8400000, 0x00000000a8400000, 0x00000000a8500000|  0%| F|  |TAMS 0x00000000a8400000| PB 0x00000000a8400000| Untracked 
| 133|0x00000000a8500000, 0x00000000a8500000, 0x00000000a8600000|  0%| F|  |TAMS 0x00000000a8500000| PB 0x00000000a8500000| Untracked 
| 134|0x00000000a8600000, 0x00000000a8600000, 0x00000000a8700000|  0%| F|  |TAMS 0x00000000a8600000| PB 0x00000000a8600000| Untracked 
| 135|0x00000000a8700000, 0x00000000a8700000, 0x00000000a8800000|  0%| F|  |TAMS 0x00000000a8700000| PB 0x00000000a8700000| Untracked 
| 136|0x00000000a8800000, 0x00000000a8800000, 0x00000000a8900000|  0%| F|  |TAMS 0x00000000a8800000| PB 0x00000000a8800000| Untracked 
| 137|0x00000000a8900000, 0x00000000a8900000, 0x00000000a8a00000|  0%| F|  |TAMS 0x00000000a8900000| PB 0x00000000a8900000| Untracked 
| 138|0x00000000a8a00000, 0x00000000a8a00000, 0x00000000a8b00000|  0%| F|  |TAMS 0x00000000a8a00000| PB 0x00000000a8a00000| Untracked 
| 139|0x00000000a8b00000, 0x00000000a8b80000, 0x00000000a8c00000| 50%| E|  |TAMS 0x00000000a8b00000| PB 0x00000000a8b00000| Complete 
| 140|0x00000000a8c00000, 0x00000000a8d00000, 0x00000000a8d00000|100%| E|CS|TAMS 0x00000000a8c00000| PB 0x00000000a8c00000| Complete 
| 141|0x00000000a8d00000, 0x00000000a8e00000, 0x00000000a8e00000|100%| E|CS|TAMS 0x00000000a8d00000| PB 0x00000000a8d00000| Complete 
| 142|0x00000000a8e00000, 0x00000000a8f00000, 0x00000000a8f00000|100%| E|CS|TAMS 0x00000000a8e00000| PB 0x00000000a8e00000| Complete 
| 143|0x00000000a8f00000, 0x00000000a9000000, 0x00000000a9000000|100%| E|CS|TAMS 0x00000000a8f00000| PB 0x00000000a8f00000| Complete 
| 144|0x00000000a9000000, 0x00000000a9100000, 0x00000000a9100000|100%| E|CS|TAMS 0x00000000a9000000| PB 0x00000000a9000000| Complete 
| 145|0x00000000a9100000, 0x00000000a9200000, 0x00000000a9200000|100%| E|CS|TAMS 0x00000000a9100000| PB 0x00000000a9100000| Complete 
| 146|0x00000000a9200000, 0x00000000a9300000, 0x00000000a9300000|100%| E|CS|TAMS 0x00000000a9200000| PB 0x00000000a9200000| Complete 
| 147|0x00000000a9300000, 0x00000000a9400000, 0x00000000a9400000|100%| E|CS|TAMS 0x00000000a9300000| PB 0x00000000a9300000| Complete 
|1530|0x00000000ffa00000, 0x00000000ffb00000, 0x00000000ffb00000|100%| O|Cm|TAMS 0x00000000ffa00000| PB 0x00000000ffa00000| Complete 
|1531|0x00000000ffb00000, 0x00000000ffc00000, 0x00000000ffc00000|100%| O|  |TAMS 0x00000000ffb00000| PB 0x00000000ffb00000| Untracked 
|1532|0x00000000ffc00000, 0x00000000ffd00000, 0x00000000ffd00000|100%| O|  |TAMS 0x00000000ffc00000| PB 0x00000000ffc00000| Untracked 
|1533|0x00000000ffd00000, 0x00000000ffe00000, 0x00000000ffe00000|100%| O|  |TAMS 0x00000000ffd00000| PB 0x00000000ffd00000| Untracked 
|1534|0x00000000ffe00000, 0x00000000fff00000, 0x00000000fff00000|100%| O|  |TAMS 0x00000000ffe00000| PB 0x00000000ffe00000| Untracked 
|1535|0x00000000fff00000, 0x0000000100000000, 0x0000000100000000|100%| O|  |TAMS 0x00000000fff00000| PB 0x00000000fff00000| Untracked 

Card table byte_map: [0x000001cd54840000,0x000001cd54b40000] _byte_map_base: 0x000001cd54340000

Marking Bits: (CMBitMap*) 0x000001cd3febac50
 Bits: [0x000001cd54b40000, 0x000001cd56340000)

Polling page: 0x000001cd3ff00000

Metaspace:

Usage:
  Non-class:     69.23 MB used.
      Class:     11.57 MB used.
       Both:     80.80 MB used.

Virtual space:
  Non-class space:      128.00 MB reserved,      70.38 MB ( 55%) committed,  2 nodes.
      Class space:        1.00 GB reserved,      12.69 MB (  1%) committed,  1 nodes.
             Both:        1.12 GB reserved,      83.06 MB (  7%) committed. 

Chunk freelists:
   Non-Class:  9.67 MB
       Class:  3.36 MB
        Both:  13.03 MB

MaxMetaspaceSize: unlimited
CompressedClassSpaceSize: 1.00 GB
Initial GC threshold: 21.00 MB
Current GC threshold: 134.69 MB
CDS: on
 - commit_granule_bytes: 65536.
 - commit_granule_words: 8192.
 - virtual_space_node_default_size: 8388608.
 - enlarge_chunks_in_place: 1.
 - use_allocation_guard: 0.


Internal statistics:

num_allocs_failed_limit: 9.
num_arena_births: 4028.
num_arena_deaths: 0.
num_vsnodes_births: 3.
num_vsnodes_deaths: 0.
num_space_committed: 1329.
num_space_uncommitted: 0.
num_chunks_returned_to_freelist: 9.
num_chunks_taken_from_freelist: 7974.
num_chunk_merges: 9.
num_chunk_splits: 5207.
num_chunks_enlarged: 3262.
num_inconsistent_stats: 0.

CodeHeap 'non-profiled nmethods': size=120000Kb used=6697Kb max_used=6697Kb free=113302Kb
 bounds [0x000001cd4cce0000, 0x000001cd4d370000, 0x000001cd54210000]
CodeHeap 'profiled nmethods': size=120000Kb used=18638Kb max_used=18736Kb free=101361Kb
 bounds [0x000001cd45210000, 0x000001cd46460000, 0x000001cd4c740000]
CodeHeap 'non-nmethods': size=5760Kb used=2944Kb max_used=2988Kb free=2815Kb
 bounds [0x000001cd4c740000, 0x000001cd4ca40000, 0x000001cd4cce0000]
CodeCache: size=245760Kb, used=28279Kb, max_used=28421Kb, free=217478Kb
 total_blobs=11035, nmethods=10068, adapters=871, full_count=0
Compilation: enabled, stopped_count=0, restarted_count=0

Compilation events (20 events):
Event: 29.794 Thread 0x000001cd58d99910 nmethod 11933 0x000001cd45a19d90 code [0x000001cd45a19fa0, 0x000001cd45a1a770]
Event: 29.794 Thread 0x000001cd58d99910 11934       3       org.gradle.api.DefaultTask::<init> (5 bytes)
Event: 29.795 Thread 0x000001cd58d99910 nmethod 11934 0x000001cd45f94c10 code [0x000001cd45f94e00, 0x000001cd45f95238]
Event: 29.795 Thread 0x000001cd58d99910 11935       3       org.gradle.api.internal.AbstractTask::<init> (8 bytes)
Event: 29.795 Thread 0x000001cd58d99910 nmethod 11935 0x000001cd458a3490 code [0x000001cd458a3660, 0x000001cd458a3a30]
Event: 29.796 Thread 0x000001cd58d99910 11936       3       org.gradle.internal.logging.slf4j.DefaultContextAwareTaskLogger::<init> (23 bytes)
Event: 29.796 Thread 0x000001cd58d99910 nmethod 11936 0x000001cd4601d310 code [0x000001cd4601d4e0, 0x000001cd4601d808]
Event: 29.796 Thread 0x000001cd58d99910 11937       3       org.gradle.api.internal.project.taskfactory.AnnotationProcessingTaskFactory::process (108 bytes)
Event: 29.798 Thread 0x000001cd58d99910 nmethod 11937 0x000001cd4554be10 code [0x000001cd4554c200, 0x000001cd4554e190]
Event: 29.799 Thread 0x000001cd58d99910 11938       3       org.gradle.api.internal.project.taskfactory.DefaultTaskClassInfoStore::getTaskClassInfo (20 bytes)
Event: 29.799 Thread 0x000001cd58d99910 nmethod 11938 0x000001cd4548da10 code [0x000001cd4548dc20, 0x000001cd4548e3a0]
Event: 29.799 Thread 0x000001cd58d99910 11939       3       org.gradle.api.internal.project.taskfactory.AnnotationProcessingTaskFactory$$Lambda/0x000001cd5a831798::<init> (10 bytes)
Event: 29.800 Thread 0x000001cd58d99910 nmethod 11939 0x000001cd45a19910 code [0x000001cd45a19ac0, 0x000001cd45a19c78]
Event: 29.800 Thread 0x000001cd58d99910 11940       3       org.gradle.internal.instantiation.generator.AsmBackedClassGenerator$ClassBuilderImpl$32::<init> (79 bytes)
Event: 29.801 Thread 0x000001cd58d99910 nmethod 11940 0x000001cd452ff210 code [0x000001cd452ff4c0, 0x000001cd453003d8]
Event: 29.802 Thread 0x000001cd58d99910 11943       3       org.gradle.api.internal.tasks.DefaultTaskContainer$TaskCreatingProvider::onLazyDomainObjectRealized (15 bytes)
Event: 29.803 Thread 0x000001cd58d99910 nmethod 11943 0x000001cd452de590 code [0x000001cd452de740, 0x000001cd452de9b8]
Event: 29.803 Thread 0x000001cd58d99910 11944   !   3       org.gradle.api.internal.tasks.TaskStatistics::lazyTaskRealized (104 bytes)
Event: 29.803 Thread 0x000001cd58d99910 nmethod 11944 0x000001cd4554a990 code [0x000001cd4554ac00, 0x000001cd4554b738]
Event: 29.803 Thread 0x000001cd58d99910 11945       3       org.gradle.plugins.ide.internal.tooling.GradleProjectBuilder$$Lambda/0x000001cd5ab75e00::test (8 bytes)

GC Heap History (20 events):
Event: 20.190 GC heap before
{Heap before GC invocations=28 (full 0):
 garbage-first heap   total 119808K, used 97573K [0x00000000a0000000, 0x0000000100000000)
  region size 1024K, 30 young (30720K), 4 survivors (4096K)
 Metaspace       used 65265K, committed 67264K, reserved 1114112K
  class space    used 9216K, committed 10240K, reserved 1048576K
}
Event: 20.198 GC heap after
{Heap after GC invocations=29 (full 0):
 garbage-first heap   total 119808K, used 73102K [0x00000000a0000000, 0x0000000100000000)
  region size 1024K, 4 young (4096K), 4 survivors (4096K)
 Metaspace       used 65265K, committed 67264K, reserved 1114112K
  class space    used 9216K, committed 10240K, reserved 1048576K
}
Event: 21.073 GC heap before
{Heap before GC invocations=29 (full 0):
 garbage-first heap   total 119808K, used 108942K [0x00000000a0000000, 0x0000000100000000)
  region size 1024K, 39 young (39936K), 4 survivors (4096K)
 Metaspace       used 67499K, committed 69504K, reserved 1114112K
  class space    used 9518K, committed 10496K, reserved 1048576K
}
Event: 21.080 GC heap after
{Heap after GC invocations=30 (full 0):
 garbage-first heap   total 119808K, used 75679K [0x00000000a0000000, 0x0000000100000000)
  region size 1024K, 5 young (5120K), 5 survivors (5120K)
 Metaspace       used 67499K, committed 69504K, reserved 1114112K
  class space    used 9518K, committed 10496K, reserved 1048576K
}
Event: 21.492 GC heap before
{Heap before GC invocations=30 (full 0):
 garbage-first heap   total 119808K, used 86943K [0x00000000a0000000, 0x0000000100000000)
  region size 1024K, 17 young (17408K), 5 survivors (5120K)
 Metaspace       used 68465K, committed 70464K, reserved 1114112K
  class space    used 9659K, committed 10688K, reserved 1048576K
}
Event: 21.497 GC heap after
{Heap after GC invocations=31 (full 0):
 garbage-first heap   total 119808K, used 76658K [0x00000000a0000000, 0x0000000100000000)
  region size 1024K, 4 young (4096K), 4 survivors (4096K)
 Metaspace       used 68465K, committed 70464K, reserved 1114112K
  class space    used 9659K, committed 10688K, reserved 1048576K
}
Event: 22.423 GC heap before
{Heap before GC invocations=32 (full 0):
 garbage-first heap   total 132096K, used 111474K [0x00000000a0000000, 0x0000000100000000)
  region size 1024K, 37 young (37888K), 4 survivors (4096K)
 Metaspace       used 71356K, committed 73408K, reserved 1114112K
  class space    used 10168K, committed 11200K, reserved 1048576K
}
Event: 22.428 GC heap after
{Heap after GC invocations=33 (full 0):
 garbage-first heap   total 132096K, used 77603K [0x00000000a0000000, 0x0000000100000000)
  region size 1024K, 2 young (2048K), 2 survivors (2048K)
 Metaspace       used 71356K, committed 73408K, reserved 1114112K
  class space    used 10168K, committed 11200K, reserved 1048576K
}
Event: 23.398 GC heap before
{Heap before GC invocations=33 (full 0):
 garbage-first heap   total 132096K, used 121635K [0x00000000a0000000, 0x0000000100000000)
  region size 1024K, 45 young (46080K), 2 survivors (2048K)
 Metaspace       used 75022K, committed 77184K, reserved 1114112K
  class space    used 10723K, committed 11776K, reserved 1048576K
}
Event: 23.404 GC heap after
{Heap after GC invocations=34 (full 0):
 garbage-first heap   total 132096K, used 79908K [0x00000000a0000000, 0x0000000100000000)
  region size 1024K, 4 young (4096K), 4 survivors (4096K)
 Metaspace       used 75022K, committed 77184K, reserved 1114112K
  class space    used 10723K, committed 11776K, reserved 1048576K
}
Event: 24.267 GC heap before
{Heap before GC invocations=34 (full 0):
 garbage-first heap   total 132096K, used 121892K [0x00000000a0000000, 0x0000000100000000)
  region size 1024K, 46 young (47104K), 4 survivors (4096K)
 Metaspace       used 75218K, committed 77376K, reserved 1179648K
  class space    used 10726K, committed 11776K, reserved 1048576K
}
Event: 24.273 GC heap after
{Heap after GC invocations=35 (full 0):
 garbage-first heap   total 132096K, used 81690K [0x00000000a0000000, 0x0000000100000000)
  region size 1024K, 5 young (5120K), 5 survivors (5120K)
 Metaspace       used 75218K, committed 77376K, reserved 1179648K
  class space    used 10726K, committed 11776K, reserved 1048576K
}
Event: 24.953 GC heap before
{Heap before GC invocations=36 (full 0):
 garbage-first heap   total 138240K, used 122650K [0x00000000a0000000, 0x0000000100000000)
  region size 1024K, 45 young (46080K), 5 survivors (5120K)
 Metaspace       used 76237K, committed 78464K, reserved 1179648K
  class space    used 10922K, committed 12032K, reserved 1048576K
}
Event: 24.961 GC heap after
{Heap after GC invocations=37 (full 0):
 garbage-first heap   total 138240K, used 86013K [0x00000000a0000000, 0x0000000100000000)
  region size 1024K, 6 young (6144K), 6 survivors (6144K)
 Metaspace       used 76237K, committed 78464K, reserved 1179648K
  class space    used 10922K, committed 12032K, reserved 1048576K
}
Event: 26.661 GC heap before
{Heap before GC invocations=37 (full 0):
 garbage-first heap   total 138240K, used 130045K [0x00000000a0000000, 0x0000000100000000)
  region size 1024K, 48 young (49152K), 6 survivors (6144K)
 Metaspace       used 78091K, committed 80320K, reserved 1179648K
  class space    used 11182K, committed 12288K, reserved 1048576K
}
Event: 26.682 GC heap after
{Heap after GC invocations=38 (full 0):
 garbage-first heap   total 142336K, used 90863K [0x00000000a0000000, 0x0000000100000000)
  region size 1024K, 5 young (5120K), 5 survivors (5120K)
 Metaspace       used 78091K, committed 80320K, reserved 1179648K
  class space    used 11182K, committed 12288K, reserved 1048576K
}
Event: 29.172 GC heap before
{Heap before GC invocations=38 (full 0):
 garbage-first heap   total 142336K, used 131823K [0x00000000a0000000, 0x0000000100000000)
  region size 1024K, 45 young (46080K), 5 survivors (5120K)
 Metaspace       used 80332K, committed 82624K, reserved 1179648K
  class space    used 11481K, committed 12608K, reserved 1048576K
}
Event: 29.180 GC heap after
{Heap after GC invocations=39 (full 0):
 garbage-first heap   total 142336K, used 94052K [0x00000000a0000000, 0x0000000100000000)
  region size 1024K, 3 young (3072K), 3 survivors (3072K)
 Metaspace       used 80332K, committed 82624K, reserved 1179648K
  class space    used 11481K, committed 12608K, reserved 1048576K
}
Event: 29.723 GC heap before
{Heap before GC invocations=40 (full 0):
 garbage-first heap   total 157696K, used 132964K [0x00000000a0000000, 0x0000000100000000)
  region size 1024K, 41 young (41984K), 3 survivors (3072K)
 Metaspace       used 82201K, committed 84416K, reserved 1179648K
  class space    used 11763K, committed 12864K, reserved 1048576K
}
Event: 29.728 GC heap after
{Heap after GC invocations=41 (full 0):
 garbage-first heap   total 157696K, used 97399K [0x00000000a0000000, 0x0000000100000000)
  region size 1024K, 6 young (6144K), 6 survivors (6144K)
 Metaspace       used 82201K, committed 84416K, reserved 1179648K
  class space    used 11763K, committed 12864K, reserved 1048576K
}

Dll operation events (14 events):
Event: 0.015 Loaded shared library C:\Users\Admin\.antigravity\extensions\redhat.java-1.53.0-win32-x64\jre\21.0.10-win32-x86_64\bin\java.dll
Event: 0.083 Loaded shared library C:\Users\Admin\.antigravity\extensions\redhat.java-1.53.0-win32-x64\jre\21.0.10-win32-x86_64\bin\zip.dll
Event: 0.109 Loaded shared library C:\Users\Admin\.antigravity\extensions\redhat.java-1.53.0-win32-x64\jre\21.0.10-win32-x86_64\bin\instrument.dll
Event: 0.117 Loaded shared library C:\Users\Admin\.antigravity\extensions\redhat.java-1.53.0-win32-x64\jre\21.0.10-win32-x86_64\bin\net.dll
Event: 0.120 Loaded shared library C:\Users\Admin\.antigravity\extensions\redhat.java-1.53.0-win32-x64\jre\21.0.10-win32-x86_64\bin\nio.dll
Event: 0.125 Loaded shared library C:\Users\Admin\.antigravity\extensions\redhat.java-1.53.0-win32-x64\jre\21.0.10-win32-x86_64\bin\zip.dll
Event: 0.520 Loaded shared library C:\Users\Admin\.antigravity\extensions\redhat.java-1.53.0-win32-x64\jre\21.0.10-win32-x86_64\bin\jimage.dll
Event: 0.756 Loaded shared library C:\Users\Admin\.antigravity\extensions\redhat.java-1.53.0-win32-x64\jre\21.0.10-win32-x86_64\bin\verify.dll
Event: 0.995 Loaded shared library C:\Users\Admin\.gradle\native\1def1411415f61bf3af743bc5b6707747c0891f09f0c88961ee8f79bc544acac\windows-amd64\native-platform.dll
Event: 1.029 Loaded shared library C:\Users\Admin\.gradle\native\0.2.7\x86_64-windows-gnu\gradle-fileevents.dll
Event: 2.531 Loaded shared library C:\Users\Admin\.antigravity\extensions\redhat.java-1.53.0-win32-x64\jre\21.0.10-win32-x86_64\bin\management.dll
Event: 2.535 Loaded shared library C:\Users\Admin\.antigravity\extensions\redhat.java-1.53.0-win32-x64\jre\21.0.10-win32-x86_64\bin\management_ext.dll
Event: 2.712 Loaded shared library C:\Users\Admin\.antigravity\extensions\redhat.java-1.53.0-win32-x64\jre\21.0.10-win32-x86_64\bin\extnet.dll
Event: 2.960 Loaded shared library C:\Users\Admin\.antigravity\extensions\redhat.java-1.53.0-win32-x64\jre\21.0.10-win32-x86_64\bin\sunmscapi.dll

Deoptimization events (20 events):
Event: 29.219 Thread 0x000001cd9fd848e0 Uncommon trap: trap_request=0xffffffd6 fr.pc=0x000001cd4d341618 relative=0x0000000000000838
Event: 29.219 Thread 0x000001cd9fd848e0 Uncommon trap: reason=array_check action=maybe_recompile pc=0x000001cd4d341618 method=java.util.TimSort.binarySort([Ljava/lang/Object;IIILjava/util/Comparator;)V @ 193 c2
Event: 29.219 Thread 0x000001cd9fd848e0 DEOPT PACKING pc=0x000001cd4d341618 sp=0x000000383a7fa060
Event: 29.219 Thread 0x000001cd9fd848e0 DEOPT UNPACKING pc=0x000001cd4c797ba2 sp=0x000000383a7f9ff8 mode 2
Event: 29.220 Thread 0x000001cd9fd848e0 Uncommon trap: trap_request=0xffffffd6 fr.pc=0x000001cd4d341740 relative=0x0000000000000960
Event: 29.220 Thread 0x000001cd9fd848e0 Uncommon trap: reason=array_check action=maybe_recompile pc=0x000001cd4d341740 method=java.util.TimSort.binarySort([Ljava/lang/Object;IIILjava/util/Comparator;)V @ 183 c2
Event: 29.220 Thread 0x000001cd9fd848e0 DEOPT PACKING pc=0x000001cd4d341740 sp=0x000000383a7fa060
Event: 29.220 Thread 0x000001cd9fd848e0 DEOPT UNPACKING pc=0x000001cd4c797ba2 sp=0x000000383a7f9ff8 mode 2
Event: 29.260 Thread 0x000001cd9fd848e0 Uncommon trap: trap_request=0xfffffff4 fr.pc=0x000001cd4d34d320 relative=0x0000000000000c40
Event: 29.260 Thread 0x000001cd9fd848e0 Uncommon trap: reason=null_check action=make_not_entrant pc=0x000001cd4d34d320 method=org.gradle.internal.instantiation.generator.AbstractClassGenerator.isIneligibleForConventionMapping(Lorg/gradle/internal/instantiation/generator/AbstractClassGenerator$P
Event: 29.260 Thread 0x000001cd9fd848e0 DEOPT PACKING pc=0x000001cd4d34d320 sp=0x000000383a7fa1a0
Event: 29.260 Thread 0x000001cd9fd848e0 DEOPT UNPACKING pc=0x000001cd4c797ba2 sp=0x000000383a7fa0b8 mode 2
Event: 29.340 Thread 0x000001cd9fd848e0 Uncommon trap: trap_request=0xffffff45 fr.pc=0x000001cd4d21c4c8 relative=0x00000000000006e8
Event: 29.340 Thread 0x000001cd9fd848e0 Uncommon trap: reason=unstable_if action=reinterpret pc=0x000001cd4d21c4c8 method=org.gradle.internal.instantiation.generator.AbstractClassGenerator.isEagerAttachProperty(Lorg/gradle/internal/instantiation/generator/AbstractClassGenerator$PropertyMetadata
Event: 29.340 Thread 0x000001cd9fd848e0 DEOPT PACKING pc=0x000001cd4d21c4c8 sp=0x000000383a7fa1a0
Event: 29.340 Thread 0x000001cd9fd848e0 DEOPT UNPACKING pc=0x000001cd4c797ba2 sp=0x000000383a7fa0c0 mode 2
Event: 29.442 Thread 0x000001cd9fd848e0 Uncommon trap: trap_request=0xfffffff4 fr.pc=0x000001cd4cf21a54 relative=0x0000000000000554
Event: 29.442 Thread 0x000001cd9fd848e0 Uncommon trap: reason=null_check action=make_not_entrant pc=0x000001cd4cf21a54 method=org.gradle.internal.instantiation.generator.AbstractClassGenerator.isConfigurableFileCollectionType(Ljava/lang/Class;)Z @ 4 c2
Event: 29.442 Thread 0x000001cd9fd848e0 DEOPT PACKING pc=0x000001cd4cf21a54 sp=0x000000383a7fa1c0
Event: 29.442 Thread 0x000001cd9fd848e0 DEOPT UNPACKING pc=0x000001cd4c797ba2 sp=0x000000383a7fa0b8 mode 2

Classes loaded (20 events):
Event: 25.517 Loading class java/util/ArrayListCustomizer
Event: 25.517 Loading class java/util/ArrayListCustomizer done
Event: 25.518 Loading class java/util/ArrayListCustomizer
Event: 25.518 Loading class java/util/ArrayListCustomizer done
Event: 25.699 Loading class java/util/TreeMap$ValueSpliterator
Event: 25.699 Loading class java/util/TreeMap$TreeMapSpliterator
Event: 25.699 Loading class java/util/TreeMap$TreeMapSpliterator done
Event: 25.699 Loading class java/util/TreeMap$ValueSpliterator done
Event: 25.717 Loading class java/util/TreeMap$KeySpliterator
Event: 25.718 Loading class java/util/TreeMap$KeySpliterator done
Event: 29.021 Loading class java/io/NotSerializableException
Event: 29.021 Loading class java/io/NotSerializableException done
Event: 29.136 Loading class java/lang/management/OperatingSystemMXBean
Event: 29.137 Loading class java/lang/management/OperatingSystemMXBean done
Event: 29.137 Loading class com/sun/management/internal/OperatingSystemImpl
Event: 29.137 Loading class com/sun/management/OperatingSystemMXBean
Event: 29.137 Loading class com/sun/management/OperatingSystemMXBean done
Event: 29.137 Loading class sun/management/BaseOperatingSystemImpl
Event: 29.137 Loading class sun/management/BaseOperatingSystemImpl done
Event: 29.137 Loading class com/sun/management/internal/OperatingSystemImpl done

Classes unloaded (0 events):
No events

Classes redefined (0 events):
No events

Internal exceptions (20 events):
Event: 25.934 Thread 0x000001cd9fd848e0 Implicit null exception at 0x000001cd4cf3e179 to 0x000001cd4cf3e1a4
Event: 27.465 Thread 0x000001cd9fd848e0 Implicit null exception at 0x000001cd4d2f6abe to 0x000001cd4d2f6c00
Event: 27.600 Thread 0x000001cd9fd848e0 Implicit null exception at 0x000001cd4d2f7c47 to 0x000001cd4d2f7deb
Event: 27.652 Thread 0x000001cd9fd848e0 Implicit null exception at 0x000001cd4d30ba47 to 0x000001cd4d30bbeb
Event: 29.062 Thread 0x000001cd9fd848e0 Implicit null exception at 0x000001cd4d33600f to 0x000001cd4d336668
Event: 29.096 Thread 0x000001cd9fd848e0 Implicit null exception at 0x000001cd4d33ab22 to 0x000001cd4d33ae80
Event: 29.148 Thread 0x000001cd9fd848e0 Implicit null exception at 0x000001cd4d343370 to 0x000001cd4d343ac4
Event: 29.154 Thread 0x000001cd9fd848e0 Exception <a 'java/lang/NoClassDefFoundError'{0x00000000a5b59050}: org/jetbrains/kotlin/gradle/plugin/KotlinBasePluginWrapper> (0x00000000a5b59050) 
thrown [s\src\hotspot\share\oops\constantPool.cpp, line 873]
Event: 29.159 Thread 0x000001cd9fd848e0 Exception <a 'java/lang/NoClassDefFoundError'{0x00000000a5b88490}: org/jetbrains/kotlin/gradle/plugin/KotlinBasePluginWrapper> (0x00000000a5b88490) 
thrown [s\src\hotspot\share\oops\constantPool.cpp, line 873]
Event: 29.163 Thread 0x000001cd9fd848e0 Exception <a 'java/lang/NoClassDefFoundError'{0x00000000a5bb5a28}: org/jetbrains/kotlin/gradle/plugin/KotlinBasePluginWrapper> (0x00000000a5bb5a28) 
thrown [s\src\hotspot\share\oops\constantPool.cpp, line 873]
Event: 29.168 Thread 0x000001cd9fd848e0 Exception <a 'java/lang/NoClassDefFoundError'{0x00000000a5be81a0}: org/jetbrains/kotlin/gradle/plugin/KotlinBasePluginWrapper> (0x00000000a5be81a0) 
thrown [s\src\hotspot\share\oops\constantPool.cpp, line 873]
Event: 29.184 Thread 0x000001cd9fd848e0 Exception <a 'java/lang/NoClassDefFoundError'{0x00000000a8415768}: org/jetbrains/kotlin/gradle/plugin/KotlinBasePluginWrapper> (0x00000000a8415768) 
thrown [s\src\hotspot\share\oops\constantPool.cpp, line 873]
Event: 29.239 Thread 0x000001cd9fd848e0 Exception <a 'java/lang/NoClassDefFoundError'{0x00000000a82cddf8}: org/jetbrains/kotlin/gradle/plugin/KotlinBasePluginWrapper> (0x00000000a82cddf8) 
thrown [s\src\hotspot\share\oops\constantPool.cpp, line 873]
Event: 29.242 Thread 0x000001cd9fd848e0 Exception <a 'java/lang/NoClassDefFoundError'{0x00000000a82fd6a8}: org/jetbrains/kotlin/gradle/plugin/KotlinBasePluginWrapper> (0x00000000a82fd6a8) 
thrown [s\src\hotspot\share\oops\constantPool.cpp, line 873]
Event: 29.245 Thread 0x000001cd9fd848e0 Exception <a 'java/lang/NoClassDefFoundError'{0x00000000a812bab8}: org/jetbrains/kotlin/gradle/plugin/KotlinBasePluginWrapper> (0x00000000a812bab8) 
thrown [s\src\hotspot\share\oops\constantPool.cpp, line 873]
Event: 29.248 Thread 0x000001cd9fd848e0 Exception <a 'java/lang/NoClassDefFoundError'{0x00000000a815bc78}: org/jetbrains/kotlin/gradle/plugin/KotlinBasePluginWrapper> (0x00000000a815bc78) 
thrown [s\src\hotspot\share\oops\constantPool.cpp, line 873]
Event: 29.253 Thread 0x000001cd9fd848e0 Exception <a 'java/lang/NoClassDefFoundError'{0x00000000a8192cd8}: org/jetbrains/kotlin/gradle/plugin/KotlinBasePluginWrapper> (0x00000000a8192cd8) 
thrown [s\src\hotspot\share\oops\constantPool.cpp, line 873]
Event: 29.258 Thread 0x000001cd9fd848e0 Exception <a 'java/lang/NoClassDefFoundError'{0x00000000a81bca58}: org/jetbrains/kotlin/gradle/plugin/KotlinBasePluginWrapper> (0x00000000a81bca58) 
thrown [s\src\hotspot\share\oops\constantPool.cpp, line 873]
Event: 29.260 Thread 0x000001cd9fd848e0 Implicit null exception at 0x000001cd4d34cbd5 to 0x000001cd4d34d314
Event: 29.442 Thread 0x000001cd9fd848e0 Implicit null exception at 0x000001cd4cf21788 to 0x000001cd4cf21a44

ZGC Phase Switch (0 events):
No events

VM Operations (20 events):
Event: 24.961 Executing safepoint VM operation: G1CollectForAllocation (G1 Evacuation Pause) done
Event: 25.325 Executing safepoint VM operation: ICBufferFull
Event: 25.325 Executing safepoint VM operation: ICBufferFull done
Event: 25.915 Executing safepoint VM operation: ICBufferFull
Event: 25.916 Executing safepoint VM operation: ICBufferFull done
Event: 26.458 Executing non-safepoint VM operation: HandshakeAllThreads (Deoptimize)
Event: 26.458 Executing non-safepoint VM operation: HandshakeAllThreads (Deoptimize) done
Event: 26.661 Executing safepoint VM operation: G1CollectForAllocation (G1 Evacuation Pause)
Event: 26.682 Executing safepoint VM operation: G1CollectForAllocation (G1 Evacuation Pause) done
Event: 28.687 Executing safepoint VM operation: Cleanup
Event: 28.887 Executing safepoint VM operation: Cleanup done
Event: 29.171 Executing safepoint VM operation: G1CollectForAllocation (G1 Evacuation Pause)
Event: 29.180 Executing safepoint VM operation: G1CollectForAllocation (G1 Evacuation Pause) done
Event: 29.272 Executing safepoint VM operation: G1PauseRemark
Event: 29.279 Executing safepoint VM operation: G1PauseRemark done
Event: 29.316 Executing safepoint VM operation: G1PauseCleanup
Event: 29.316 Executing safepoint VM operation: G1PauseCleanup done
Event: 29.723 Executing safepoint VM operation: G1CollectForAllocation (G1 Evacuation Pause)
Event: 29.728 Executing safepoint VM operation: G1CollectForAllocation (G1 Evacuation Pause) done
Event: 30.738 Executing safepoint VM operation: Cleanup

Memory protections (0 events):
No events

Nmethod flushes (20 events):
Event: 29.278 Thread 0x000001cd58d607a0 flushing  nmethod 0x000001cd45f94f90
Event: 29.278 Thread 0x000001cd58d607a0 flushing  nmethod 0x000001cd4d1bb910
Event: 29.278 Thread 0x000001cd58d607a0 flushing  nmethod 0x000001cd452d3110
Event: 29.278 Thread 0x000001cd58d607a0 flushing  nmethod 0x000001cd452fb810
Event: 29.278 Thread 0x000001cd58d607a0 flushing  nmethod 0x000001cd452fea90
Event: 29.278 Thread 0x000001cd58d607a0 flushing  nmethod 0x000001cd45303210
Event: 29.278 Thread 0x000001cd58d607a0 flushing  nmethod 0x000001cd45354e10
Event: 29.278 Thread 0x000001cd58d607a0 flushing  nmethod 0x000001cd453b2190
Event: 29.278 Thread 0x000001cd58d607a0 flushing  nmethod 0x000001cd45417810
Event: 29.278 Thread 0x000001cd58d607a0 flushing  nmethod 0x000001cd4548d510
Event: 29.278 Thread 0x000001cd58d607a0 flushing  nmethod 0x000001cd45525310
Event: 29.278 Thread 0x000001cd58d607a0 flushing  nmethod 0x000001cd4579e310
Event: 29.278 Thread 0x000001cd58d607a0 flushing  nmethod 0x000001cd457cb710
Event: 29.278 Thread 0x000001cd58d607a0 flushing  nmethod 0x000001cd458f3510
Event: 29.278 Thread 0x000001cd58d607a0 flushing  nmethod 0x000001cd45a0dd10
Event: 29.278 Thread 0x000001cd58d607a0 flushing  nmethod 0x000001cd45c97490
Event: 29.278 Thread 0x000001cd58d607a0 flushing  nmethod 0x000001cd45ce8f90
Event: 29.278 Thread 0x000001cd58d607a0 flushing  nmethod 0x000001cd45ceac90
Event: 29.278 Thread 0x000001cd58d607a0 flushing  nmethod 0x000001cd45ced590
Event: 29.278 Thread 0x000001cd58d607a0 flushing  nmethod 0x000001cd45e63590

Events (20 events):
Event: 22.892 Thread 0x000001cd58d99910 Thread added: 0x000001cda5df68e0
Event: 23.533 Thread 0x000001cd9fd848e0 Thread added: 0x000001cda167bee0
Event: 23.534 Thread 0x000001cd9fd848e0 Thread added: 0x000001cda167f9f0
Event: 23.535 Thread 0x000001cd9fd848e0 Thread added: 0x000001cda167e640
Event: 23.536 Thread 0x000001cd9fd848e0 Thread added: 0x000001cda167d920
Event: 23.537 Thread 0x000001cd9fd848e0 Thread added: 0x000001cda167ecd0
Event: 23.538 Thread 0x000001cd9fd848e0 Thread added: 0x000001cda167d290
Event: 23.539 Thread 0x000001cd9fd848e0 Thread added: 0x000001cda167c570
Event: 23.763 Thread 0x000001cda5df68e0 Thread exited: 0x000001cda5df68e0
Event: 24.039 Thread 0x000001cd58d99910 Thread added: 0x000001cda5df5470
Event: 24.633 Thread 0x000001cd58d99910 Thread added: 0x000001cda5df91c0
Event: 24.902 Thread 0x000001cda5df91c0 Thread exited: 0x000001cda5df91c0
Event: 25.340 Thread 0x000001cd9fd848e0 Thread added: 0x000001cda3d7f830
Event: 25.341 Thread 0x000001cd9fd848e0 Thread added: 0x000001cda3d80550
Event: 25.343 Thread 0x000001cd9fd848e0 Thread added: 0x000001cda3d7fec0
Event: 25.344 Thread 0x000001cd9fd848e0 Thread added: 0x000001cda3d80be0
Event: 25.345 Thread 0x000001cd9fd848e0 Thread added: 0x000001cda3d7d760
Event: 25.345 Thread 0x000001cd9fd848e0 Thread added: 0x000001cda3d84060
Event: 25.346 Thread 0x000001cd9fd848e0 Thread added: 0x000001cda3d846f0
Event: 25.347 Thread 0x000001cd58d99910 Thread added: 0x000001cda5df68e0


Dynamic libraries:
0x00007ff701180000 - 0x00007ff70118e000 	C:\Users\Admin\.antigravity\extensions\redhat.java-1.53.0-win32-x64\jre\21.0.10-win32-x86_64\bin\java.exe
0x00007ffaece60000 - 0x00007ffaed0c7000 	C:\WINDOWS\SYSTEM32\ntdll.dll
0x00007ffaec080000 - 0x00007ffaec149000 	C:\WINDOWS\System32\KERNEL32.DLL
0x00007ffae9980000 - 0x00007ffae9d71000 	C:\WINDOWS\System32\KERNELBASE.dll
0x00007ffaea800000 - 0x00007ffaea94b000 	C:\WINDOWS\System32\ucrtbase.dll
0x00007ffad9120000 - 0x00007ffad9138000 	C:\Users\Admin\.antigravity\extensions\redhat.java-1.53.0-win32-x64\jre\21.0.10-win32-x86_64\bin\jli.dll
0x00007ffad87f0000 - 0x00007ffad880e000 	C:\Users\Admin\.antigravity\extensions\redhat.java-1.53.0-win32-x64\jre\21.0.10-win32-x86_64\bin\VCRUNTIME140.dll
0x00007ffaead70000 - 0x00007ffaeaf35000 	C:\WINDOWS\System32\USER32.dll
0x00007ffad1ee0000 - 0x00007ffad2173000 	C:\WINDOWS\WinSxS\amd64_microsoft.windows.common-controls_6595b64144ccf1df_6.0.26100.8037_none_3e092faae333b53b\COMCTL32.dll
0x00007ffaea720000 - 0x00007ffaea747000 	C:\WINDOWS\System32\win32u.dll
0x00007ffaeca60000 - 0x00007ffaeca8b000 	C:\WINDOWS\System32\GDI32.dll
0x00007ffaec930000 - 0x00007ffaec9d9000 	C:\WINDOWS\System32\msvcrt.dll
0x00007ffae9d80000 - 0x00007ffae9eab000 	C:\WINDOWS\System32\gdi32full.dll
0x00007ffaea950000 - 0x00007ffaea9f3000 	C:\WINDOWS\System32\msvcp_win.dll
0x00007ffaebcd0000 - 0x00007ffaebd01000 	C:\WINDOWS\System32\IMM32.DLL
0x00007ffadad20000 - 0x00007ffadad2c000 	C:\Users\Admin\.antigravity\extensions\redhat.java-1.53.0-win32-x64\jre\21.0.10-win32-x86_64\bin\vcruntime140_1.dll
0x00007ffac3940000 - 0x00007ffac39cd000 	C:\Users\Admin\.antigravity\extensions\redhat.java-1.53.0-win32-x64\jre\21.0.10-win32-x86_64\bin\msvcp140.dll
0x00007ffa705e0000 - 0x00007ffa71381000 	C:\Users\Admin\.antigravity\extensions\redhat.java-1.53.0-win32-x64\jre\21.0.10-win32-x86_64\bin\server\jvm.dll
0x00007ffaeb3f0000 - 0x00007ffaeb4ab000 	C:\WINDOWS\System32\ADVAPI32.dll
0x00007ffaec160000 - 0x00007ffaec207000 	C:\WINDOWS\System32\sechost.dll
0x00007ffaec220000 - 0x00007ffaec338000 	C:\WINDOWS\System32\RPCRT4.dll
0x00007ffaecca0000 - 0x00007ffaecd14000 	C:\WINDOWS\System32\WS2_32.dll
0x00007ffae95a0000 - 0x00007ffae95fe000 	C:\WINDOWS\SYSTEM32\POWRPROF.dll
0x00007ffad4f20000 - 0x00007ffad4f2b000 	C:\WINDOWS\SYSTEM32\VERSION.dll
0x00007ffaacdb0000 - 0x00007ffaacde5000 	C:\WINDOWS\SYSTEM32\WINMM.dll
0x00007ffae9580000 - 0x00007ffae9594000 	C:\WINDOWS\SYSTEM32\UMPDC.dll
0x00007ffae84d0000 - 0x00007ffae84eb000 	C:\WINDOWS\SYSTEM32\kernel.appcore.dll
0x00007ffadaba0000 - 0x00007ffadabaa000 	C:\Users\Admin\.antigravity\extensions\redhat.java-1.53.0-win32-x64\jre\21.0.10-win32-x86_64\bin\jimage.dll
0x00007ffae7650000 - 0x00007ffae7892000 	C:\WINDOWS\SYSTEM32\DBGHELP.DLL
0x00007ffaec4e0000 - 0x00007ffaec862000 	C:\WINDOWS\System32\combase.dll
0x00007ffaebf40000 - 0x00007ffaec017000 	C:\WINDOWS\System32\OLEAUT32.dll
0x00007ffaccbf0000 - 0x00007ffaccc2b000 	C:\WINDOWS\SYSTEM32\dbgcore.DLL
0x00007ffaea750000 - 0x00007ffaea7f5000 	C:\WINDOWS\System32\bcryptPrimitives.dll
0x00007ffad9190000 - 0x00007ffad919f000 	C:\Users\Admin\.antigravity\extensions\redhat.java-1.53.0-win32-x64\jre\21.0.10-win32-x86_64\bin\instrument.dll
0x00007ffada170000 - 0x00007ffada190000 	C:\Users\Admin\.antigravity\extensions\redhat.java-1.53.0-win32-x64\jre\21.0.10-win32-x86_64\bin\java.dll
0x00007ffaeb540000 - 0x00007ffaebc9f000 	C:\WINDOWS\System32\SHELL32.dll
0x00007ffaeaa90000 - 0x00007ffaeabfa000 	C:\WINDOWS\System32\wintypes.dll
0x00007ffae9eb0000 - 0x00007ffaea714000 	C:\WINDOWS\System32\windows.storage.dll
0x00007ffaeac70000 - 0x00007ffaead67000 	C:\WINDOWS\System32\SHCORE.dll
0x00007ffaeac00000 - 0x00007ffaeac67000 	C:\WINDOWS\System32\shlwapi.dll
0x00007ffae9660000 - 0x00007ffae9689000 	C:\WINDOWS\SYSTEM32\profapi.dll
0x00007ffad6c40000 - 0x00007ffad6c58000 	C:\Users\Admin\.antigravity\extensions\redhat.java-1.53.0-win32-x64\jre\21.0.10-win32-x86_64\bin\zip.dll
0x00007ffada960000 - 0x00007ffada970000 	C:\Users\Admin\.antigravity\extensions\redhat.java-1.53.0-win32-x64\jre\21.0.10-win32-x86_64\bin\net.dll
0x00007ffae0a70000 - 0x00007ffae0b97000 	C:\WINDOWS\SYSTEM32\WINHTTP.dll
0x00007ffae8a40000 - 0x00007ffae8aab000 	C:\WINDOWS\system32\mswsock.dll
0x00007ffad6bf0000 - 0x00007ffad6c06000 	C:\Users\Admin\.antigravity\extensions\redhat.java-1.53.0-win32-x64\jre\21.0.10-win32-x86_64\bin\nio.dll
0x00007ffad7200000 - 0x00007ffad7210000 	C:\Users\Admin\.antigravity\extensions\redhat.java-1.53.0-win32-x64\jre\21.0.10-win32-x86_64\bin\verify.dll
0x00007ffadae00000 - 0x00007ffadae27000 	C:\Users\Admin\.gradle\native\1def1411415f61bf3af743bc5b6707747c0891f09f0c88961ee8f79bc544acac\windows-amd64\native-platform.dll
0x00007ffad5eb0000 - 0x00007ffad5f28000 	C:\Users\Admin\.gradle\native\0.2.7\x86_64-windows-gnu\gradle-fileevents.dll
0x00007ffad9c30000 - 0x00007ffad9c3a000 	C:\Users\Admin\.antigravity\extensions\redhat.java-1.53.0-win32-x64\jre\21.0.10-win32-x86_64\bin\management.dll
0x00007ffad9aa0000 - 0x00007ffad9aac000 	C:\Users\Admin\.antigravity\extensions\redhat.java-1.53.0-win32-x64\jre\21.0.10-win32-x86_64\bin\management_ext.dll
0x00007ffaeaf50000 - 0x00007ffaeaf58000 	C:\WINDOWS\System32\PSAPI.DLL
0x00007ffae7ee0000 - 0x00007ffae7f13000 	C:\WINDOWS\SYSTEM32\IPHLPAPI.DLL
0x00007ffaeaf40000 - 0x00007ffaeaf4a000 	C:\WINDOWS\System32\NSI.dll
0x00007ffad7210000 - 0x00007ffad7219000 	C:\Users\Admin\.antigravity\extensions\redhat.java-1.53.0-win32-x64\jre\21.0.10-win32-x86_64\bin\extnet.dll
0x00007ffae8d30000 - 0x00007ffae8d4b000 	C:\WINDOWS\SYSTEM32\CRYPTSP.dll
0x00007ffae8430000 - 0x00007ffae8469000 	C:\WINDOWS\system32\rsaenh.dll
0x00007ffae8af0000 - 0x00007ffae8b22000 	C:\WINDOWS\SYSTEM32\USERENV.dll
0x00007ffae9630000 - 0x00007ffae965a000 	C:\WINDOWS\SYSTEM32\bcrypt.dll
0x00007ffae8d20000 - 0x00007ffae8d2c000 	C:\WINDOWS\SYSTEM32\CRYPTBASE.dll
0x00007ffad8b10000 - 0x00007ffad8b1e000 	C:\Users\Admin\.antigravity\extensions\redhat.java-1.53.0-win32-x64\jre\21.0.10-win32-x86_64\bin\sunmscapi.dll
0x00007ffae9740000 - 0x00007ffae98b7000 	C:\WINDOWS\System32\CRYPT32.dll
0x00007ffae8f40000 - 0x00007ffae8f70000 	C:\WINDOWS\SYSTEM32\ncrypt.dll
0x00007ffae8ef0000 - 0x00007ffae8f2f000 	C:\WINDOWS\SYSTEM32\NTASN1.dll
0x00007ffab91e0000 - 0x00007ffab91e8000 	C:\WINDOWS\system32\wshunix.dll

JVMTI agents:
C:\Users\Admin\.gradle\wrapper\dists\gradle-8.14.3-all\10utluxaxniiv4wxiphsi49nj\gradle-8.14.3\lib\agents\gradle-instrumentation-agent-8.14.3.jar path:C:\Users\Admin\.antigravity\extensions\redhat.java-1.53.0-win32-x64\jre\21.0.10-win32-x86_64\bin\instrument.dll, loaded, initialized, instrumentlib options:none

dbghelp: loaded successfully - version: 4.0.5 - missing functions: none
symbol engine: initialized successfully - sym options: 0x614 - pdb path: .;C:\Users\Admin\.antigravity\extensions\redhat.java-1.53.0-win32-x64\jre\21.0.10-win32-x86_64\bin;C:\WINDOWS\SYSTEM32;C:\WINDOWS\WinSxS\amd64_microsoft.windows.common-controls_6595b64144ccf1df_6.0.26100.8037_none_3e092faae333b53b;C:\Users\Admin\.antigravity\extensions\redhat.java-1.53.0-win32-x64\jre\21.0.10-win32-x86_64\bin\server;C:\Users\Admin\.gradle\native\1def1411415f61bf3af743bc5b6707747c0891f09f0c88961ee8f79bc544acac\windows-amd64;C:\Users\Admin\.gradle\native\0.2.7\x86_64-windows-gnu

VM Arguments:
jvm_args: --add-opens=java.base/java.lang=ALL-UNNAMED --add-opens=java.base/java.lang.invoke=ALL-UNNAMED --add-opens=java.base/java.util=ALL-UNNAMED --add-opens=java.prefs/java.util.prefs=ALL-UNNAMED --add-exports=jdk.compiler/com.sun.tools.javac.api=ALL-UNNAMED --add-exports=jdk.compiler/com.sun.tools.javac.util=ALL-UNNAMED --add-opens=java.base/java.util=ALL-UNNAMED --add-opens=java.prefs/java.util.prefs=ALL-UNNAMED --add-opens=java.base/java.nio.charset=ALL-UNNAMED --add-opens=java.base/java.net=ALL-UNNAMED --add-opens=java.base/java.util.concurrent.atomic=ALL-UNNAMED --add-opens=java.xml/javax.xml.namespace=ALL-UNNAMED -Xmx1536m -Dfile.encoding=UTF-8 -Duser.country=US -Duser.language=en -Duser.variant -javaagent:C:\Users\Admin\.gradle\wrapper\dists\gradle-8.14.3-all\10utluxaxniiv4wxiphsi49nj\gradle-8.14.3\lib\agents\gradle-instrumentation-agent-8.14.3.jar 
java_command: org.gradle.launcher.daemon.bootstrap.GradleDaemon 8.14.3
java_class_path (initial): C:\Users\Admin\.gradle\wrapper\dists\gradle-8.14.3-all\10utluxaxniiv4wxiphsi49nj\gradle-8.14.3\lib\gradle-daemon-main-8.14.3.jar
Launcher Type: SUN_STANDARD

[Global flags]
     intx CICompilerCount                          = 4                                         {product} {ergonomic}
     uint ConcGCThreads                            = 2                                         {product} {ergonomic}
     uint G1ConcRefinementThreads                  = 8                                         {product} {ergonomic}
   size_t G1HeapRegionSize                         = 1048576                                   {product} {ergonomic}
    uintx GCDrainStackTargetSize                   = 64                                        {product} {ergonomic}
   size_t InitialHeapSize                          = 132120576                                 {product} {ergonomic}
   size_t MarkStackSize                            = 4194304                                   {product} {ergonomic}
   size_t MaxHeapSize                              = 1610612736                                {product} {command line}
   size_t MaxNewSize                               = 965738496                                 {product} {ergonomic}
   size_t MinHeapDeltaBytes                        = 1048576                                   {product} {ergonomic}
   size_t MinHeapSize                              = 8388608                                   {product} {ergonomic}
    uintx NonNMethodCodeHeapSize                   = 5839372                                {pd product} {ergonomic}
    uintx NonProfiledCodeHeapSize                  = 122909434                              {pd product} {ergonomic}
    uintx ProfiledCodeHeapSize                     = 122909434                              {pd product} {ergonomic}
    uintx ReservedCodeCacheSize                    = 251658240                              {pd product} {ergonomic}
     bool SegmentedCodeCache                       = true                                      {product} {ergonomic}
   size_t SoftMaxHeapSize                          = 1610612736                             {manageable} {ergonomic}
     bool UseCompressedOops                        = true                           {product lp64_product} {ergonomic}
     bool UseG1GC                                  = true                                      {product} {ergonomic}
     bool UseLargePagesIndividualAllocation        = false                                  {pd product} {ergonomic}

Logging:
Log output configuration:
 #0: stdout all=warning uptime,level,tags foldmultilines=false
 #1: stderr all=off uptime,level,tags foldmultilines=false

Release file:
JAVA_VERSION="21.0.10" 
MODULES="java.base java.compiler java.datatransfer java.xml java.prefs java.desktop java.instrument java.logging java.management java.security.sasl java.naming java.rmi java.management.rmi java.net.http java.scripting java.security.jgss java.transaction.xa java.sql java.sql.rowset java.xml.crypto java.se java.smartcardio jdk.accessibility jdk.internal.jvmstat jdk.attach jdk.charsets jdk.internal.opt jdk.zipfs jdk.compiler jdk.crypto.ec jdk.crypto.cryptoki jdk.crypto.mscapi jdk.dynalink jdk.internal.ed jdk.editpad jdk.hotspot.agent jdk.httpserver jdk.internal.le jdk.internal.vm.ci jdk.internal.vm.compiler jdk.internal.vm.compiler.management jdk.jartool jdk.javadoc jdk.jcmd jdk.management jdk.management.agent jdk.jconsole jdk.jdeps jdk.jdwp.agent jdk.jdi jdk.jfr jdk.jshell jdk.jsobject jdk.jstatd jdk.localedata jdk.management.jfr jdk.naming.dns jdk.naming.rmi jdk.net jdk.nio.mapmode jdk.random jdk.sctp jdk.security.auth jdk.security.jgss jdk.unsupported jdk.unsupported.desktop jdk.xml.dom" 

Environment Variables:
PATH=C:\ProgramData\Oracle\Java\javapath;C:\WINDOWS\system32;C:\WINDOWS;C:\WINDOWS\System32\Wbem;C:\WINDOWS\System32\WindowsPowerShell\v1.0\;C:\WINDOWS\System32\OpenSSH\;C:\MinGW\bin;C:\Program Files\nodejs\;C:\Program Files\Git\cmd;C:\Program Files\cloudflared\;C:\Program Files (x86)\cloudflared\;C:\Users\Admin\.local\bin;C:\Users\Admin\AppData\Local\Microsoft\WindowsApps;C:\Users\Admin\AppData\Local\Programs\Microsoft VS Code\bin;C:\Users\Admin\AppData\Roaming\npm;C:\Users\Admin\AppData\Local\Programs\cursor\resources\app\bin;C:\Users\Admin\AppData\Local\Programs\Antigravity\bin
USERNAME=Admin
OS=Windows_NT
PROCESSOR_IDENTIFIER=Intel64 Family 6 Model 126 Stepping 5, GenuineIntel
TMP=C:\Users\Admin\AppData\Local\Temp
TEMP=C:\Users\Admin\AppData\Local\Temp




Periodic native trim disabled

---------------  S Y S T E M  ---------------

OS:
 Windows 11 , 64 bit Build 26100 (10.0.26100.7920)
OS uptime: 0 days 9:16 hours

CPU: total 8 (initial active 8) (4 cores per cpu, 2 threads per core) family 6 model 126 stepping 5 microcode 0xc2, cx8, cmov, fxsr, ht, mmx, 3dnowpref, sse, sse2, sse3, ssse3, sse4.1, sse4.2, popcnt, lzcnt, tsc, tscinvbit, avx, avx2, aes, erms, clmul, bmi1, bmi2, adx, avx512f, avx512dq, avx512cd, avx512bw, avx512vl, sha, fma, vzeroupper, avx512_vpopcntdq, avx512_vpclmulqdq, avx512_vaes, avx512_vnni, clflush, clflushopt, avx512_vbmi2, avx512_vbmi, rdtscp, rdpid, fsrm, gfni, avx512_bitalg, f16c, pku, avx512_ifma
Processor Information for the first 8 processors :
  Max Mhz: 1190, Current Mhz: 991, Mhz Limit: 987

Memory: 4k page, system-wide physical 7959M (542M free)
TotalPageFile size 32535M (AvailPageFile size 8M)
current process WorkingSet (physical memory assigned to process): 414M, peak: 421M
current process commit charge ("private bytes"): 451M, peak: 457M

vm_info: OpenJDK 64-Bit Server VM (21.0.10+7-LTS) for windows-amd64 JRE (21.0.10+7-LTS), built on 2026-01-20T00:00:00Z by "admin" with MS VC++ 17.12 (VS2022)

END.
