#
# There is insufficient memory for the Java Runtime Environment to continue.
# Native memory allocation (malloc) failed to allocate 160400 bytes. Error detail: Chunk::new
# Possible reasons:
#   The system is out of physical RAM or swap space
#   This process is running with CompressedOops enabled, and the Java Heap may be blocking the growth of the native heap
# Possible solutions:
#   Reduce memory load on the system
#   Increase physical memory or swap space
#   Check if swap backing store is full
#   Decrease Java heap size (-Xmx/-Xms)
#   Decrease number of Java threads
#   Decrease Java thread stack sizes (-Xss)
#   Set larger code cache with -XX:ReservedCodeCacheSize=
#   JVM is running with Unscaled Compressed Oops mode in which the Java heap is
#     placed in the first 4GB address space. The Java Heap base address is the
#     maximum limit for the native heap growth. Please use -XX:HeapBaseMinAddress
#     to set the Java Heap base and to place the Java Heap above 4GB virtual address.
# This output file may be truncated or incomplete.
#
#  Out of Memory Error (arena.cpp:168), pid=11904, tid=21152
#
# JRE version: OpenJDK Runtime Environment Temurin-21.0.10+7 (21.0.10+7) (build 21.0.10+7-LTS)
# Java VM: OpenJDK 64-Bit Server VM Temurin-21.0.10+7 (21.0.10+7-LTS, mixed mode, sharing, tiered, compressed oops, compressed class ptrs, g1 gc, windows-amd64)
# No core dump will be written. Minidumps are not enabled by default on client versions of Windows
#

---------------  S U M M A R Y ------------

Command Line: --add-opens=java.base/java.lang=ALL-UNNAMED --add-opens=java.base/java.lang.invoke=ALL-UNNAMED --add-opens=java.base/java.util=ALL-UNNAMED --add-opens=java.prefs/java.util.prefs=ALL-UNNAMED --add-exports=jdk.compiler/com.sun.tools.javac.api=ALL-UNNAMED --add-exports=jdk.compiler/com.sun.tools.javac.util=ALL-UNNAMED --add-opens=java.base/java.util=ALL-UNNAMED --add-opens=java.prefs/java.util.prefs=ALL-UNNAMED --add-opens=java.base/java.nio.charset=ALL-UNNAMED --add-opens=java.base/java.net=ALL-UNNAMED --add-opens=java.base/java.util.concurrent.atomic=ALL-UNNAMED --add-opens=java.xml/javax.xml.namespace=ALL-UNNAMED -Xmx1536m -Dfile.encoding=UTF-8 -Duser.country=US -Duser.language=en -Duser.variant -javaagent:C:\Users\Admin\.gradle\wrapper\dists\gradle-8.14.3-all\10utluxaxniiv4wxiphsi49nj\gradle-8.14.3\lib\agents\gradle-instrumentation-agent-8.14.3.jar org.gradle.launcher.daemon.bootstrap.GradleDaemon 8.14.3

Host: Intel(R) Core(TM) i5-1035G1 CPU @ 1.00GHz, 8 cores, 7G,  Windows 11 , 64 bit Build 26100 (10.0.26100.7920)
Time: Thu Apr 16 00:06:59 2026 India Standard Time elapsed time: 23.427396 seconds (0d 0h 0m 23s)

---------------  T H R E A D  ---------------

Current thread (0x000001917bb4d620):  JavaThread "C2 CompilerThread1" daemon [_thread_in_native, id=21152, stack(0x00000066e5500000,0x00000066e5600000) (1024K)]


Current CompileTask:
C2:23427 4498   !   4       java.lang.ClassLoader::loadClass (121 bytes)

Stack: [0x00000066e5500000,0x00000066e5600000]
Native frames: (J=compiled Java code, j=interpreted, Vv=VM code, C=native code)
V  [jvm.dll+0x6d7a39]
V  [jvm.dll+0x8b4b26]
V  [jvm.dll+0x8b70de]
V  [jvm.dll+0x8b77c3]
V  [jvm.dll+0x284346]
V  [jvm.dll+0xc66ed]
V  [jvm.dll+0xc6c31]
V  [jvm.dll+0x14214f]
V  [jvm.dll+0x660452]
V  [jvm.dll+0x664933]
V  [jvm.dll+0x24c3db]
V  [jvm.dll+0x24bb40]
V  [jvm.dll+0x1cb34e]
V  [jvm.dll+0x25b85d]
V  [jvm.dll+0x259dea]
V  [jvm.dll+0x3f857e]
V  [jvm.dll+0x85f59d]
V  [jvm.dll+0x6d626d]
C  [ucrtbase.dll+0x37b0]
C  [KERNEL32.DLL+0x2e8d7]
C  [ntdll.dll+0x8c48c]


---------------  P R O C E S S  ---------------

Threads class SMR info:
_java_thread_list=0x000001917aaf3200, length=35, elements={
0x000001911b2905e0, 0x0000019131fe5370, 0x0000019131fe8b00, 0x0000019131feee40,
0x0000019131ff1a20, 0x0000019131ff2480, 0x0000019131fef8a0, 0x0000019131ff0630,
0x0000019131ff5130, 0x00000191321ea2c0, 0x00000191322e4d10, 0x0000019178cc5290,
0x0000019178d1d190, 0x00000191324cb560, 0x00000191327b5180, 0x00000191327b57f0,
0x00000191783b84f0, 0x00000191327a2ca0, 0x0000019178f80d60, 0x0000019178f7f9b0,
0x0000019178f80040, 0x0000019178f7d8e0, 0x0000019178f806d0, 0x0000019178f7df70,
0x0000019178f7ec90, 0x0000019178f7f320, 0x00000191322671a0, 0x00000191322643b0,
0x00000191322650d0, 0x0000019132264a40, 0x0000019132265760, 0x0000019132266b10,
0x0000019132265df0, 0x0000019132266480, 0x000001917bb4d620
}

Java Threads: ( => current thread )
  0x000001911b2905e0 JavaThread "main"                              [_thread_blocked, id=8640, stack(0x00000066e2400000,0x00000066e2500000) (1024K)]
  0x0000019131fe5370 JavaThread "Reference Handler"          daemon [_thread_blocked, id=16112, stack(0x00000066e2c00000,0x00000066e2d00000) (1024K)]
  0x0000019131fe8b00 JavaThread "Finalizer"                  daemon [_thread_blocked, id=16912, stack(0x00000066e2d00000,0x00000066e2e00000) (1024K)]
  0x0000019131feee40 JavaThread "Signal Dispatcher"          daemon [_thread_blocked, id=17452, stack(0x00000066e2e00000,0x00000066e2f00000) (1024K)]
  0x0000019131ff1a20 JavaThread "Attach Listener"            daemon [_thread_blocked, id=15748, stack(0x00000066e2f00000,0x00000066e3000000) (1024K)]
  0x0000019131ff2480 JavaThread "Service Thread"             daemon [_thread_blocked, id=21424, stack(0x00000066e3000000,0x00000066e3100000) (1024K)]
  0x0000019131fef8a0 JavaThread "Monitor Deflation Thread"   daemon [_thread_blocked, id=10556, stack(0x00000066e3100000,0x00000066e3200000) (1024K)]
  0x0000019131ff0630 JavaThread "C2 CompilerThread0"         daemon [_thread_in_native, id=14032, stack(0x00000066e3200000,0x00000066e3300000) (1024K)]
  0x0000019131ff5130 JavaThread "C1 CompilerThread0"         daemon [_thread_blocked, id=7976, stack(0x00000066e3300000,0x00000066e3400000) (1024K)]
  0x00000191321ea2c0 JavaThread "Common-Cleaner"             daemon [_thread_blocked, id=7948, stack(0x00000066e3400000,0x00000066e3500000) (1024K)]
  0x00000191322e4d10 JavaThread "Notification Thread"        daemon [_thread_blocked, id=2452, stack(0x00000066e3500000,0x00000066e3600000) (1024K)]
  0x0000019178cc5290 JavaThread "Daemon health stats"               [_thread_blocked, id=13064, stack(0x00000066e3c00000,0x00000066e3d00000) (1024K)]
  0x0000019178d1d190 JavaThread "Incoming local TCP Connector on port 51355"        [_thread_in_native, id=18712, stack(0x00000066e3b00000,0x00000066e3c00000) (1024K)]
  0x00000191324cb560 JavaThread "Daemon"                            [_thread_blocked, id=19700, stack(0x00000066e3d00000,0x00000066e3e00000) (1024K)]
  0x00000191327b5180 JavaThread "Handler for socket connection from /127.0.0.1:51355 to /127.0.0.1:51356"        [_thread_in_native, id=17496, stack(0x00000066e3e00000,0x00000066e3f00000) (1024K)]
  0x00000191327b57f0 JavaThread "Daemon periodic checks"            [_thread_blocked, id=11864, stack(0x00000066e3f00000,0x00000066e4000000) (1024K)]
  0x00000191783b84f0 JavaThread "Cancel handler"                    [_thread_blocked, id=5996, stack(0x00000066e4000000,0x00000066e4100000) (1024K)]
  0x00000191327a2ca0 JavaThread "Daemon worker"                     [_thread_in_vm, id=14684, stack(0x00000066e4100000,0x00000066e4200000) (1024K)]
  0x0000019178f80d60 JavaThread "Asynchronous log dispatcher for DefaultDaemonConnection: socket connection from /127.0.0.1:51355 to /127.0.0.1:51356"        [_thread_blocked, id=9680, stack(0x00000066e4200000,0x00000066e4300000) (1024K)]
  0x0000019178f7f9b0 JavaThread "Stdin handler"                     [_thread_blocked, id=15860, stack(0x00000066e4300000,0x00000066e4400000) (1024K)]
  0x0000019178f80040 JavaThread "Daemon client event forwarder"        [_thread_blocked, id=18600, stack(0x00000066e4400000,0x00000066e4500000) (1024K)]
  0x0000019178f7d8e0 JavaThread "Cache worker for journal cache (C:\Users\Admin\.gradle\caches\journal-1)"        [_thread_blocked, id=11880, stack(0x00000066e4500000,0x00000066e4600000) (1024K)]
  0x0000019178f806d0 JavaThread "File lock request listener"        [_thread_in_native, id=17556, stack(0x00000066e4600000,0x00000066e4700000) (1024K)]
  0x0000019178f7df70 JavaThread "Cache worker for file hash cache (C:\Users\Admin\.gradle\caches\8.14.3\fileHashes)"        [_thread_blocked, id=5596, stack(0x00000066e4700000,0x00000066e4800000) (1024K)]
  0x0000019178f7ec90 JavaThread "Cache worker for file hash cache (C:\Users\Admin\OneDrive\Desktop\homizgo-vite\homizgo-vite\android\.gradle\8.14.3\fileHashes)"        [_thread_blocked, id=10580, stack(0x00000066e4d00000,0x00000066e4e00000) (1024K)]
  0x0000019178f7f320 JavaThread "Cache worker for Build Output Cleanup Cache (C:\Users\Admin\OneDrive\Desktop\homizgo-vite\homizgo-vite\android\.gradle\buildOutputCleanup)"        [_thread_blocked, id=9860, stack(0x00000066e4e00000,0x00000066e4f00000) (1024K)]
  0x00000191322671a0 JavaThread "File watcher server"        daemon [_thread_in_native, id=19284, stack(0x00000066e4c00000,0x00000066e4d00000) (1024K)]
  0x00000191322643b0 JavaThread "File watcher consumer"      daemon [_thread_blocked, id=15596, stack(0x00000066e4f00000,0x00000066e5000000) (1024K)]
  0x00000191322650d0 JavaThread "jar transforms"                    [_thread_blocked, id=3324, stack(0x00000066e4b00000,0x00000066e4c00000) (1024K)]
  0x0000019132264a40 JavaThread "jar transforms Thread 2"           [_thread_blocked, id=5592, stack(0x00000066e5000000,0x00000066e5100000) (1024K)]
  0x0000019132265760 JavaThread "Cache worker for checksums cache (C:\Users\Admin\OneDrive\Desktop\homizgo-vite\homizgo-vite\android\.gradle\8.14.3\checksums)"        [_thread_blocked, id=20464, stack(0x00000066e5200000,0x00000066e5300000) (1024K)]
  0x0000019132266b10 JavaThread "Cache worker for file content cache (C:\Users\Admin\.gradle\caches\8.14.3\fileContent)"        [_thread_blocked, id=8944, stack(0x00000066e5300000,0x00000066e5400000) (1024K)]
  0x0000019132265df0 JavaThread "jar transforms Thread 3"           [_thread_blocked, id=6292, stack(0x00000066e5100000,0x00000066e5200000) (1024K)]
  0x0000019132266480 JavaThread "jar transforms Thread 4"           [_thread_blocked, id=21176, stack(0x00000066e5400000,0x00000066e5500000) (1024K)]
=>0x000001917bb4d620 JavaThread "C2 CompilerThread1"         daemon [_thread_in_native, id=21152, stack(0x00000066e5500000,0x00000066e5600000) (1024K)]
Total: 35

Other Threads:
  0x0000019131fc3bb0 VMThread "VM Thread"                           [id=17276, stack(0x00000066e2b00000,0x00000066e2c00000) (1024K)]
  0x0000019131faf550 WatcherThread "VM Periodic Task Thread"        [id=1616, stack(0x00000066e2a00000,0x00000066e2b00000) (1024K)]
  0x0000019118f09f70 WorkerThread "GC Thread#0"                     [id=11208, stack(0x00000066e2500000,0x00000066e2600000) (1024K)]
  0x00000191324475a0 WorkerThread "GC Thread#1"                     [id=16696, stack(0x00000066e3800000,0x00000066e3900000) (1024K)]
  0x0000019132447950 WorkerThread "GC Thread#2"                     [id=11872, stack(0x00000066e3900000,0x00000066e3a00000) (1024K)]
  0x00000191782278f0 WorkerThread "GC Thread#3"                     [id=5972, stack(0x00000066e3700000,0x00000066e3800000) (1024K)]
  0x0000019178281450 WorkerThread "GC Thread#4"                     [id=21068, stack(0x00000066e3a00000,0x00000066e3b00000) (1024K)]
  0x0000019178b956c0 WorkerThread "GC Thread#5"                     [id=388, stack(0x00000066e3600000,0x00000066e3700000) (1024K)]
  0x00000191321ae420 WorkerThread "GC Thread#6"                     [id=6736, stack(0x00000066e4800000,0x00000066e4900000) (1024K)]
  0x00000191321aeb80 WorkerThread "GC Thread#7"                     [id=11140, stack(0x00000066e4900000,0x00000066e4a00000) (1024K)]
  0x0000019118f0db10 ConcurrentGCThread "G1 Main Marker"            [id=19460, stack(0x00000066e2600000,0x00000066e2700000) (1024K)]
  0x0000019118f0e840 WorkerThread "G1 Conc#0"                       [id=17044, stack(0x00000066e2700000,0x00000066e2800000) (1024K)]
  0x0000019179f6dc40 WorkerThread "G1 Conc#1"                       [id=16608, stack(0x00000066e4a00000,0x00000066e4b00000) (1024K)]
  0x000001911b34e770 ConcurrentGCThread "G1 Refine#0"               [id=6052, stack(0x00000066e2800000,0x00000066e2900000) (1024K)]
  0x0000019131e813b0 ConcurrentGCThread "G1 Service"                [id=764, stack(0x00000066e2900000,0x00000066e2a00000) (1024K)]
Total: 15

Threads with active compile tasks:
C2 CompilerThread1  23476 4498   !   4       java.lang.ClassLoader::loadClass (121 bytes)
Total: 1

VM state: not at safepoint (normal execution)

VM Mutex/Monitor currently owned by a thread: None

Heap address: 0x00000000a0000000, size: 1536 MB, Compressed Oops mode: 32-bit

CDS archive(s) mapped at: [0x0000019133000000-0x0000019133ba0000-0x0000019133ba0000), size 12189696, SharedBaseAddress: 0x0000019133000000, ArchiveRelocationMode: 1.
Compressed class space mapped at: 0x0000019134000000-0x0000019174000000, reserved size: 1073741824
Narrow klass base: 0x0000019133000000, Narrow klass shift: 0, Narrow klass range: 0x100000000

GC Precious Log:
 CardTable entry size: 512
 Card Set container configuration: InlinePtr #cards 5 size 8 Array Of Cards #cards 12 size 40 Howl #buckets 4 coarsen threshold 1843 Howl Bitmap #cards 512 size 80 coarsen threshold 460 Card regions per heap region 1 cards per card region 2048
 CPUs: 8 total, 8 available
 Memory: 7959M
 Large Page Support: Disabled
 NUMA Support: Disabled
 Compressed Oops: Enabled (32-bit)
 Heap Region Size: 1M
 Heap Min Capacity: 8M
 Heap Initial Capacity: 126M
 Heap Max Capacity: 1536M
 Pre-touch: Disabled
 Parallel Workers: 8
 Concurrent Workers: 2
 Concurrent Refinement Workers: 8
 Periodic GC: Disabled

Heap:
 garbage-first heap   total 93184K, used 57760K [0x00000000a0000000, 0x0000000100000000)
  region size 1024K, 25 young (25600K), 4 survivors (4096K)
 Metaspace       used 37375K, committed 38528K, reserved 1114112K
  class space    used 5364K, committed 5888K, reserved 1048576K

Heap Regions: E=young(eden), S=young(survivor), O=old, HS=humongous(starts), HC=humongous(continues), CS=collection set, F=free, TAMS=top-at-mark-start, PB=parsable bottom
|   0|0x00000000a0000000, 0x00000000a0100000, 0x00000000a0100000|100%|HS|  |TAMS 0x00000000a0000000| PB 0x00000000a0000000| Complete 
|   1|0x00000000a0100000, 0x00000000a0200000, 0x00000000a0200000|100%|HC|  |TAMS 0x00000000a0100000| PB 0x00000000a0100000| Complete 
|   2|0x00000000a0200000, 0x00000000a0300000, 0x00000000a0300000|100%|HC|  |TAMS 0x00000000a0200000| PB 0x00000000a0200000| Complete 
|   3|0x00000000a0300000, 0x00000000a0400000, 0x00000000a0400000|100%| O|  |TAMS 0x00000000a0300000| PB 0x00000000a0300000| Untracked 
|   4|0x00000000a0400000, 0x00000000a0500000, 0x00000000a0500000|100%| O|  |TAMS 0x00000000a0400000| PB 0x00000000a0400000| Untracked 
|   5|0x00000000a0500000, 0x00000000a0600000, 0x00000000a0600000|100%| O|  |TAMS 0x00000000a0500000| PB 0x00000000a0500000| Untracked 
|   6|0x00000000a0600000, 0x00000000a0700000, 0x00000000a0700000|100%|HS|  |TAMS 0x00000000a0600000| PB 0x00000000a0600000| Complete 
|   7|0x00000000a0700000, 0x00000000a0800000, 0x00000000a0800000|100%| O|  |TAMS 0x00000000a0700000| PB 0x00000000a0700000| Untracked 
|   8|0x00000000a0800000, 0x00000000a0900000, 0x00000000a0900000|100%| O|  |TAMS 0x00000000a0800000| PB 0x00000000a0800000| Untracked 
|   9|0x00000000a0900000, 0x00000000a0a00000, 0x00000000a0a00000|100%| O|  |TAMS 0x00000000a0900000| PB 0x00000000a0900000| Untracked 
|  10|0x00000000a0a00000, 0x00000000a0b00000, 0x00000000a0b00000|100%| O|  |TAMS 0x00000000a0a00000| PB 0x00000000a0a00000| Untracked 
|  11|0x00000000a0b00000, 0x00000000a0c00000, 0x00000000a0c00000|100%| O|  |TAMS 0x00000000a0b00000| PB 0x00000000a0b00000| Untracked 
|  12|0x00000000a0c00000, 0x00000000a0d00000, 0x00000000a0d00000|100%|HS|  |TAMS 0x00000000a0c00000| PB 0x00000000a0c00000| Complete 
|  13|0x00000000a0d00000, 0x00000000a0e00000, 0x00000000a0e00000|100%| O|  |TAMS 0x00000000a0d00000| PB 0x00000000a0d00000| Untracked 
|  14|0x00000000a0e00000, 0x00000000a0f00000, 0x00000000a0f00000|100%| O|  |TAMS 0x00000000a0e00000| PB 0x00000000a0e00000| Untracked 
|  15|0x00000000a0f00000, 0x00000000a1000000, 0x00000000a1000000|100%| O|  |TAMS 0x00000000a0f00000| PB 0x00000000a0f00000| Untracked 
|  16|0x00000000a1000000, 0x00000000a1100000, 0x00000000a1100000|100%| O|  |TAMS 0x00000000a1000000| PB 0x00000000a1000000| Untracked 
|  17|0x00000000a1100000, 0x00000000a1200000, 0x00000000a1200000|100%| O|  |TAMS 0x00000000a1100000| PB 0x00000000a1100000| Untracked 
|  18|0x00000000a1200000, 0x00000000a1300000, 0x00000000a1300000|100%| O|  |TAMS 0x00000000a1200000| PB 0x00000000a1200000| Untracked 
|  19|0x00000000a1300000, 0x00000000a1400000, 0x00000000a1400000|100%| O|  |TAMS 0x00000000a1300000| PB 0x00000000a1300000| Untracked 
|  20|0x00000000a1400000, 0x00000000a1500000, 0x00000000a1500000|100%| O|  |TAMS 0x00000000a1400000| PB 0x00000000a1400000| Untracked 
|  21|0x00000000a1500000, 0x00000000a15bf150, 0x00000000a1600000| 74%| O|Cm|TAMS 0x00000000a1500000| PB 0x00000000a1500000| Complete 
|  22|0x00000000a1600000, 0x00000000a1700000, 0x00000000a1700000|100%| O|  |TAMS 0x00000000a1600000| PB 0x00000000a1600000| Untracked 
|  23|0x00000000a1700000, 0x00000000a1800000, 0x00000000a1800000|100%| O|  |TAMS 0x00000000a1700000| PB 0x00000000a1700000| Untracked 
|  24|0x00000000a1800000, 0x00000000a1900000, 0x00000000a1900000|100%| O|  |TAMS 0x00000000a1800000| PB 0x00000000a1800000| Untracked 
|  25|0x00000000a1900000, 0x00000000a1a00000, 0x00000000a1a00000|100%| O|  |TAMS 0x00000000a1900000| PB 0x00000000a1900000| Untracked 
|  26|0x00000000a1a00000, 0x00000000a1b00000, 0x00000000a1b00000|100%| O|  |TAMS 0x00000000a1a00000| PB 0x00000000a1a00000| Untracked 
|  27|0x00000000a1b00000, 0x00000000a1c00000, 0x00000000a1c00000|100%| O|  |TAMS 0x00000000a1b00000| PB 0x00000000a1b00000| Untracked 
|  28|0x00000000a1c00000, 0x00000000a1d00000, 0x00000000a1d00000|100%| O|  |TAMS 0x00000000a1c00000| PB 0x00000000a1c00000| Untracked 
|  29|0x00000000a1d00000, 0x00000000a1d23700, 0x00000000a1e00000| 13%| O|  |TAMS 0x00000000a1d00000| PB 0x00000000a1d00000| Untracked 
|  30|0x00000000a1e00000, 0x00000000a1f00000, 0x00000000a1f00000|100%|HS|  |TAMS 0x00000000a1e00000| PB 0x00000000a1e00000| Complete 
|  31|0x00000000a1f00000, 0x00000000a2000000, 0x00000000a2000000|100%|HC|  |TAMS 0x00000000a1f00000| PB 0x00000000a1f00000| Complete 
|  32|0x00000000a2000000, 0x00000000a2100000, 0x00000000a2100000|100%|HS|  |TAMS 0x00000000a2000000| PB 0x00000000a2000000| Complete 
|  33|0x00000000a2100000, 0x00000000a2200000, 0x00000000a2200000|100%|HC|  |TAMS 0x00000000a2100000| PB 0x00000000a2100000| Complete 
|  34|0x00000000a2200000, 0x00000000a2200000, 0x00000000a2300000|  0%| F|  |TAMS 0x00000000a2200000| PB 0x00000000a2200000| Untracked 
|  35|0x00000000a2300000, 0x00000000a2300000, 0x00000000a2400000|  0%| F|  |TAMS 0x00000000a2300000| PB 0x00000000a2300000| Untracked 
|  36|0x00000000a2400000, 0x00000000a2400000, 0x00000000a2500000|  0%| F|  |TAMS 0x00000000a2400000| PB 0x00000000a2400000| Untracked 
|  37|0x00000000a2500000, 0x00000000a2500000, 0x00000000a2600000|  0%| F|  |TAMS 0x00000000a2500000| PB 0x00000000a2500000| Untracked 
|  38|0x00000000a2600000, 0x00000000a2600000, 0x00000000a2700000|  0%| F|  |TAMS 0x00000000a2600000| PB 0x00000000a2600000| Untracked 
|  39|0x00000000a2700000, 0x00000000a2700000, 0x00000000a2800000|  0%| F|  |TAMS 0x00000000a2700000| PB 0x00000000a2700000| Untracked 
|  40|0x00000000a2800000, 0x00000000a2800000, 0x00000000a2900000|  0%| F|  |TAMS 0x00000000a2800000| PB 0x00000000a2800000| Untracked 
|  41|0x00000000a2900000, 0x00000000a2900000, 0x00000000a2a00000|  0%| F|  |TAMS 0x00000000a2900000| PB 0x00000000a2900000| Untracked 
|  42|0x00000000a2a00000, 0x00000000a2a00000, 0x00000000a2b00000|  0%| F|  |TAMS 0x00000000a2a00000| PB 0x00000000a2a00000| Untracked 
|  43|0x00000000a2b00000, 0x00000000a2b00000, 0x00000000a2c00000|  0%| F|  |TAMS 0x00000000a2b00000| PB 0x00000000a2b00000| Untracked 
|  44|0x00000000a2c00000, 0x00000000a2c00000, 0x00000000a2d00000|  0%| F|  |TAMS 0x00000000a2c00000| PB 0x00000000a2c00000| Untracked 
|  45|0x00000000a2d00000, 0x00000000a2d00000, 0x00000000a2e00000|  0%| F|  |TAMS 0x00000000a2d00000| PB 0x00000000a2d00000| Untracked 
|  46|0x00000000a2e00000, 0x00000000a2e00000, 0x00000000a2f00000|  0%| F|  |TAMS 0x00000000a2e00000| PB 0x00000000a2e00000| Untracked 
|  47|0x00000000a2f00000, 0x00000000a2f00000, 0x00000000a3000000|  0%| F|  |TAMS 0x00000000a2f00000| PB 0x00000000a2f00000| Untracked 
|  48|0x00000000a3000000, 0x00000000a3000000, 0x00000000a3100000|  0%| F|  |TAMS 0x00000000a3000000| PB 0x00000000a3000000| Untracked 
|  49|0x00000000a3100000, 0x00000000a3100000, 0x00000000a3200000|  0%| F|  |TAMS 0x00000000a3100000| PB 0x00000000a3100000| Untracked 
|  50|0x00000000a3200000, 0x00000000a3200000, 0x00000000a3300000|  0%| F|  |TAMS 0x00000000a3200000| PB 0x00000000a3200000| Untracked 
|  51|0x00000000a3300000, 0x00000000a3300000, 0x00000000a3400000|  0%| F|  |TAMS 0x00000000a3300000| PB 0x00000000a3300000| Untracked 
|  52|0x00000000a3400000, 0x00000000a3400000, 0x00000000a3500000|  0%| F|  |TAMS 0x00000000a3400000| PB 0x00000000a3400000| Untracked 
|  53|0x00000000a3500000, 0x00000000a3500000, 0x00000000a3600000|  0%| F|  |TAMS 0x00000000a3500000| PB 0x00000000a3500000| Untracked 
|  54|0x00000000a3600000, 0x00000000a3600000, 0x00000000a3700000|  0%| F|  |TAMS 0x00000000a3600000| PB 0x00000000a3600000| Untracked 
|  55|0x00000000a3700000, 0x00000000a3700000, 0x00000000a3800000|  0%| F|  |TAMS 0x00000000a3700000| PB 0x00000000a3700000| Untracked 
|  56|0x00000000a3800000, 0x00000000a3800000, 0x00000000a3900000|  0%| F|  |TAMS 0x00000000a3800000| PB 0x00000000a3800000| Untracked 
|  57|0x00000000a3900000, 0x00000000a3900000, 0x00000000a3a00000|  0%| F|  |TAMS 0x00000000a3900000| PB 0x00000000a3900000| Untracked 
|  58|0x00000000a3a00000, 0x00000000a3a00000, 0x00000000a3b00000|  0%| F|  |TAMS 0x00000000a3a00000| PB 0x00000000a3a00000| Untracked 
|  59|0x00000000a3b00000, 0x00000000a3b00000, 0x00000000a3c00000|  0%| F|  |TAMS 0x00000000a3b00000| PB 0x00000000a3b00000| Untracked 
|  60|0x00000000a3c00000, 0x00000000a3c00000, 0x00000000a3d00000|  0%| F|  |TAMS 0x00000000a3c00000| PB 0x00000000a3c00000| Untracked 
|  61|0x00000000a3d00000, 0x00000000a3d00000, 0x00000000a3e00000|  0%| F|  |TAMS 0x00000000a3d00000| PB 0x00000000a3d00000| Untracked 
|  62|0x00000000a3e00000, 0x00000000a3e00000, 0x00000000a3f00000|  0%| F|  |TAMS 0x00000000a3e00000| PB 0x00000000a3e00000| Untracked 
|  63|0x00000000a3f00000, 0x00000000a3f00000, 0x00000000a4000000|  0%| F|  |TAMS 0x00000000a3f00000| PB 0x00000000a3f00000| Untracked 
|  64|0x00000000a4000000, 0x00000000a4000000, 0x00000000a4100000|  0%| F|  |TAMS 0x00000000a4000000| PB 0x00000000a4000000| Untracked 
|  65|0x00000000a4100000, 0x00000000a4100000, 0x00000000a4200000|  0%| F|  |TAMS 0x00000000a4100000| PB 0x00000000a4100000| Untracked 
|  66|0x00000000a4200000, 0x00000000a4280000, 0x00000000a4300000| 50%| E|  |TAMS 0x00000000a4200000| PB 0x00000000a4200000| Complete 
|  67|0x00000000a4300000, 0x00000000a4400000, 0x00000000a4400000|100%| E|CS|TAMS 0x00000000a4300000| PB 0x00000000a4300000| Complete 
|  68|0x00000000a4400000, 0x00000000a4500000, 0x00000000a4500000|100%| E|CS|TAMS 0x00000000a4400000| PB 0x00000000a4400000| Complete 
|  69|0x00000000a4500000, 0x00000000a4600000, 0x00000000a4600000|100%| E|CS|TAMS 0x00000000a4500000| PB 0x00000000a4500000| Complete 
|  70|0x00000000a4600000, 0x00000000a4700000, 0x00000000a4700000|100%| E|CS|TAMS 0x00000000a4600000| PB 0x00000000a4600000| Complete 
|  71|0x00000000a4700000, 0x00000000a4800000, 0x00000000a4800000|100%| E|CS|TAMS 0x00000000a4700000| PB 0x00000000a4700000| Complete 
|  72|0x00000000a4800000, 0x00000000a4900000, 0x00000000a4900000|100%| E|CS|TAMS 0x00000000a4800000| PB 0x00000000a4800000| Complete 
|  73|0x00000000a4900000, 0x00000000a4a00000, 0x00000000a4a00000|100%| E|CS|TAMS 0x00000000a4900000| PB 0x00000000a4900000| Complete 
|  74|0x00000000a4a00000, 0x00000000a4b00000, 0x00000000a4b00000|100%| E|CS|TAMS 0x00000000a4a00000| PB 0x00000000a4a00000| Complete 
|  75|0x00000000a4b00000, 0x00000000a4c00000, 0x00000000a4c00000|100%| E|CS|TAMS 0x00000000a4b00000| PB 0x00000000a4b00000| Complete 
|  76|0x00000000a4c00000, 0x00000000a4d00000, 0x00000000a4d00000|100%| E|CS|TAMS 0x00000000a4c00000| PB 0x00000000a4c00000| Complete 
|  77|0x00000000a4d00000, 0x00000000a4e00000, 0x00000000a4e00000|100%| E|CS|TAMS 0x00000000a4d00000| PB 0x00000000a4d00000| Complete 
|  78|0x00000000a4e00000, 0x00000000a4f00000, 0x00000000a4f00000|100%| E|CS|TAMS 0x00000000a4e00000| PB 0x00000000a4e00000| Complete 
|  79|0x00000000a4f00000, 0x00000000a5000000, 0x00000000a5000000|100%| E|CS|TAMS 0x00000000a4f00000| PB 0x00000000a4f00000| Complete 
|  80|0x00000000a5000000, 0x00000000a5100000, 0x00000000a5100000|100%| E|CS|TAMS 0x00000000a5000000| PB 0x00000000a5000000| Complete 
|  81|0x00000000a5100000, 0x00000000a5200000, 0x00000000a5200000|100%| E|CS|TAMS 0x00000000a5100000| PB 0x00000000a5100000| Complete 
|  82|0x00000000a5200000, 0x00000000a5300000, 0x00000000a5300000|100%| E|CS|TAMS 0x00000000a5200000| PB 0x00000000a5200000| Complete 
|  83|0x00000000a5300000, 0x00000000a5400000, 0x00000000a5400000|100%| E|CS|TAMS 0x00000000a5300000| PB 0x00000000a5300000| Complete 
|  84|0x00000000a5400000, 0x00000000a5500000, 0x00000000a5500000|100%| E|CS|TAMS 0x00000000a5400000| PB 0x00000000a5400000| Complete 
|  85|0x00000000a5500000, 0x00000000a5600000, 0x00000000a5600000|100%| E|CS|TAMS 0x00000000a5500000| PB 0x00000000a5500000| Complete 
|  86|0x00000000a5600000, 0x00000000a56858c0, 0x00000000a5700000| 52%| S|CS|TAMS 0x00000000a5600000| PB 0x00000000a5600000| Complete 
|  99|0x00000000a6300000, 0x00000000a6400000, 0x00000000a6400000|100%| S|CS|TAMS 0x00000000a6300000| PB 0x00000000a6300000| Complete 
| 100|0x00000000a6400000, 0x00000000a6500000, 0x00000000a6500000|100%| S|CS|TAMS 0x00000000a6400000| PB 0x00000000a6400000| Complete 
| 101|0x00000000a6500000, 0x00000000a6600000, 0x00000000a6600000|100%| S|CS|TAMS 0x00000000a6500000| PB 0x00000000a6500000| Complete 
| 125|0x00000000a7d00000, 0x00000000a7e00000, 0x00000000a7e00000|100%| E|CS|TAMS 0x00000000a7d00000| PB 0x00000000a7d00000| Complete 

Card table byte_map: [0x000001912dad0000,0x000001912ddd0000] _byte_map_base: 0x000001912d5d0000

Marking Bits: (CMBitMap*) 0x0000019118f0a490
 Bits: [0x000001912ddd0000, 0x000001912f5d0000)

Polling page: 0x00000191192c0000

Metaspace:

Usage:
  Non-class:     31.29 MB used.
      Class:      5.24 MB used.
       Both:     36.53 MB used.

Virtual space:
  Non-class space:       64.00 MB reserved,      31.88 MB ( 50%) committed,  1 nodes.
      Class space:        1.00 GB reserved,       5.81 MB ( <1%) committed,  1 nodes.
             Both:        1.06 GB reserved,      37.69 MB (  3%) committed. 

Chunk freelists:
   Non-Class:  15.69 MB
       Class:  10.23 MB
        Both:  25.92 MB

MaxMetaspaceSize: unlimited
CompressedClassSpaceSize: 1.00 GB
Initial GC threshold: 21.00 MB
Current GC threshold: 58.88 MB
CDS: on
 - commit_granule_bytes: 65536.
 - commit_granule_words: 8192.
 - virtual_space_node_default_size: 8388608.
 - enlarge_chunks_in_place: 1.
 - use_allocation_guard: 0.


Internal statistics:

num_allocs_failed_limit: 6.
num_arena_births: 1964.
num_arena_deaths: 0.
num_vsnodes_births: 2.
num_vsnodes_deaths: 0.
num_space_committed: 603.
num_space_uncommitted: 0.
num_chunks_returned_to_freelist: 6.
num_chunks_taken_from_freelist: 3558.
num_chunk_merges: 6.
num_chunk_splits: 2334.
num_chunks_enlarged: 1494.
num_inconsistent_stats: 0.

CodeHeap 'non-profiled nmethods': size=120000Kb used=2364Kb max_used=2455Kb free=117635Kb
 bounds [0x0000019125f60000, 0x00000191261e0000, 0x000001912d490000]
CodeHeap 'profiled nmethods': size=120000Kb used=7795Kb max_used=8662Kb free=112204Kb
 bounds [0x000001911e490000, 0x000001911ed10000, 0x00000191259c0000]
CodeHeap 'non-nmethods': size=5760Kb used=2767Kb max_used=2791Kb free=2992Kb
 bounds [0x00000191259c0000, 0x0000019125c80000, 0x0000019125f60000]
CodeCache: size=245760Kb, used=12926Kb, max_used=13908Kb, free=232831Kb
 total_blobs=4861, nmethods=4034, adapters=730, full_count=0
Compilation: enabled, stopped_count=0, restarted_count=0

Compilation events (20 events):
Event: 21.404 Thread 0x0000019131ff5130 4532       3       org.gradle.model.internal.asm.ClassVisitorScope::addField (11 bytes)
Event: 21.404 Thread 0x0000019131ff5130 nmethod 4532 0x000001911e970590 code [0x000001911e970740, 0x000001911e970918]
Event: 21.404 Thread 0x0000019131ff5130 4533       3       org.objectweb.asm.SymbolTable::addConstant (314 bytes)
Event: 21.405 Thread 0x0000019131ff0630 nmethod 4531 0x0000019126002b10 code [0x0000019126002cc0, 0x0000019126002fd8]
Event: 21.407 Thread 0x0000019131ff5130 nmethod 4533 0x000001911e4d7690 code [0x000001911e4d7c40, 0x000001911e4dade8]
Event: 21.407 Thread 0x0000019131ff5130 4534       3       org.gradle.model.internal.asm.MethodVisitorScope::_INVOKEVIRTUAL (11 bytes)
Event: 21.408 Thread 0x0000019131ff5130 nmethod 4534 0x000001911e869b10 code [0x000001911e869ce0, 0x000001911e869f78]
Event: 21.410 Thread 0x0000019131ff5130 4535       3       org.objectweb.asm.Type::hashCode (68 bytes)
Event: 21.411 Thread 0x0000019131ff5130 nmethod 4535 0x000001911e592d90 code [0x000001911e592fa0, 0x000001911e593690]
Event: 21.414 Thread 0x0000019131ff0630 4536   !   4       java.net.URLClassLoader::findClass (47 bytes)
Event: 21.419 Thread 0x0000019131ff0630 nmethod 4536 0x0000019125fe9f90 code [0x0000019125fea160, 0x0000019125fea440]
Event: 21.419 Thread 0x0000019131ff0630 4537   !   4       java.util.regex.Pattern::RemoveQEQuoting (370 bytes)
Event: 21.419 Thread 0x0000019131ff5130 4539       3       org.gradle.model.internal.asm.ClassVisitorScope::publicMethod (9 bytes)
Event: 21.419 Thread 0x0000019131ff5130 nmethod 4539 0x000001911e60ff10 code [0x000001911e6100c0, 0x000001911e610290]
Event: 21.464 Thread 0x0000019131ff5130 4540       3       java.util.Spliterators$EmptySpliterator$OfRef::forEachRemaining (6 bytes)
Event: 21.465 Thread 0x0000019131ff5130 nmethod 4540 0x000001911e709d90 code [0x000001911e709f60, 0x000001911e70a218]
Event: 21.465 Thread 0x0000019131ff5130 4541       3       java.util.Spliterators$EmptySpliterator::forEachRemaining (6 bytes)
Event: 21.465 Thread 0x0000019131ff5130 nmethod 4541 0x000001911e60fa10 code [0x000001911e60fbc0, 0x000001911e60fe20]
Event: 21.465 Thread 0x0000019131ff5130 4542       3       java.util.Collections$EmptyList::spliterator (4 bytes)
Event: 21.465 Thread 0x0000019131ff5130 nmethod 4542 0x000001911e709990 code [0x000001911e709b40, 0x000001911e709cb0]

GC Heap History (16 events):
Event: 1.084 GC heap before
{Heap before GC invocations=0 (full 0):
 garbage-first heap   total 129024K, used 23552K [0x00000000a0000000, 0x0000000100000000)
  region size 1024K, 23 young (23552K), 0 survivors (0K)
 Metaspace       used 1042K, committed 1152K, reserved 1114112K
  class space    used 81K, committed 128K, reserved 1048576K
}
Event: 1.088 GC heap after
{Heap after GC invocations=1 (full 0):
 garbage-first heap   total 129024K, used 1962K [0x00000000a0000000, 0x0000000100000000)
  region size 1024K, 2 young (2048K), 2 survivors (2048K)
 Metaspace       used 1042K, committed 1152K, reserved 1114112K
  class space    used 81K, committed 128K, reserved 1048576K
}
Event: 2.230 GC heap before
{Heap before GC invocations=1 (full 0):
 garbage-first heap   total 129024K, used 39850K [0x00000000a0000000, 0x0000000100000000)
  region size 1024K, 37 young (37888K), 2 survivors (2048K)
 Metaspace       used 4365K, committed 4544K, reserved 1114112K
  class space    used 556K, committed 640K, reserved 1048576K
}
Event: 2.240 GC heap after
{Heap after GC invocations=2 (full 0):
 garbage-first heap   total 129024K, used 10779K [0x00000000a0000000, 0x0000000100000000)
  region size 1024K, 5 young (5120K), 5 survivors (5120K)
 Metaspace       used 4365K, committed 4544K, reserved 1114112K
  class space    used 556K, committed 640K, reserved 1048576K
}
Event: 3.884 GC heap before
{Heap before GC invocations=2 (full 0):
 garbage-first heap   total 129024K, used 60955K [0x00000000a0000000, 0x0000000100000000)
  region size 1024K, 52 young (53248K), 5 survivors (5120K)
 Metaspace       used 5024K, committed 5248K, reserved 1114112K
  class space    used 663K, committed 768K, reserved 1048576K
}
Event: 3.903 GC heap after
{Heap after GC invocations=3 (full 0):
 garbage-first heap   total 129024K, used 16659K [0x00000000a0000000, 0x0000000100000000)
  region size 1024K, 5 young (5120K), 5 survivors (5120K)
 Metaspace       used 5024K, committed 5248K, reserved 1114112K
  class space    used 663K, committed 768K, reserved 1048576K
}
Event: 10.529 GC heap before
{Heap before GC invocations=3 (full 0):
 garbage-first heap   total 129024K, used 88339K [0x00000000a0000000, 0x0000000100000000)
  region size 1024K, 75 young (76800K), 5 survivors (5120K)
 Metaspace       used 17766K, committed 18240K, reserved 1114112K
  class space    used 2553K, committed 2752K, reserved 1048576K
}
Event: 10.541 GC heap after
{Heap after GC invocations=4 (full 0):
 garbage-first heap   total 129024K, used 22735K [0x00000000a0000000, 0x0000000100000000)
  region size 1024K, 10 young (10240K), 10 survivors (10240K)
 Metaspace       used 17766K, committed 18240K, reserved 1114112K
  class space    used 2553K, committed 2752K, reserved 1048576K
}
Event: 12.669 GC heap before
{Heap before GC invocations=4 (full 0):
 garbage-first heap   total 129024K, used 46287K [0x00000000a0000000, 0x0000000100000000)
  region size 1024K, 34 young (34816K), 10 survivors (10240K)
 Metaspace       used 20872K, committed 21504K, reserved 1114112K
  class space    used 3085K, committed 3392K, reserved 1048576K
}
Event: 12.681 GC heap after
{Heap after GC invocations=5 (full 0):
 garbage-first heap   total 129024K, used 24482K [0x00000000a0000000, 0x0000000100000000)
  region size 1024K, 3 young (3072K), 3 survivors (3072K)
 Metaspace       used 20872K, committed 21504K, reserved 1114112K
  class space    used 3085K, committed 3392K, reserved 1048576K
}
Event: 17.737 GC heap before
{Heap before GC invocations=6 (full 0):
 garbage-first heap   total 86016K, used 84898K [0x00000000a0000000, 0x0000000100000000)
  region size 1024K, 62 young (63488K), 3 survivors (3072K)
 Metaspace       used 30748K, committed 31744K, reserved 1114112K
  class space    used 4453K, committed 4928K, reserved 1048576K
}
Event: 17.746 GC heap after
{Heap after GC invocations=7 (full 0):
 garbage-first heap   total 93184K, used 28843K [0x00000000a0000000, 0x0000000100000000)
  region size 1024K, 7 young (7168K), 7 survivors (7168K)
 Metaspace       used 30748K, committed 31744K, reserved 1114112K
  class space    used 4453K, committed 4928K, reserved 1048576K
}
Event: 19.629 GC heap before
{Heap before GC invocations=7 (full 0):
 garbage-first heap   total 93184K, used 75947K [0x00000000a0000000, 0x0000000100000000)
  region size 1024K, 54 young (55296K), 7 survivors (7168K)
 Metaspace       used 34881K, committed 35968K, reserved 1114112K
  class space    used 5057K, committed 5568K, reserved 1048576K
}
Event: 19.641 GC heap after
{Heap after GC invocations=8 (full 0):
 garbage-first heap   total 93184K, used 32612K [0x00000000a0000000, 0x0000000100000000)
  region size 1024K, 4 young (4096K), 4 survivors (4096K)
 Metaspace       used 34881K, committed 35968K, reserved 1114112K
  class space    used 5057K, committed 5568K, reserved 1048576K
}
Event: 19.643 GC heap before
{Heap before GC invocations=8 (full 0):
 garbage-first heap   total 93184K, used 32612K [0x00000000a0000000, 0x0000000100000000)
  region size 1024K, 5 young (5120K), 4 survivors (4096K)
 Metaspace       used 34894K, committed 35968K, reserved 1114112K
  class space    used 5057K, committed 5568K, reserved 1048576K
}
Event: 19.651 GC heap after
{Heap after GC invocations=9 (full 0):
 garbage-first heap   total 93184K, used 32160K [0x00000000a0000000, 0x0000000100000000)
  region size 1024K, 4 young (4096K), 4 survivors (4096K)
 Metaspace       used 34894K, committed 35968K, reserved 1114112K
  class space    used 5057K, committed 5568K, reserved 1048576K
}

Dll operation events (14 events):
Event: 0.038 Loaded shared library C:\Users\Admin\.antigravity\extensions\redhat.java-1.54.0-win32-x64\jre\21.0.10-win32-x86_64\bin\java.dll
Event: 0.324 Loaded shared library C:\Users\Admin\.antigravity\extensions\redhat.java-1.54.0-win32-x64\jre\21.0.10-win32-x86_64\bin\zip.dll
Event: 0.420 Loaded shared library C:\Users\Admin\.antigravity\extensions\redhat.java-1.54.0-win32-x64\jre\21.0.10-win32-x86_64\bin\instrument.dll
Event: 0.432 Loaded shared library C:\Users\Admin\.antigravity\extensions\redhat.java-1.54.0-win32-x64\jre\21.0.10-win32-x86_64\bin\net.dll
Event: 0.437 Loaded shared library C:\Users\Admin\.antigravity\extensions\redhat.java-1.54.0-win32-x64\jre\21.0.10-win32-x86_64\bin\nio.dll
Event: 0.443 Loaded shared library C:\Users\Admin\.antigravity\extensions\redhat.java-1.54.0-win32-x64\jre\21.0.10-win32-x86_64\bin\zip.dll
Event: 1.005 Loaded shared library C:\Users\Admin\.antigravity\extensions\redhat.java-1.54.0-win32-x64\jre\21.0.10-win32-x86_64\bin\jimage.dll
Event: 1.264 Loaded shared library C:\Users\Admin\.antigravity\extensions\redhat.java-1.54.0-win32-x64\jre\21.0.10-win32-x86_64\bin\verify.dll
Event: 1.411 Loaded shared library C:\Users\Admin\.gradle\native\1def1411415f61bf3af743bc5b6707747c0891f09f0c88961ee8f79bc544acac\windows-amd64\native-platform.dll
Event: 1.429 Loaded shared library C:\Users\Admin\.gradle\native\0.2.7\x86_64-windows-gnu\gradle-fileevents.dll
Event: 4.375 Loaded shared library C:\Users\Admin\.antigravity\extensions\redhat.java-1.54.0-win32-x64\jre\21.0.10-win32-x86_64\bin\management.dll
Event: 4.384 Loaded shared library C:\Users\Admin\.antigravity\extensions\redhat.java-1.54.0-win32-x64\jre\21.0.10-win32-x86_64\bin\management_ext.dll
Event: 4.824 Loaded shared library C:\Users\Admin\.antigravity\extensions\redhat.java-1.54.0-win32-x64\jre\21.0.10-win32-x86_64\bin\extnet.dll
Event: 6.191 Loaded shared library C:\Users\Admin\.antigravity\extensions\redhat.java-1.54.0-win32-x64\jre\21.0.10-win32-x86_64\bin\sunmscapi.dll

Deoptimization events (20 events):
Event: 20.893 Thread 0x00000191327a2ca0 Uncommon trap: trap_request=0xffffffde fr.pc=0x00000191261604bc relative=0x000000000000191c
Event: 20.893 Thread 0x00000191327a2ca0 Uncommon trap: reason=class_check action=maybe_recompile pc=0x00000191261604bc method=jdk.internal.loader.URLClassPath.getLoader(I)Ljdk/internal/loader/URLClassPath$Loader; @ 88 c2
Event: 20.893 Thread 0x00000191327a2ca0 DEOPT PACKING pc=0x00000191261604bc sp=0x00000066e41f8c50
Event: 20.893 Thread 0x00000191327a2ca0 DEOPT UNPACKING pc=0x0000019125a17ba2 sp=0x00000066e41f8c40 mode 2
Event: 21.305 Thread 0x00000191327a2ca0 Uncommon trap: trap_request=0xffffffbe fr.pc=0x0000019126081c6c relative=0x000000000000110c
Event: 21.305 Thread 0x00000191327a2ca0 Uncommon trap: reason=profile_predicate action=maybe_recompile pc=0x0000019126081c6c method=java.lang.invoke.InvokerBytecodeGenerator.<init>(Ljava/lang/String;Ljava/lang/String;Ljava/lang/invoke/LambdaForm;Ljava/lang/invoke/MethodType;)V @ 33 c2
Event: 21.305 Thread 0x00000191327a2ca0 DEOPT PACKING pc=0x0000019126081c6c sp=0x00000066e41f8ce0
Event: 21.305 Thread 0x00000191327a2ca0 DEOPT UNPACKING pc=0x0000019125a17ba2 sp=0x00000066e41f8c90 mode 2
Event: 21.306 Thread 0x00000191327a2ca0 Uncommon trap: trap_request=0xffffffbe fr.pc=0x0000019126081c6c relative=0x000000000000110c
Event: 21.306 Thread 0x00000191327a2ca0 Uncommon trap: reason=profile_predicate action=maybe_recompile pc=0x0000019126081c6c method=java.lang.invoke.InvokerBytecodeGenerator.<init>(Ljava/lang/String;Ljava/lang/String;Ljava/lang/invoke/LambdaForm;Ljava/lang/invoke/MethodType;)V @ 33 c2
Event: 21.306 Thread 0x00000191327a2ca0 DEOPT PACKING pc=0x0000019126081c6c sp=0x00000066e41f8cf0
Event: 21.306 Thread 0x00000191327a2ca0 DEOPT UNPACKING pc=0x0000019125a17ba2 sp=0x00000066e41f8ca0 mode 2
Event: 21.357 Thread 0x00000191327a2ca0 Uncommon trap: trap_request=0xffffffbe fr.pc=0x0000019126081c6c relative=0x000000000000110c
Event: 21.357 Thread 0x00000191327a2ca0 Uncommon trap: reason=profile_predicate action=maybe_recompile pc=0x0000019126081c6c method=java.lang.invoke.InvokerBytecodeGenerator.<init>(Ljava/lang/String;Ljava/lang/String;Ljava/lang/invoke/LambdaForm;Ljava/lang/invoke/MethodType;)V @ 33 c2
Event: 21.357 Thread 0x00000191327a2ca0 DEOPT PACKING pc=0x0000019126081c6c sp=0x00000066e41f82e0
Event: 21.357 Thread 0x00000191327a2ca0 DEOPT UNPACKING pc=0x0000019125a17ba2 sp=0x00000066e41f8290 mode 2
Event: 21.357 Thread 0x00000191327a2ca0 Uncommon trap: trap_request=0xffffffbe fr.pc=0x0000019126081c6c relative=0x000000000000110c
Event: 21.357 Thread 0x00000191327a2ca0 Uncommon trap: reason=profile_predicate action=maybe_recompile pc=0x0000019126081c6c method=java.lang.invoke.InvokerBytecodeGenerator.<init>(Ljava/lang/String;Ljava/lang/String;Ljava/lang/invoke/LambdaForm;Ljava/lang/invoke/MethodType;)V @ 33 c2
Event: 21.357 Thread 0x00000191327a2ca0 DEOPT PACKING pc=0x0000019126081c6c sp=0x00000066e41f82f0
Event: 21.357 Thread 0x00000191327a2ca0 DEOPT UNPACKING pc=0x0000019125a17ba2 sp=0x00000066e41f82a0 mode 2

Classes loaded (20 events):
Event: 20.272 Loading class java/lang/invoke/BoundMethodHandle$Species_LI
Event: 20.272 Loading class java/lang/invoke/BoundMethodHandle$Species_LI done
Event: 20.303 Loading class javax/net/ssl/HostnameVerifier
Event: 20.303 Loading class javax/net/ssl/HostnameVerifier done
Event: 20.320 Loading class javax/net/ssl/TrustManager
Event: 20.320 Loading class javax/net/ssl/TrustManager done
Event: 20.321 Loading class javax/net/ssl/X509TrustManager
Event: 20.321 Loading class javax/net/ssl/X509TrustManager done
Event: 20.364 Loading class javax/net/ssl/SSLException
Event: 20.364 Loading class javax/net/ssl/SSLException done
Event: 20.364 Loading class javax/net/ssl/SSLPeerUnverifiedException
Event: 20.364 Loading class javax/net/ssl/SSLPeerUnverifiedException done
Event: 20.364 Loading class java/security/cert/CertificateParsingException
Event: 20.365 Loading class java/security/cert/CertificateException
Event: 20.365 Loading class java/security/cert/CertificateException done
Event: 20.365 Loading class java/security/cert/CertificateParsingException done
Event: 20.365 Loading class javax/naming/NamingException
Event: 20.366 Loading class javax/naming/NamingException done
Event: 20.366 Loading class javax/naming/InvalidNameException
Event: 20.367 Loading class javax/naming/InvalidNameException done

Classes unloaded (0 events):
No events

Classes redefined (0 events):
No events

Internal exceptions (20 events):
Event: 19.769 Thread 0x00000191327a2ca0 Exception <a 'java/lang/NoSuchMethodError'{0x00000000a55e3f98}: 'void java.lang.invoke.Invokers$Holder.invoke_MT(java.lang.Object, java.lang.Object, java.lang.Object, java.lang.Object)'> (0x00000000a55e3f98) 
thrown [s\src\hotspot\share\interpreter\linkResolver.cpp, line 773]
Event: 19.801 Thread 0x00000191327a2ca0 Exception <a 'java/lang/ClassNotFoundException'{0x00000000a54ba5e0}: org/gradle/initialization/DefaultSettings_DecoratedBeanInfo> (0x00000000a54ba5e0) 
thrown [s\src\hotspot\share\classfile\systemDictionary.cpp, line 312]
Event: 19.803 Thread 0x00000191327a2ca0 Exception <a 'java/lang/ClassNotFoundException'{0x00000000a54c9c08}: org/gradle/initialization/DefaultSettingsBeanInfo> (0x00000000a54c9c08) 
thrown [s\src\hotspot\share\classfile\systemDictionary.cpp, line 312]
Event: 19.804 Thread 0x00000191327a2ca0 Exception <a 'java/lang/ClassNotFoundException'{0x00000000a54d95d0}: org/gradle/api/internal/project/AbstractPluginAwareBeanInfo> (0x00000000a54d95d0) 
thrown [s\src\hotspot\share\classfile\systemDictionary.cpp, line 312]
Event: 19.806 Thread 0x00000191327a2ca0 Exception <a 'java/lang/ClassNotFoundException'{0x00000000a54e8e40}: org/gradle/api/internal/project/AbstractPluginAwareCustomizer> (0x00000000a54e8e40) 
thrown [s\src\hotspot\share\classfile\systemDictionary.cpp, line 312]
Event: 19.811 Thread 0x00000191327a2ca0 Exception <a 'java/lang/ClassNotFoundException'{0x00000000a54fed08}: org/gradle/initialization/DefaultSettingsCustomizer> (0x00000000a54fed08) 
thrown [s\src\hotspot\share\classfile\systemDictionary.cpp, line 312]
Event: 19.831 Thread 0x00000191327a2ca0 Exception <a 'java/lang/ClassNotFoundException'{0x00000000a534def8}: org/gradle/initialization/DefaultSettings_DecoratedCustomizer> (0x00000000a534def8) 
thrown [s\src\hotspot\share\classfile\systemDictionary.cpp, line 312]
Event: 19.855 Thread 0x00000191327a2ca0 Exception <a 'java/lang/IncompatibleClassChangeError'{0x00000000a53bc4c0}: Found class java.lang.Object, but interface was expected> (0x00000000a53bc4c0) 
thrown [s\src\hotspot\share\interpreter\linkResolver.cpp, line 840]
Event: 19.856 Thread 0x00000191327a2ca0 Implicit null exception at 0x000001912616ddfc to 0x000001912616deb4
Event: 19.872 Thread 0x00000191327a2ca0 Exception <a 'java/lang/ClassNotFoundException'{0x00000000a53ea050}: java/io/FileBeanInfo> (0x00000000a53ea050) 
thrown [s\src\hotspot\share\classfile\systemDictionary.cpp, line 312]
Event: 19.872 Thread 0x00000191327a2ca0 Exception <a 'java/lang/ClassNotFoundException'{0x00000000a53eec40}: java/io/FileCustomizer> (0x00000000a53eec40) 
thrown [s\src\hotspot\share\classfile\systemDictionary.cpp, line 312]
Event: 20.071 Thread 0x00000191327a2ca0 Exception <a 'java/lang/ClassNotFoundException'{0x00000000a527dca8}: org/gradle/initialization/DefaultProjectDescriptorBeanInfo> (0x00000000a527dca8) 
thrown [s\src\hotspot\share\classfile\systemDictionary.cpp, line 312]
Event: 20.078 Thread 0x00000191327a2ca0 Exception <a 'java/lang/ClassNotFoundException'{0x00000000a528c460}: org/gradle/initialization/DefaultProjectDescriptorCustomizer> (0x00000000a528c460) 
thrown [s\src\hotspot\share\classfile\systemDictionary.cpp, line 312]
Event: 20.261 Thread 0x00000191327a2ca0 Exception <a 'java/lang/ClassNotFoundException'{0x00000000a506cba0}: org/gradle/api/internal/plugins/DefaultObjectConfigurationActionBeanInfo> (0x00000000a506cba0) 
thrown [s\src\hotspot\share\classfile\systemDictionary.cpp, line 312]
Event: 20.263 Thread 0x00000191327a2ca0 Exception <a 'java/lang/ClassNotFoundException'{0x00000000a507c340}: org/gradle/api/internal/plugins/DefaultObjectConfigurationActionCustomizer> (0x00000000a507c340) 
thrown [s\src\hotspot\share\classfile\systemDictionary.cpp, line 312]
Event: 20.271 Thread 0x00000191327a2ca0 Implicit null exception at 0x00000191260d9272 to 0x00000191260d94f0
Event: 20.272 Thread 0x00000191327a2ca0 Exception <a 'java/lang/NoSuchMethodError'{0x00000000a5089a30}: 'int java.lang.invoke.DirectMethodHandle$Holder.invokeSpecial(java.lang.Object, java.lang.Object, java.lang.Object, int)'> (0x00000000a5089a30) 
thrown [s\src\hotspot\share\interpreter\linkResolver.cpp, line 773]
Event: 20.281 Thread 0x00000191327a2ca0 Exception <a 'java/lang/NoSuchMethodError'{0x00000000a509a800}: 'java.lang.Object java.lang.invoke.DirectMethodHandle$Holder.invokeStatic(java.lang.Object, java.lang.Object, java.lang.Object, java.lang.Object, int)'> (0x00000000a509a800) 
thrown [s\src\hotspot\share\interpreter\linkResolver.cpp, line 773]
Event: 21.016 Thread 0x00000191327a2ca0 Exception <a 'java/lang/ClassNotFoundException'{0x00000000a4decdd0}: capacitor_settings_cxejm46pybherkv7g42vfbky9BeanInfo> (0x00000000a4decdd0) 
thrown [s\src\hotspot\share\classfile\systemDictionary.cpp, line 312]
Event: 21.018 Thread 0x00000191327a2ca0 Exception <a 'java/lang/ClassNotFoundException'{0x00000000a4df3be0}: capacitor_settings_cxejm46pybherkv7g42vfbky9Customizer> (0x00000000a4df3be0) 
thrown [s\src\hotspot\share\classfile\systemDictionary.cpp, line 312]

ZGC Phase Switch (0 events):
No events

VM Operations (20 events):
Event: 18.061 Executing non-safepoint VM operation: HandshakeAllThreads (Deoptimize)
Event: 18.061 Executing non-safepoint VM operation: HandshakeAllThreads (Deoptimize) done
Event: 18.528 Executing non-safepoint VM operation: HandshakeAllThreads (Deoptimize)
Event: 18.528 Executing non-safepoint VM operation: HandshakeAllThreads (Deoptimize) done
Event: 18.748 Executing non-safepoint VM operation: HandshakeAllThreads (Deoptimize)
Event: 18.749 Executing non-safepoint VM operation: HandshakeAllThreads (Deoptimize) done
Event: 18.749 Executing safepoint VM operation: Cleanup
Event: 18.749 Executing safepoint VM operation: Cleanup done
Event: 19.629 Executing safepoint VM operation: G1CollectForAllocation (G1 Evacuation Pause)
Event: 19.641 Executing safepoint VM operation: G1CollectForAllocation (G1 Evacuation Pause) done
Event: 19.643 Executing safepoint VM operation: CollectForMetadataAllocation (Metadata GC Threshold)
Event: 19.651 Executing safepoint VM operation: CollectForMetadataAllocation (Metadata GC Threshold) done
Event: 19.689 Executing safepoint VM operation: G1PauseRemark
Event: 19.699 Executing safepoint VM operation: G1PauseRemark done
Event: 19.711 Executing safepoint VM operation: G1PauseCleanup
Event: 19.712 Executing safepoint VM operation: G1PauseCleanup done
Event: 20.713 Executing safepoint VM operation: Cleanup
Event: 20.713 Executing safepoint VM operation: Cleanup done
Event: 21.716 Executing safepoint VM operation: Cleanup
Event: 21.717 Executing safepoint VM operation: Cleanup done

Memory protections (0 events):
No events

Nmethod flushes (20 events):
Event: 19.697 Thread 0x0000019131fc3bb0 flushing  nmethod 0x000001911e527e10
Event: 19.697 Thread 0x0000019131fc3bb0 flushing  nmethod 0x000001911e5ecd90
Event: 19.697 Thread 0x0000019131fc3bb0 flushing  nmethod 0x000001911e5ed410
Event: 19.697 Thread 0x0000019131fc3bb0 flushing  nmethod 0x000001911e5ef410
Event: 19.697 Thread 0x0000019131fc3bb0 flushing  nmethod 0x000001911e5f0a10
Event: 19.697 Thread 0x0000019131fc3bb0 flushing  nmethod 0x000001911e5f9910
Event: 19.697 Thread 0x0000019131fc3bb0 flushing  nmethod 0x000001911e5fa810
Event: 19.697 Thread 0x0000019131fc3bb0 flushing  nmethod 0x000001911e5fac10
Event: 19.697 Thread 0x0000019131fc3bb0 flushing  nmethod 0x000001911e5faf90
Event: 19.697 Thread 0x0000019131fc3bb0 flushing  nmethod 0x000001911e5fc590
Event: 19.697 Thread 0x0000019131fc3bb0 flushing  nmethod 0x000001911e5fcb90
Event: 19.697 Thread 0x0000019131fc3bb0 flushing  nmethod 0x000001911e652410
Event: 19.697 Thread 0x0000019131fc3bb0 flushing  nmethod 0x000001911e655a10
Event: 19.697 Thread 0x0000019131fc3bb0 flushing  nmethod 0x000001911e7b3890
Event: 19.697 Thread 0x0000019131fc3bb0 flushing  nmethod 0x000001911e7c2b90
Event: 19.697 Thread 0x0000019131fc3bb0 flushing  nmethod 0x000001911e7d3a10
Event: 19.697 Thread 0x0000019131fc3bb0 flushing  nmethod 0x000001911e8f4610
Event: 19.697 Thread 0x0000019131fc3bb0 flushing  nmethod 0x000001911e8f5c10
Event: 19.697 Thread 0x0000019131fc3bb0 flushing  nmethod 0x000001911e8f6490
Event: 19.697 Thread 0x0000019131fc3bb0 flushing  nmethod 0x000001911e8f9290

Events (20 events):
Event: 13.355 Thread 0x00000191327a2ca0 Thread added: 0x00000191322671a0
Event: 13.366 Thread 0x00000191327a2ca0 Thread added: 0x00000191322643b0
Event: 13.732 Thread 0x000001917ba13030 Thread exited: 0x000001917ba13030
Event: 16.257 Thread 0x0000019131ff5130 Thread added: 0x000001917ba21520
Event: 17.952 Thread 0x000001917ba21520 Thread exited: 0x000001917ba21520
Event: 17.998 Thread 0x0000019131ff0630 Thread added: 0x000001917ba21520
Event: 18.094 Thread 0x0000019131ff5130 Thread added: 0x00000191320b5100
Event: 18.952 Thread 0x00000191320b5100 Thread exited: 0x00000191320b5100
Event: 18.952 Thread 0x000001917ba21520 Thread exited: 0x000001917ba21520
Event: 18.964 Thread 0x00000191327a2ca0 Thread added: 0x00000191322650d0
Event: 19.066 Thread 0x00000191327a2ca0 Thread added: 0x0000019132264a40
Event: 19.404 Thread 0x0000019131ff5130 Thread added: 0x000001917b9787e0
Event: 19.453 Thread 0x00000191327a2ca0 Thread added: 0x0000019132265760
Event: 19.558 Thread 0x00000191327a2ca0 Thread added: 0x0000019132266b10
Event: 20.240 Thread 0x000001917b9787e0 Thread exited: 0x000001917b9787e0
Event: 20.837 Thread 0x00000191327a2ca0 Thread added: 0x0000019132265df0
Event: 20.883 Thread 0x00000191327a2ca0 Thread added: 0x0000019132266480
Event: 20.985 Thread 0x0000019131ff5130 Thread added: 0x0000019178f05c90
Event: 21.212 Thread 0x0000019178f05c90 Thread exited: 0x0000019178f05c90
Event: 21.292 Thread 0x0000019131ff5130 Thread added: 0x000001917bb4d620


Dynamic libraries:
0x00007ff71a7c0000 - 0x00007ff71a7ce000 	C:\Users\Admin\.antigravity\extensions\redhat.java-1.54.0-win32-x64\jre\21.0.10-win32-x86_64\bin\java.exe
0x00007ffdc7e20000 - 0x00007ffdc8087000 	C:\WINDOWS\SYSTEM32\ntdll.dll
0x00007ffdc64e0000 - 0x00007ffdc65a9000 	C:\WINDOWS\System32\KERNEL32.DLL
0x00007ffdc4f70000 - 0x00007ffdc5361000 	C:\WINDOWS\System32\KERNELBASE.dll
0x00007ffdc5400000 - 0x00007ffdc554b000 	C:\WINDOWS\System32\ucrtbase.dll
0x00007ffdbf9a0000 - 0x00007ffdbf9b8000 	C:\Users\Admin\.antigravity\extensions\redhat.java-1.54.0-win32-x64\jre\21.0.10-win32-x86_64\bin\jli.dll
0x00007ffdc7200000 - 0x00007ffdc73c5000 	C:\WINDOWS\System32\USER32.dll
0x00007ffdc5b90000 - 0x00007ffdc5bb7000 	C:\WINDOWS\System32\win32u.dll
0x00007ffdc69e0000 - 0x00007ffdc6a0b000 	C:\WINDOWS\System32\GDI32.dll
0x00007ffdc58f0000 - 0x00007ffdc5a1b000 	C:\WINDOWS\System32\gdi32full.dll
0x00007ffdc5600000 - 0x00007ffdc56a3000 	C:\WINDOWS\System32\msvcp_win.dll
0x00007ffdab420000 - 0x00007ffdab43e000 	C:\Users\Admin\.antigravity\extensions\redhat.java-1.54.0-win32-x64\jre\21.0.10-win32-x86_64\bin\VCRUNTIME140.dll
0x00007ffdab440000 - 0x00007ffdab6d3000 	C:\WINDOWS\WinSxS\amd64_microsoft.windows.common-controls_6595b64144ccf1df_6.0.26100.8037_none_3e092faae333b53b\COMCTL32.dll
0x00007ffdc7150000 - 0x00007ffdc71f9000 	C:\WINDOWS\System32\msvcrt.dll
0x00007ffdc7a60000 - 0x00007ffdc7a91000 	C:\WINDOWS\System32\IMM32.DLL
0x00007ffdb7140000 - 0x00007ffdb714c000 	C:\Users\Admin\.antigravity\extensions\redhat.java-1.54.0-win32-x64\jre\21.0.10-win32-x86_64\bin\vcruntime140_1.dll
0x00007ffd9c510000 - 0x00007ffd9c59d000 	C:\Users\Admin\.antigravity\extensions\redhat.java-1.54.0-win32-x64\jre\21.0.10-win32-x86_64\bin\msvcp140.dll
0x00007ffd55480000 - 0x00007ffd56221000 	C:\Users\Admin\.antigravity\extensions\redhat.java-1.54.0-win32-x64\jre\21.0.10-win32-x86_64\bin\server\jvm.dll
0x00007ffdc6870000 - 0x00007ffdc692b000 	C:\WINDOWS\System32\ADVAPI32.dll
0x00007ffdc6930000 - 0x00007ffdc69d7000 	C:\WINDOWS\System32\sechost.dll
0x00007ffdc6a10000 - 0x00007ffdc6b28000 	C:\WINDOWS\System32\RPCRT4.dll
0x00007ffdc6b30000 - 0x00007ffdc6ba4000 	C:\WINDOWS\System32\WS2_32.dll
0x00007ffdc4560000 - 0x00007ffdc45be000 	C:\WINDOWS\SYSTEM32\POWRPROF.dll
0x00007ffda7e60000 - 0x00007ffda7e95000 	C:\WINDOWS\SYSTEM32\WINMM.dll
0x00007ffdaefc0000 - 0x00007ffdaefcb000 	C:\WINDOWS\SYSTEM32\VERSION.dll
0x00007ffdc4540000 - 0x00007ffdc4554000 	C:\WINDOWS\SYSTEM32\UMPDC.dll
0x00007ffdc3450000 - 0x00007ffdc346b000 	C:\WINDOWS\SYSTEM32\kernel.appcore.dll
0x00007ffdb6e30000 - 0x00007ffdb6e3a000 	C:\Users\Admin\.antigravity\extensions\redhat.java-1.54.0-win32-x64\jre\21.0.10-win32-x86_64\bin\jimage.dll
0x00007ffdc2590000 - 0x00007ffdc27d2000 	C:\WINDOWS\SYSTEM32\DBGHELP.DLL
0x00007ffdc6bb0000 - 0x00007ffdc6f32000 	C:\WINDOWS\System32\combase.dll
0x00007ffdc6fe0000 - 0x00007ffdc70b7000 	C:\WINDOWS\System32\OLEAUT32.dll
0x00007ffda2940000 - 0x00007ffda297b000 	C:\WINDOWS\SYSTEM32\dbgcore.DLL
0x00007ffdc5550000 - 0x00007ffdc55f5000 	C:\WINDOWS\System32\bcryptPrimitives.dll
0x00007ffdb0d90000 - 0x00007ffdb0d9f000 	C:\Users\Admin\.antigravity\extensions\redhat.java-1.54.0-win32-x64\jre\21.0.10-win32-x86_64\bin\instrument.dll
0x00007ffdaa7a0000 - 0x00007ffdaa7c0000 	C:\Users\Admin\.antigravity\extensions\redhat.java-1.54.0-win32-x64\jre\21.0.10-win32-x86_64\bin\java.dll
0x00007ffdc5bc0000 - 0x00007ffdc631f000 	C:\WINDOWS\System32\SHELL32.dll
0x00007ffdc5a20000 - 0x00007ffdc5b8a000 	C:\WINDOWS\System32\wintypes.dll
0x00007ffdc4700000 - 0x00007ffdc4f64000 	C:\WINDOWS\System32\windows.storage.dll
0x00007ffdc7bd0000 - 0x00007ffdc7cc7000 	C:\WINDOWS\System32\SHCORE.dll
0x00007ffdc6f40000 - 0x00007ffdc6fa7000 	C:\WINDOWS\System32\shlwapi.dll
0x00007ffdc4620000 - 0x00007ffdc4649000 	C:\WINDOWS\SYSTEM32\profapi.dll
0x00007ffda9ab0000 - 0x00007ffda9ac8000 	C:\Users\Admin\.antigravity\extensions\redhat.java-1.54.0-win32-x64\jre\21.0.10-win32-x86_64\bin\zip.dll
0x00007ffdb4d40000 - 0x00007ffdb4d50000 	C:\Users\Admin\.antigravity\extensions\redhat.java-1.54.0-win32-x64\jre\21.0.10-win32-x86_64\bin\net.dll
0x00007ffdb94f0000 - 0x00007ffdb9617000 	C:\WINDOWS\SYSTEM32\WINHTTP.dll
0x00007ffdc39a0000 - 0x00007ffdc3a0b000 	C:\WINDOWS\system32\mswsock.dll
0x00007ffda9540000 - 0x00007ffda9556000 	C:\Users\Admin\.antigravity\extensions\redhat.java-1.54.0-win32-x64\jre\21.0.10-win32-x86_64\bin\nio.dll
0x00007ffdafcd0000 - 0x00007ffdafce0000 	C:\Users\Admin\.antigravity\extensions\redhat.java-1.54.0-win32-x64\jre\21.0.10-win32-x86_64\bin\verify.dll
0x00007ffd60f40000 - 0x00007ffd60f67000 	C:\Users\Admin\.gradle\native\1def1411415f61bf3af743bc5b6707747c0891f09f0c88961ee8f79bc544acac\windows-amd64\native-platform.dll
0x00007ffd2eb80000 - 0x00007ffd2ebf8000 	C:\Users\Admin\.gradle\native\0.2.7\x86_64-windows-gnu\gradle-fileevents.dll
0x00007ffdafe60000 - 0x00007ffdafe6a000 	C:\Users\Admin\.antigravity\extensions\redhat.java-1.54.0-win32-x64\jre\21.0.10-win32-x86_64\bin\management.dll
0x00007ffdafd50000 - 0x00007ffdafd5c000 	C:\Users\Admin\.antigravity\extensions\redhat.java-1.54.0-win32-x64\jre\21.0.10-win32-x86_64\bin\management_ext.dll
0x00007ffdc64d0000 - 0x00007ffdc64d8000 	C:\WINDOWS\System32\PSAPI.DLL
0x00007ffdc2e90000 - 0x00007ffdc2ec3000 	C:\WINDOWS\SYSTEM32\IPHLPAPI.DLL
0x00007ffdc65b0000 - 0x00007ffdc65ba000 	C:\WINDOWS\System32\NSI.dll
0x00007ffdabf50000 - 0x00007ffdabf59000 	C:\Users\Admin\.antigravity\extensions\redhat.java-1.54.0-win32-x64\jre\21.0.10-win32-x86_64\bin\extnet.dll
0x00007ffdc3da0000 - 0x00007ffdc3dbb000 	C:\WINDOWS\SYSTEM32\CRYPTSP.dll
0x00007ffdc33b0000 - 0x00007ffdc33e9000 	C:\WINDOWS\system32\rsaenh.dll
0x00007ffdc3a50000 - 0x00007ffdc3a82000 	C:\WINDOWS\SYSTEM32\USERENV.dll
0x00007ffdc45f0000 - 0x00007ffdc461a000 	C:\WINDOWS\SYSTEM32\bcrypt.dll
0x00007ffdc3c00000 - 0x00007ffdc3c0c000 	C:\WINDOWS\SYSTEM32\CRYPTBASE.dll
0x00007ffdaf120000 - 0x00007ffdaf12e000 	C:\Users\Admin\.antigravity\extensions\redhat.java-1.54.0-win32-x64\jre\21.0.10-win32-x86_64\bin\sunmscapi.dll
0x00007ffdc5770000 - 0x00007ffdc58e7000 	C:\WINDOWS\System32\CRYPT32.dll
0x00007ffdc3f00000 - 0x00007ffdc3f30000 	C:\WINDOWS\SYSTEM32\ncrypt.dll
0x00007ffdc3eb0000 - 0x00007ffdc3eef000 	C:\WINDOWS\SYSTEM32\NTASN1.dll
0x00007ffd96770000 - 0x00007ffd96778000 	C:\WINDOWS\system32\wshunix.dll

JVMTI agents:
C:\Users\Admin\.gradle\wrapper\dists\gradle-8.14.3-all\10utluxaxniiv4wxiphsi49nj\gradle-8.14.3\lib\agents\gradle-instrumentation-agent-8.14.3.jar path:C:\Users\Admin\.antigravity\extensions\redhat.java-1.54.0-win32-x64\jre\21.0.10-win32-x86_64\bin\instrument.dll, loaded, initialized, instrumentlib options:none

dbghelp: loaded successfully - version: 4.0.5 - missing functions: none
symbol engine: initialized successfully - sym options: 0x614 - pdb path: .;C:\Users\Admin\.antigravity\extensions\redhat.java-1.54.0-win32-x64\jre\21.0.10-win32-x86_64\bin;C:\WINDOWS\SYSTEM32;C:\WINDOWS\WinSxS\amd64_microsoft.windows.common-controls_6595b64144ccf1df_6.0.26100.8037_none_3e092faae333b53b;C:\Users\Admin\.antigravity\extensions\redhat.java-1.54.0-win32-x64\jre\21.0.10-win32-x86_64\bin\server;C:\Users\Admin\.gradle\native\1def1411415f61bf3af743bc5b6707747c0891f09f0c88961ee8f79bc544acac\windows-amd64;C:\Users\Admin\.gradle\native\0.2.7\x86_64-windows-gnu

VM Arguments:
jvm_args: --add-opens=java.base/java.lang=ALL-UNNAMED --add-opens=java.base/java.lang.invoke=ALL-UNNAMED --add-opens=java.base/java.util=ALL-UNNAMED --add-opens=java.prefs/java.util.prefs=ALL-UNNAMED --add-exports=jdk.compiler/com.sun.tools.javac.api=ALL-UNNAMED --add-exports=jdk.compiler/com.sun.tools.javac.util=ALL-UNNAMED --add-opens=java.base/java.util=ALL-UNNAMED --add-opens=java.prefs/java.util.prefs=ALL-UNNAMED --add-opens=java.base/java.nio.charset=ALL-UNNAMED --add-opens=java.base/java.net=ALL-UNNAMED --add-opens=java.base/java.util.concurrent.atomic=ALL-UNNAMED --add-opens=java.xml/javax.xml.namespace=ALL-UNNAMED -Xmx1536m -Dfile.encoding=UTF-8 -Duser.country=US -Duser.language=en -Duser.variant -javaagent:C:\Users\Admin\.gradle\wrapper\dists\gradle-8.14.3-all\10utluxaxniiv4wxiphsi49nj\gradle-8.14.3\lib\agents\gradle-instrumentation-agent-8.14.3.jar 
java_command: org.gradle.launcher.daemon.bootstrap.GradleDaemon 8.14.3
java_class_path (initial): C:\Users\Admin\.gradle\wrapper\dists\gradle-8.14.3-all\10utluxaxniiv4wxiphsi49nj\gradle-8.14.3\lib\gradle-daemon-main-8.14.3.jar
Launcher Type: SUN_STANDARD

[Global flags]
     intx CICompilerCount                          = 4                                         {product} {ergonomic}
     uint ConcGCThreads                            = 2                                         {product} {ergonomic}
     uint G1ConcRefinementThreads                  = 8                                         {product} {ergonomic}
   size_t G1HeapRegionSize                         = 1048576                                   {product} {ergonomic}
    uintx GCDrainStackTargetSize                   = 64                                        {product} {ergonomic}
   size_t InitialHeapSize                          = 132120576                                 {product} {ergonomic}
   size_t MarkStackSize                            = 4194304                                   {product} {ergonomic}
   size_t MaxHeapSize                              = 1610612736                                {product} {command line}
   size_t MaxNewSize                               = 965738496                                 {product} {ergonomic}
   size_t MinHeapDeltaBytes                        = 1048576                                   {product} {ergonomic}
   size_t MinHeapSize                              = 8388608                                   {product} {ergonomic}
    uintx NonNMethodCodeHeapSize                   = 5839372                                {pd product} {ergonomic}
    uintx NonProfiledCodeHeapSize                  = 122909434                              {pd product} {ergonomic}
    uintx ProfiledCodeHeapSize                     = 122909434                              {pd product} {ergonomic}
    uintx ReservedCodeCacheSize                    = 251658240                              {pd product} {ergonomic}
     bool SegmentedCodeCache                       = true                                      {product} {ergonomic}
   size_t SoftMaxHeapSize                          = 1610612736                             {manageable} {ergonomic}
     bool UseCompressedOops                        = true                           {product lp64_product} {ergonomic}
     bool UseG1GC                                  = true                                      {product} {ergonomic}
     bool UseLargePagesIndividualAllocation        = false                                  {pd product} {ergonomic}

Logging:
Log output configuration:
 #0: stdout all=warning uptime,level,tags foldmultilines=false
 #1: stderr all=off uptime,level,tags foldmultilines=false

Release file:
JAVA_VERSION="21.0.10" 
MODULES="java.base java.compiler java.datatransfer java.xml java.prefs java.desktop java.instrument java.logging java.management java.security.sasl java.naming java.rmi java.management.rmi java.net.http java.scripting java.security.jgss java.transaction.xa java.sql java.sql.rowset java.xml.crypto java.se java.smartcardio jdk.accessibility jdk.internal.jvmstat jdk.attach jdk.charsets jdk.internal.opt jdk.zipfs jdk.compiler jdk.crypto.ec jdk.crypto.cryptoki jdk.crypto.mscapi jdk.dynalink jdk.internal.ed jdk.editpad jdk.hotspot.agent jdk.httpserver jdk.internal.le jdk.internal.vm.ci jdk.internal.vm.compiler jdk.internal.vm.compiler.management jdk.jartool jdk.javadoc jdk.jcmd jdk.management jdk.management.agent jdk.jconsole jdk.jdeps jdk.jdwp.agent jdk.jdi jdk.jfr jdk.jshell jdk.jsobject jdk.jstatd jdk.localedata jdk.management.jfr jdk.naming.dns jdk.naming.rmi jdk.net jdk.nio.mapmode jdk.random jdk.sctp jdk.security.auth jdk.security.jgss jdk.unsupported jdk.unsupported.desktop jdk.xml.dom" 

Environment Variables:
PATH=C:\ProgramData\Oracle\Java\javapath;C:\WINDOWS\system32;C:\WINDOWS;C:\WINDOWS\System32\Wbem;C:\WINDOWS\System32\WindowsPowerShell\v1.0\;C:\WINDOWS\System32\OpenSSH\;C:\MinGW\bin;C:\Program Files\nodejs\;C:\Program Files\Git\cmd;C:\Program Files\cloudflared\;C:\Program Files (x86)\cloudflared\;C:\Users\Admin\.local\bin;C:\Users\Admin\AppData\Local\Microsoft\WindowsApps;C:\Users\Admin\AppData\Local\Programs\Microsoft VS Code\bin;C:\Users\Admin\AppData\Roaming\npm;C:\Users\Admin\AppData\Local\Programs\cursor\resources\app\bin;C:\Users\Admin\AppData\Local\Programs\Antigravity\bin
USERNAME=Admin
OS=Windows_NT
PROCESSOR_IDENTIFIER=Intel64 Family 6 Model 126 Stepping 5, GenuineIntel
TMP=C:\Users\Admin\AppData\Local\Temp
TEMP=C:\Users\Admin\AppData\Local\Temp




Periodic native trim disabled

---------------  S Y S T E M  ---------------

OS:
 Windows 11 , 64 bit Build 26100 (10.0.26100.7920)
OS uptime: 0 days 3:08 hours
Hyper-V role detected

CPU: total 8 (initial active 8) (4 cores per cpu, 2 threads per core) family 6 model 126 stepping 5 microcode 0xc2, cx8, cmov, fxsr, ht, mmx, 3dnowpref, sse, sse2, sse3, ssse3, sse4.1, sse4.2, popcnt, lzcnt, tsc, tscinvbit, avx, avx2, aes, erms, clmul, bmi1, bmi2, adx, avx512f, avx512dq, avx512cd, avx512bw, avx512vl, sha, fma, vzeroupper, avx512_vpopcntdq, avx512_vpclmulqdq, avx512_vaes, avx512_vnni, clflush, clflushopt, avx512_vbmi2, avx512_vbmi, hv, rdtscp, rdpid, fsrm, gfni, avx512_bitalg, f16c, avx512_ifma
Processor Information for the first 8 processors :
  Max Mhz: 1190, Current Mhz: 991, Mhz Limit: 987

Memory: 4k page, system-wide physical 7959M (541M free)
TotalPageFile size 32535M (AvailPageFile size 2M)
current process WorkingSet (physical memory assigned to process): 238M, peak: 252M
current process commit charge ("private bytes"): 275M, peak: 302M

vm_info: OpenJDK 64-Bit Server VM (21.0.10+7-LTS) for windows-amd64 JRE (21.0.10+7-LTS), built on 2026-01-20T00:00:00Z by "admin" with MS VC++ 17.12 (VS2022)

END.
